CRITICAL - 2022-02-17 07:23:01 --> syntax error, unexpected 'public' (T_PUBLIC)
#0 C:\wamp64\www\Local-Bio\system\Router\Router.php(175): CodeIgniter\Router\Router->autoRoute('users/connect')
#1 C:\wamp64\www\Local-Bio\system\CodeIgniter.php(719): CodeIgniter\Router\Router->handle('users/connect')
#2 C:\wamp64\www\Local-Bio\system\CodeIgniter.php(361): CodeIgniter\CodeIgniter->tryToRouteIt(Object(CodeIgniter\Router\RouteCollection))
#3 C:\wamp64\www\Local-Bio\system\CodeIgniter.php(320): CodeIgniter\CodeIgniter->handleRequest(NULL, Object(Config\Cache), false)
#4 C:\wamp64\www\Local-Bio\public\index.php(37): CodeIgniter\CodeIgniter->run()
#5 {main}
CRITICAL - 2022-02-17 07:23:41 --> syntax error, unexpected 'public' (T_PUBLIC), expecting end of file
#0 C:\wamp64\www\Local-Bio\system\Router\Router.php(175): CodeIgniter\Router\Router->autoRoute('users/connect')
#1 C:\wamp64\www\Local-Bio\system\CodeIgniter.php(719): CodeIgniter\Router\Router->handle('users/connect')
#2 C:\wamp64\www\Local-Bio\system\CodeIgniter.php(361): CodeIgniter\CodeIgniter->tryToRouteIt(Object(CodeIgniter\Router\RouteCollection))
#3 C:\wamp64\www\Local-Bio\system\CodeIgniter.php(320): CodeIgniter\CodeIgniter->handleRequest(NULL, Object(Config\Cache), false)
#4 C:\wamp64\www\Local-Bio\public\index.php(37): CodeIgniter\CodeIgniter->run()
#5 {main}
CRITICAL - 2022-02-17 07:23:47 --> Undefined variable: objUsersModel
#0 C:\wamp64\www\Local-Bio\app\Controllers\Users.php(46): CodeIgniter\Debug\Exceptions->errorHandler(8, 'Undefined varia...', 'C:\\wamp64\\www\\L...', 46, Array)
#1 C:\wamp64\www\Local-Bio\system\CodeIgniter.php(825): App\Controllers\Users->connect()
#2 C:\wamp64\www\Local-Bio\system\CodeIgniter.php(412): CodeIgniter\CodeIgniter->runController(Object(App\Controllers\Users))
#3 C:\wamp64\www\Local-Bio\system\CodeIgniter.php(320): CodeIgniter\CodeIgniter->handleRequest(NULL, Object(Config\Cache), false)
#4 C:\wamp64\www\Local-Bio\public\index.php(37): CodeIgniter\CodeIgniter->run()
#5 {main}
CRITICAL - 2022-02-17 07:24:51 --> Trying to access array offset on value of type null
#0 C:\wamp64\www\Local-Bio\app\Models\Users_model.php(39): CodeIgniter\Debug\Exceptions->errorHandler(8, 'Trying to acces...', 'C:\\wamp64\\www\\L...', 39, Array)
#1 C:\wamp64\www\Local-Bio\app\Controllers\Users.php(49): App\Models\Users_model->connect()
#2 C:\wamp64\www\Local-Bio\system\CodeIgniter.php(825): App\Controllers\Users->connect()
#3 C:\wamp64\www\Local-Bio\system\CodeIgniter.php(412): CodeIgniter\CodeIgniter->runController(Object(App\Controllers\Users))
#4 C:\wamp64\www\Local-Bio\system\CodeIgniter.php(320): CodeIgniter\CodeIgniter->handleRequest(NULL, Object(Config\Cache), false)
#5 C:\wamp64\www\Local-Bio\public\index.php(37): CodeIgniter\CodeIgniter->run()
#6 {main}
CRITICAL - 2022-02-17 07:30:33 --> Argument 3 passed to CodeIgniter\HTTP\Request::fetchGlobal() must be of the type int or null, string given, called in C:\wamp64\www\Local-Bio\system\HTTP\IncomingRequest.php on line 602
#0 C:\wamp64\www\Local-Bio\system\HTTP\IncomingRequest.php(602): CodeIgniter\HTTP\Request->fetchGlobal('post', 'user_password', 'user_email', NULL)
#1 C:\wamp64\www\Local-Bio\app\Controllers\Users.php(48): CodeIgniter\HTTP\IncomingRequest->getPost('user_password', 'user_email')
#2 C:\wamp64\www\Local-Bio\system\CodeIgniter.php(825): App\Controllers\Users->connect()
#3 C:\wamp64\www\Local-Bio\system\CodeIgniter.php(412): CodeIgniter\CodeIgniter->runController(Object(App\Controllers\Users))
#4 C:\wamp64\www\Local-Bio\system\CodeIgniter.php(320): CodeIgniter\CodeIgniter->handleRequest(NULL, Object(Config\Cache), false)
#5 C:\wamp64\www\Local-Bio\public\index.php(37): CodeIgniter\CodeIgniter->run()
#6 {main}
CRITICAL - 2022-02-17 07:30:52 --> Argument 3 passed to CodeIgniter\HTTP\Request::fetchGlobal() must be of the type int or null, string given, called in C:\wamp64\www\Local-Bio\system\HTTP\IncomingRequest.php on line 602
#0 C:\wamp64\www\Local-Bio\system\HTTP\IncomingRequest.php(602): CodeIgniter\HTTP\Request->fetchGlobal('post', 'user_password', 'user_email', NULL)
#1 C:\wamp64\www\Local-Bio\app\Controllers\Users.php(48): CodeIgniter\HTTP\IncomingRequest->getPost('user_password', 'user_email')
#2 C:\wamp64\www\Local-Bio\system\CodeIgniter.php(825): App\Controllers\Users->connect()
#3 C:\wamp64\www\Local-Bio\system\CodeIgniter.php(412): CodeIgniter\CodeIgniter->runController(Object(App\Controllers\Users))
#4 C:\wamp64\www\Local-Bio\system\CodeIgniter.php(320): CodeIgniter\CodeIgniter->handleRequest(NULL, Object(Config\Cache), false)
#5 C:\wamp64\www\Local-Bio\public\index.php(37): CodeIgniter\CodeIgniter->run()
#6 {main}
CRITICAL - 2022-02-17 07:37:18 --> syntax error, unexpected 'var_dump' (T_STRING)
#0 C:\wamp64\www\Local-Bio\system\Router\Router.php(175): CodeIgniter\Router\Router->autoRoute('users/connect')
#1 C:\wamp64\www\Local-Bio\system\CodeIgniter.php(719): CodeIgniter\Router\Router->handle('users/connect')
#2 C:\wamp64\www\Local-Bio\system\CodeIgniter.php(361): CodeIgniter\CodeIgniter->tryToRouteIt(Object(CodeIgniter\Router\RouteCollection))
#3 C:\wamp64\www\Local-Bio\system\CodeIgniter.php(320): CodeIgniter\CodeIgniter->handleRequest(NULL, Object(Config\Cache), false)
#4 C:\wamp64\www\Local-Bio\public\index.php(37): CodeIgniter\CodeIgniter->run()
#5 {main}
CRITICAL - 2022-02-17 07:37:33 --> Argument 3 passed to CodeIgniter\HTTP\Request::fetchGlobal() must be of the type int or null, string given, called in C:\wamp64\www\Local-Bio\system\HTTP\IncomingRequest.php on line 602
#0 C:\wamp64\www\Local-Bio\system\HTTP\IncomingRequest.php(602): CodeIgniter\HTTP\Request->fetchGlobal('post', 'user_password', 'user_email', NULL)
#1 C:\wamp64\www\Local-Bio\app\Controllers\Users.php(48): CodeIgniter\HTTP\IncomingRequest->getPost('user_password', 'user_email')
#2 C:\wamp64\www\Local-Bio\system\CodeIgniter.php(825): App\Controllers\Users->connect()
#3 C:\wamp64\www\Local-Bio\system\CodeIgniter.php(412): CodeIgniter\CodeIgniter->runController(Object(App\Controllers\Users))
#4 C:\wamp64\www\Local-Bio\system\CodeIgniter.php(320): CodeIgniter\CodeIgniter->handleRequest(NULL, Object(Config\Cache), false)
#5 C:\wamp64\www\Local-Bio\public\index.php(37): CodeIgniter\CodeIgniter->run()
#6 {main}
CRITICAL - 2022-02-17 07:40:04 --> Argument 3 passed to CodeIgniter\HTTP\Request::fetchGlobal() must be of the type int or null, string given, called in C:\wamp64\www\Local-Bio\system\HTTP\IncomingRequest.php on line 602
#0 C:\wamp64\www\Local-Bio\system\HTTP\IncomingRequest.php(602): CodeIgniter\HTTP\Request->fetchGlobal('post', 'user_password', 'user_email', NULL)
#1 C:\wamp64\www\Local-Bio\app\Controllers\Users.php(48): CodeIgniter\HTTP\IncomingRequest->getPost('user_password', 'user_email')
#2 C:\wamp64\www\Local-Bio\system\CodeIgniter.php(825): App\Controllers\Users->connect()
#3 C:\wamp64\www\Local-Bio\system\CodeIgniter.php(412): CodeIgniter\CodeIgniter->runController(Object(App\Controllers\Users))
#4 C:\wamp64\www\Local-Bio\system\CodeIgniter.php(320): CodeIgniter\CodeIgniter->handleRequest(NULL, Object(Config\Cache), false)
#5 C:\wamp64\www\Local-Bio\public\index.php(37): CodeIgniter\CodeIgniter->run()
#6 {main}
CRITICAL - 2022-02-17 07:40:16 --> Argument 3 passed to CodeIgniter\HTTP\Request::fetchGlobal() must be of the type int or null, string given, called in C:\wamp64\www\Local-Bio\system\HTTP\IncomingRequest.php on line 602
#0 C:\wamp64\www\Local-Bio\system\HTTP\IncomingRequest.php(602): CodeIgniter\HTTP\Request->fetchGlobal('post', 'user_password', 'user_email', NULL)
#1 C:\wamp64\www\Local-Bio\app\Controllers\Users.php(48): CodeIgniter\HTTP\IncomingRequest->getPost('user_password', 'user_email')
#2 C:\wamp64\www\Local-Bio\system\CodeIgniter.php(825): App\Controllers\Users->connect()
#3 C:\wamp64\www\Local-Bio\system\CodeIgniter.php(412): CodeIgniter\CodeIgniter->runController(Object(App\Controllers\Users))
#4 C:\wamp64\www\Local-Bio\system\CodeIgniter.php(320): CodeIgniter\CodeIgniter->handleRequest(NULL, Object(Config\Cache), false)
#5 C:\wamp64\www\Local-Bio\public\index.php(37): CodeIgniter\CodeIgniter->run()
#6 {main}
CRITICAL - 2022-02-17 07:41:18 --> Use of undefined constant user_email - assumed 'user_email' (this will throw an Error in a future version of PHP)
#0 C:\wamp64\www\Local-Bio\app\Controllers\Users.php(49): CodeIgniter\Debug\Exceptions->errorHandler(2, 'Use of undefine...', 'C:\\wamp64\\www\\L...', 49, Array)
#1 C:\wamp64\www\Local-Bio\system\CodeIgniter.php(825): App\Controllers\Users->connect()
#2 C:\wamp64\www\Local-Bio\system\CodeIgniter.php(412): CodeIgniter\CodeIgniter->runController(Object(App\Controllers\Users))
#3 C:\wamp64\www\Local-Bio\system\CodeIgniter.php(320): CodeIgniter\CodeIgniter->handleRequest(NULL, Object(Config\Cache), false)
#4 C:\wamp64\www\Local-Bio\public\index.php(37): CodeIgniter\CodeIgniter->run()
#5 {main}
CRITICAL - 2022-02-17 07:41:24 --> Use of undefined constant user_email - assumed 'user_email' (this will throw an Error in a future version of PHP)
#0 C:\wamp64\www\Local-Bio\app\Controllers\Users.php(49): CodeIgniter\Debug\Exceptions->errorHandler(2, 'Use of undefine...', 'C:\\wamp64\\www\\L...', 49, Array)
#1 C:\wamp64\www\Local-Bio\system\CodeIgniter.php(825): App\Controllers\Users->connect()
#2 C:\wamp64\www\Local-Bio\system\CodeIgniter.php(412): CodeIgniter\CodeIgniter->runController(Object(App\Controllers\Users))
#3 C:\wamp64\www\Local-Bio\system\CodeIgniter.php(320): CodeIgniter\CodeIgniter->handleRequest(NULL, Object(Config\Cache), false)
#4 C:\wamp64\www\Local-Bio\public\index.php(37): CodeIgniter\CodeIgniter->run()
#5 {main}
CRITICAL - 2022-02-17 07:44:22 --> Undefined variable: userconnect
#0 C:\wamp64\www\Local-Bio\app\Controllers\Users.php(50): CodeIgniter\Debug\Exceptions->errorHandler(8, 'Undefined varia...', 'C:\\wamp64\\www\\L...', 50, Array)
#1 C:\wamp64\www\Local-Bio\system\CodeIgniter.php(825): App\Controllers\Users->connect()
#2 C:\wamp64\www\Local-Bio\system\CodeIgniter.php(412): CodeIgniter\CodeIgniter->runController(Object(App\Controllers\Users))
#3 C:\wamp64\www\Local-Bio\system\CodeIgniter.php(320): CodeIgniter\CodeIgniter->handleRequest(NULL, Object(Config\Cache), false)
#4 C:\wamp64\www\Local-Bio\public\index.php(37): CodeIgniter\CodeIgniter->run()
#5 {main}
CRITICAL - 2022-02-17 07:45:59 --> Call to a member function getPost() on null
#0 C:\wamp64\www\Local-Bio\app\Controllers\Users.php(48): App\Models\Users_model->login()
#1 C:\wamp64\www\Local-Bio\system\CodeIgniter.php(825): App\Controllers\Users->connect()
#2 C:\wamp64\www\Local-Bio\system\CodeIgniter.php(412): CodeIgniter\CodeIgniter->runController(Object(App\Controllers\Users))
#3 C:\wamp64\www\Local-Bio\system\CodeIgniter.php(320): CodeIgniter\CodeIgniter->handleRequest(NULL, Object(Config\Cache), false)
#4 C:\wamp64\www\Local-Bio\public\index.php(37): CodeIgniter\CodeIgniter->run()
#5 {main}
CRITICAL - 2022-02-17 07:46:07 --> Call to a member function getPost() on null
#0 C:\wamp64\www\Local-Bio\app\Controllers\Users.php(48): App\Models\Users_model->login()
#1 C:\wamp64\www\Local-Bio\system\CodeIgniter.php(825): App\Controllers\Users->connect()
#2 C:\wamp64\www\Local-Bio\system\CodeIgniter.php(412): CodeIgniter\CodeIgniter->runController(Object(App\Controllers\Users))
#3 C:\wamp64\www\Local-Bio\system\CodeIgniter.php(320): CodeIgniter\CodeIgniter->handleRequest(NULL, Object(Config\Cache), false)
#4 C:\wamp64\www\Local-Bio\public\index.php(37): CodeIgniter\CodeIgniter->run()
#5 {main}
CRITICAL - 2022-02-17 07:46:34 --> Call to a member function getPost() on null
#0 C:\wamp64\www\Local-Bio\app\Controllers\Users.php(48): App\Models\Users_model->login()
#1 C:\wamp64\www\Local-Bio\system\CodeIgniter.php(825): App\Controllers\Users->connect()
#2 C:\wamp64\www\Local-Bio\system\CodeIgniter.php(412): CodeIgniter\CodeIgniter->runController(Object(App\Controllers\Users))
#3 C:\wamp64\www\Local-Bio\system\CodeIgniter.php(320): CodeIgniter\CodeIgniter->handleRequest(NULL, Object(Config\Cache), false)
#4 C:\wamp64\www\Local-Bio\public\index.php(37): CodeIgniter\CodeIgniter->run()
#5 {main}
CRITICAL - 2022-02-17 07:46:47 --> Call to a member function getPost() on null
#0 C:\wamp64\www\Local-Bio\app\Controllers\Users.php(48): App\Models\Users_model->login()
#1 C:\wamp64\www\Local-Bio\system\CodeIgniter.php(825): App\Controllers\Users->connect()
#2 C:\wamp64\www\Local-Bio\system\CodeIgniter.php(412): CodeIgniter\CodeIgniter->runController(Object(App\Controllers\Users))
#3 C:\wamp64\www\Local-Bio\system\CodeIgniter.php(320): CodeIgniter\CodeIgniter->handleRequest(NULL, Object(Config\Cache), false)
#4 C:\wamp64\www\Local-Bio\public\index.php(37): CodeIgniter\CodeIgniter->run()
#5 {main}
CRITICAL - 2022-02-17 07:47:17 --> Call to a member function getPost() on null
#0 C:\wamp64\www\Local-Bio\app\Controllers\Users.php(48): App\Models\Users_model->login()
#1 C:\wamp64\www\Local-Bio\system\CodeIgniter.php(825): App\Controllers\Users->connect()
#2 C:\wamp64\www\Local-Bio\system\CodeIgniter.php(412): CodeIgniter\CodeIgniter->runController(Object(App\Controllers\Users))
#3 C:\wamp64\www\Local-Bio\system\CodeIgniter.php(320): CodeIgniter\CodeIgniter->handleRequest(NULL, Object(Config\Cache), false)
#4 C:\wamp64\www\Local-Bio\public\index.php(37): CodeIgniter\CodeIgniter->run()
#5 {main}
CRITICAL - 2022-02-17 07:47:40 --> Call to a member function getPost() on null
#0 C:\wamp64\www\Local-Bio\app\Controllers\Users.php(48): App\Models\Users_model->login()
#1 C:\wamp64\www\Local-Bio\system\CodeIgniter.php(825): App\Controllers\Users->connect()
#2 C:\wamp64\www\Local-Bio\system\CodeIgniter.php(412): CodeIgniter\CodeIgniter->runController(Object(App\Controllers\Users))
#3 C:\wamp64\www\Local-Bio\system\CodeIgniter.php(320): CodeIgniter\CodeIgniter->handleRequest(NULL, Object(Config\Cache), false)
#4 C:\wamp64\www\Local-Bio\public\index.php(37): CodeIgniter\CodeIgniter->run()
#5 {main}
CRITICAL - 2022-02-17 07:48:42 --> Call to a member function getPost() on null
#0 C:\wamp64\www\Local-Bio\app\Controllers\Users.php(49): App\Models\Users_model->login()
#1 C:\wamp64\www\Local-Bio\system\CodeIgniter.php(825): App\Controllers\Users->connect()
#2 C:\wamp64\www\Local-Bio\system\CodeIgniter.php(412): CodeIgniter\CodeIgniter->runController(Object(App\Controllers\Users))
#3 C:\wamp64\www\Local-Bio\system\CodeIgniter.php(320): CodeIgniter\CodeIgniter->handleRequest(NULL, Object(Config\Cache), false)
#4 C:\wamp64\www\Local-Bio\public\index.php(37): CodeIgniter\CodeIgniter->run()
#5 {main}
CRITICAL - 2022-02-17 07:49:48 --> Call to a member function getPost() on null
#0 C:\wamp64\www\Local-Bio\app\Controllers\Users.php(49): App\Models\Users_model->login()
#1 C:\wamp64\www\Local-Bio\system\CodeIgniter.php(825): App\Controllers\Users->connect()
#2 C:\wamp64\www\Local-Bio\system\CodeIgniter.php(412): CodeIgniter\CodeIgniter->runController(Object(App\Controllers\Users))
#3 C:\wamp64\www\Local-Bio\system\CodeIgniter.php(320): CodeIgniter\CodeIgniter->handleRequest(NULL, Object(Config\Cache), false)
#4 C:\wamp64\www\Local-Bio\public\index.php(37): CodeIgniter\CodeIgniter->run()
#5 {main}
CRITICAL - 2022-02-17 07:50:35 --> Call to a member function getPost() on null
#0 C:\wamp64\www\Local-Bio\app\Controllers\Users.php(49): App\Models\Users_model->login()
#1 C:\wamp64\www\Local-Bio\system\CodeIgniter.php(825): App\Controllers\Users->connect()
#2 C:\wamp64\www\Local-Bio\system\CodeIgniter.php(412): CodeIgniter\CodeIgniter->runController(Object(App\Controllers\Users))
#3 C:\wamp64\www\Local-Bio\system\CodeIgniter.php(320): CodeIgniter\CodeIgniter->handleRequest(NULL, Object(Config\Cache), false)
#4 C:\wamp64\www\Local-Bio\public\index.php(37): CodeIgniter\CodeIgniter->run()
#5 {main}
CRITICAL - 2022-02-17 07:52:36 --> Object of class CodeIgniter\HTTP\IncomingRequest could not be converted to string
#0 C:\wamp64\www\Local-Bio\system\CodeIgniter.php(825): App\Controllers\Users->connect()
#1 C:\wamp64\www\Local-Bio\system\CodeIgniter.php(412): CodeIgniter\CodeIgniter->runController(Object(App\Controllers\Users))
#2 C:\wamp64\www\Local-Bio\system\CodeIgniter.php(320): CodeIgniter\CodeIgniter->handleRequest(NULL, Object(Config\Cache), false)
#3 C:\wamp64\www\Local-Bio\public\index.php(37): CodeIgniter\CodeIgniter->run()
#4 {main}
CRITICAL - 2022-02-17 07:52:39 --> Object of class CodeIgniter\HTTP\IncomingRequest could not be converted to string
#0 C:\wamp64\www\Local-Bio\system\CodeIgniter.php(825): App\Controllers\Users->connect()
#1 C:\wamp64\www\Local-Bio\system\CodeIgniter.php(412): CodeIgniter\CodeIgniter->runController(Object(App\Controllers\Users))
#2 C:\wamp64\www\Local-Bio\system\CodeIgniter.php(320): CodeIgniter\CodeIgniter->handleRequest(NULL, Object(Config\Cache), false)
#3 C:\wamp64\www\Local-Bio\public\index.php(37): CodeIgniter\CodeIgniter->run()
#4 {main}
CRITICAL - 2022-02-17 07:53:19 --> Object of class CodeIgniter\HTTP\IncomingRequest could not be converted to string
#0 C:\wamp64\www\Local-Bio\system\CodeIgniter.php(825): App\Controllers\Users->connect()
#1 C:\wamp64\www\Local-Bio\system\CodeIgniter.php(412): CodeIgniter\CodeIgniter->runController(Object(App\Controllers\Users))
#2 C:\wamp64\www\Local-Bio\system\CodeIgniter.php(320): CodeIgniter\CodeIgniter->handleRequest(NULL, Object(Config\Cache), false)
#3 C:\wamp64\www\Local-Bio\public\index.php(37): CodeIgniter\CodeIgniter->run()
#4 {main}
CRITICAL - 2022-02-17 07:53:40 --> Call to a member function getPost() on null
#0 C:\wamp64\www\Local-Bio\app\Controllers\Users.php(49): App\Models\Users_model->login()
#1 C:\wamp64\www\Local-Bio\system\CodeIgniter.php(825): App\Controllers\Users->connect()
#2 C:\wamp64\www\Local-Bio\system\CodeIgniter.php(412): CodeIgniter\CodeIgniter->runController(Object(App\Controllers\Users))
#3 C:\wamp64\www\Local-Bio\system\CodeIgniter.php(320): CodeIgniter\CodeIgniter->handleRequest(NULL, Object(Config\Cache), false)
#4 C:\wamp64\www\Local-Bio\public\index.php(37): CodeIgniter\CodeIgniter->run()
#5 {main}
CRITICAL - 2022-02-17 07:59:06 --> Syntax error in template "file:C:\wamp64\www\Local-Bio\app\Views\create.tpl"  on line 1 "{hi}" unknown tag 'hi'
#0 C:\wamp64\www\Local-Bio\app\smarty\libs\sysplugins\smarty_internal_templatecompilerbase.php(1741): Smarty_Internal_TemplateCompilerBase->trigger_template_error('unknown tag 'hi...', 1, true)
#1 C:\wamp64\www\Local-Bio\app\smarty\libs\sysplugins\smarty_internal_templatecompilerbase.php(553): Smarty_Internal_TemplateCompilerBase->compileTag2('hi', Array, Array)
#2 C:\wamp64\www\Local-Bio\app\smarty\libs\sysplugins\smarty_internal_templateparser.php(2104): Smarty_Internal_TemplateCompilerBase->compileTag('hi', Array)
#3 C:\wamp64\www\Local-Bio\app\smarty\libs\sysplugins\smarty_internal_templateparser.php(2777): Smarty_Internal_Templateparser->yy_r12()
#4 C:\wamp64\www\Local-Bio\app\smarty\libs\sysplugins\smarty_internal_templateparser.php(2872): Smarty_Internal_Templateparser->yy_reduce(12)
#5 C:\wamp64\www\Local-Bio\app\smarty\libs\sysplugins\smarty_internal_smartytemplatecompiler.php(131): Smarty_Internal_Templateparser->doParse(0, 0)
#6 C:\wamp64\www\Local-Bio\app\smarty\libs\sysplugins\smarty_internal_templatecompilerbase.php(469): Smarty_Internal_SmartyTemplateCompiler->doCompile('{hi}', true)
#7 C:\wamp64\www\Local-Bio\app\smarty\libs\sysplugins\smarty_internal_templatecompilerbase.php(395): Smarty_Internal_TemplateCompilerBase->compileTemplateSource(Object(Smarty_Internal_Template), false, NULL)
#8 C:\wamp64\www\Local-Bio\app\smarty\libs\sysplugins\smarty_template_compiled.php(184): Smarty_Internal_TemplateCompilerBase->compileTemplate(Object(Smarty_Internal_Template))
#9 C:\wamp64\www\Local-Bio\app\smarty\libs\sysplugins\smarty_template_compiled.php(141): Smarty_Template_Compiled->compileTemplateSource(Object(Smarty_Internal_Template))
#10 C:\wamp64\www\Local-Bio\app\smarty\libs\sysplugins\smarty_template_compiled.php(105): Smarty_Template_Compiled->process(Object(Smarty_Internal_Template))
#11 C:\wamp64\www\Local-Bio\app\smarty\libs\sysplugins\smarty_internal_template.php(216): Smarty_Template_Compiled->render(Object(Smarty_Internal_Template))
#12 C:\wamp64\www\Local-Bio\app\smarty\libs\sysplugins\smarty_internal_templatebase.php(238): Smarty_Internal_Template->render(false, 1)
#13 C:\wamp64\www\Local-Bio\app\smarty\libs\sysplugins\smarty_internal_templatebase.php(134): Smarty_Internal_TemplateBase->_execute(Object(Smarty_Internal_Template), NULL, NULL, NULL, 1)
#14 C:\wamp64\www\Local-Bio\app\Controllers\BaseController.php(72): Smarty_Internal_TemplateBase->display('create.tpl')
#15 C:\wamp64\www\Local-Bio\app\Controllers\Users.php(59): App\Controllers\BaseController->display('create.tpl')
#16 C:\wamp64\www\Local-Bio\system\CodeIgniter.php(825): App\Controllers\Users->create()
#17 C:\wamp64\www\Local-Bio\system\CodeIgniter.php(412): CodeIgniter\CodeIgniter->runController(Object(App\Controllers\Users))
#18 C:\wamp64\www\Local-Bio\system\CodeIgniter.php(320): CodeIgniter\CodeIgniter->handleRequest(NULL, Object(Config\Cache), false)
#19 C:\wamp64\www\Local-Bio\public\index.php(37): CodeIgniter\CodeIgniter->run()
#20 {main}
CRITICAL - 2022-02-17 07:59:34 --> Undefined index: title
#0 C:\wamp64\www\Local-Bio\writable\cache\templates_c\50d1980b7fa5fa2ee20d49a7b8bee2367a2dcb90_0.file.header.tpl.php(41): CodeIgniter\Debug\Exceptions->errorHandler(8, 'Undefined index...', 'C:\\wamp64\\www\\L...', 41, Array)
#1 C:\wamp64\www\Local-Bio\app\smarty\libs\sysplugins\smarty_template_resource_base.php(123): content_620d40ffe9a8d4_88580795(Object(Smarty_Internal_Template))
#2 C:\wamp64\www\Local-Bio\app\smarty\libs\sysplugins\smarty_template_compiled.php(114): Smarty_Template_Resource_Base->getRenderedTemplateCode(Object(Smarty_Internal_Template))
#3 C:\wamp64\www\Local-Bio\app\smarty\libs\sysplugins\smarty_internal_template.php(216): Smarty_Template_Compiled->render(Object(Smarty_Internal_Template))
#4 C:\wamp64\www\Local-Bio\app\smarty\libs\sysplugins\smarty_internal_template.php(385): Smarty_Internal_Template->render()
#5 C:\wamp64\www\Local-Bio\writable\cache\templates_c\cfd4c613c8df35d7c954cf754ee3857e80ca1868_0.file.layout.tpl.php(28): Smarty_Internal_Template->_subTemplateRender('file:header.tpl', NULL, NULL, 0, 3600, Array, 0, false)
#6 C:\wamp64\www\Local-Bio\app\smarty\libs\sysplugins\smarty_template_resource_base.php(123): content_620cc8e90cb783_58494973(Object(Smarty_Internal_Template))
#7 C:\wamp64\www\Local-Bio\app\smarty\libs\sysplugins\smarty_template_compiled.php(114): Smarty_Template_Resource_Base->getRenderedTemplateCode(Object(Smarty_Internal_Template))
#8 C:\wamp64\www\Local-Bio\app\smarty\libs\sysplugins\smarty_internal_template.php(216): Smarty_Template_Compiled->render(Object(Smarty_Internal_Template))
#9 C:\wamp64\www\Local-Bio\app\smarty\libs\sysplugins\smarty_internal_template.php(385): Smarty_Internal_Template->render()
#10 C:\wamp64\www\Local-Bio\app\smarty\libs\sysplugins\smarty_internal_runtime_inheritance.php(116): Smarty_Internal_Template->_subTemplateRender('layout.tpl', NULL, NULL, 0, 3600, Array, 2, false, NULL, NULL)
#11 C:\wamp64\www\Local-Bio\writable\cache\templates_c\bdb99d119d426bb3e176930cd48a6d881c132342_0.file.create.tpl.php(37): Smarty_Internal_Runtime_Inheritance->endChild(Object(Smarty_Internal_Template), 'layout.tpl')
#12 C:\wamp64\www\Local-Bio\app\smarty\libs\sysplugins\smarty_template_resource_base.php(123): content_620e54c6b1e740_44984711(Object(Smarty_Internal_Template))
#13 C:\wamp64\www\Local-Bio\app\smarty\libs\sysplugins\smarty_template_compiled.php(114): Smarty_Template_Resource_Base->getRenderedTemplateCode(Object(Smarty_Internal_Template))
#14 C:\wamp64\www\Local-Bio\app\smarty\libs\sysplugins\smarty_internal_template.php(216): Smarty_Template_Compiled->render(Object(Smarty_Internal_Template))
#15 C:\wamp64\www\Local-Bio\app\smarty\libs\sysplugins\smarty_internal_templatebase.php(238): Smarty_Internal_Template->render(false, 1)
#16 C:\wamp64\www\Local-Bio\app\smarty\libs\sysplugins\smarty_internal_templatebase.php(134): Smarty_Internal_TemplateBase->_execute(Object(Smarty_Internal_Template), NULL, NULL, NULL, 1)
#17 C:\wamp64\www\Local-Bio\app\Controllers\BaseController.php(72): Smarty_Internal_TemplateBase->display('create.tpl')
#18 C:\wamp64\www\Local-Bio\app\Controllers\Users.php(59): App\Controllers\BaseController->display('create.tpl')
#19 C:\wamp64\www\Local-Bio\system\CodeIgniter.php(825): App\Controllers\Users->create()
#20 C:\wamp64\www\Local-Bio\system\CodeIgniter.php(412): CodeIgniter\CodeIgniter->runController(Object(App\Controllers\Users))
#21 C:\wamp64\www\Local-Bio\system\CodeIgniter.php(320): CodeIgniter\CodeIgniter->handleRequest(NULL, Object(Config\Cache), false)
#22 C:\wamp64\www\Local-Bio\public\index.php(37): CodeIgniter\CodeIgniter->run()
#23 {main}
CRITICAL - 2022-02-17 08:21:02 --> Call to a member function getPost() on null
#0 C:\wamp64\www\Local-Bio\app\Controllers\Users.php(49): App\Models\Users_model->login()
#1 C:\wamp64\www\Local-Bio\system\CodeIgniter.php(825): App\Controllers\Users->connect()
#2 C:\wamp64\www\Local-Bio\system\CodeIgniter.php(412): CodeIgniter\CodeIgniter->runController(Object(App\Controllers\Users))
#3 C:\wamp64\www\Local-Bio\system\CodeIgniter.php(320): CodeIgniter\CodeIgniter->handleRequest(NULL, Object(Config\Cache), false)
#4 C:\wamp64\www\Local-Bio\public\index.php(37): CodeIgniter\CodeIgniter->run()
#5 {main}
ERROR - 2022-02-17 08:38:05 --> Cannot add or update a child row: a foreign key constraint fails (`local-bio`.`user`, CONSTRAINT `user_ibfk_1` FOREIGN KEY (`city_id`) REFERENCES `city` (`city_id`))
CRITICAL - 2022-02-17 08:38:05 --> Cannot add or update a child row: a foreign key constraint fails (`local-bio`.`user`, CONSTRAINT `user_ibfk_1` FOREIGN KEY (`city_id`) REFERENCES `city` (`city_id`))
#0 C:\wamp64\www\Local-Bio\system\Database\MySQLi\Connection.php(292): mysqli->query('INSERT INTO `us...', 0)
#1 C:\wamp64\www\Local-Bio\system\Database\BaseConnection.php(670): CodeIgniter\Database\MySQLi\Connection->execute('INSERT INTO `us...')
#2 C:\wamp64\www\Local-Bio\system\Database\BaseConnection.php(598): CodeIgniter\Database\BaseConnection->simpleQuery('INSERT INTO `us...')
#3 C:\wamp64\www\Local-Bio\system\Database\BaseBuilder.php(1771): CodeIgniter\Database\BaseConnection->query('INSERT INTO `us...', Array, false)
#4 C:\wamp64\www\Local-Bio\system\Model.php(239): CodeIgniter\Database\BaseBuilder->insert()
#5 C:\wamp64\www\Local-Bio\system\BaseModel.php(738): CodeIgniter\Model->doInsert(Array)
#6 C:\wamp64\www\Local-Bio\system\Model.php(625): CodeIgniter\BaseModel->insert(Array, false)
#7 C:\wamp64\www\Local-Bio\system\BaseModel.php(658): CodeIgniter\Model->insert(Object(App\Entities\Users_entity), false)
#8 C:\wamp64\www\Local-Bio\app\Controllers\Users.php(74): CodeIgniter\BaseModel->save(Object(App\Entities\Users_entity))
#9 C:\wamp64\www\Local-Bio\system\CodeIgniter.php(825): App\Controllers\Users->create()
#10 C:\wamp64\www\Local-Bio\system\CodeIgniter.php(412): CodeIgniter\CodeIgniter->runController(Object(App\Controllers\Users))
#11 C:\wamp64\www\Local-Bio\system\CodeIgniter.php(320): CodeIgniter\CodeIgniter->handleRequest(NULL, Object(Config\Cache), false)
#12 C:\wamp64\www\Local-Bio\public\index.php(37): CodeIgniter\CodeIgniter->run()
#13 {main}
ERROR - 2022-02-17 08:38:19 --> Cannot add or update a child row: a foreign key constraint fails (`local-bio`.`user`, CONSTRAINT `user_ibfk_1` FOREIGN KEY (`city_id`) REFERENCES `city` (`city_id`))
CRITICAL - 2022-02-17 08:38:19 --> Cannot add or update a child row: a foreign key constraint fails (`local-bio`.`user`, CONSTRAINT `user_ibfk_1` FOREIGN KEY (`city_id`) REFERENCES `city` (`city_id`))
#0 C:\wamp64\www\Local-Bio\system\Database\MySQLi\Connection.php(292): mysqli->query('INSERT INTO `us...', 0)
#1 C:\wamp64\www\Local-Bio\system\Database\BaseConnection.php(670): CodeIgniter\Database\MySQLi\Connection->execute('INSERT INTO `us...')
#2 C:\wamp64\www\Local-Bio\system\Database\BaseConnection.php(598): CodeIgniter\Database\BaseConnection->simpleQuery('INSERT INTO `us...')
#3 C:\wamp64\www\Local-Bio\system\Database\BaseBuilder.php(1771): CodeIgniter\Database\BaseConnection->query('INSERT INTO `us...', Array, false)
#4 C:\wamp64\www\Local-Bio\system\Model.php(239): CodeIgniter\Database\BaseBuilder->insert()
#5 C:\wamp64\www\Local-Bio\system\BaseModel.php(738): CodeIgniter\Model->doInsert(Array)
#6 C:\wamp64\www\Local-Bio\system\Model.php(625): CodeIgniter\BaseModel->insert(Array, false)
#7 C:\wamp64\www\Local-Bio\system\BaseModel.php(658): CodeIgniter\Model->insert(Object(App\Entities\Users_entity), false)
#8 C:\wamp64\www\Local-Bio\app\Controllers\Users.php(74): CodeIgniter\BaseModel->save(Object(App\Entities\Users_entity))
#9 C:\wamp64\www\Local-Bio\system\CodeIgniter.php(825): App\Controllers\Users->create()
#10 C:\wamp64\www\Local-Bio\system\CodeIgniter.php(412): CodeIgniter\CodeIgniter->runController(Object(App\Controllers\Users))
#11 C:\wamp64\www\Local-Bio\system\CodeIgniter.php(320): CodeIgniter\CodeIgniter->handleRequest(NULL, Object(Config\Cache), false)
#12 C:\wamp64\www\Local-Bio\public\index.php(37): CodeIgniter\CodeIgniter->run()
#13 {main}
CRITICAL - 2022-02-17 08:41:40 --> Call to a member function getPost() on null
#0 C:\wamp64\www\Local-Bio\app\Controllers\Users.php(49): App\Models\Users_model->login()
#1 C:\wamp64\www\Local-Bio\system\CodeIgniter.php(825): App\Controllers\Users->connect()
#2 C:\wamp64\www\Local-Bio\system\CodeIgniter.php(412): CodeIgniter\CodeIgniter->runController(Object(App\Controllers\Users))
#3 C:\wamp64\www\Local-Bio\system\CodeIgniter.php(320): CodeIgniter\CodeIgniter->handleRequest(NULL, Object(Config\Cache), false)
#4 C:\wamp64\www\Local-Bio\public\index.php(37): CodeIgniter\CodeIgniter->run()
#5 {main}
CRITICAL - 2022-02-17 08:51:58 --> Syntax error in template "file:C:\wamp64\www\Local-Bio\app\Views\create.tpl"  on line 10 "{if count($arrErrors) > 0){"  - Unexpected ")", expected one of: "}"
#0 C:\wamp64\www\Local-Bio\app\smarty\libs\sysplugins\smarty_internal_templateparser.php(2819): Smarty_Internal_TemplateCompilerBase->trigger_template_error()
#1 C:\wamp64\www\Local-Bio\app\smarty\libs\sysplugins\smarty_internal_templateparser.php(2880): Smarty_Internal_Templateparser->yy_syntax_error(36, ')')
#2 C:\wamp64\www\Local-Bio\app\smarty\libs\sysplugins\smarty_internal_smartytemplatecompiler.php(128): Smarty_Internal_Templateparser->doParse(36, ')')
#3 C:\wamp64\www\Local-Bio\app\smarty\libs\sysplugins\smarty_internal_templatecompilerbase.php(469): Smarty_Internal_SmartyTemplateCompiler->doCompile('{extends file="...', true)
#4 C:\wamp64\www\Local-Bio\app\smarty\libs\sysplugins\smarty_internal_templatecompilerbase.php(395): Smarty_Internal_TemplateCompilerBase->compileTemplateSource(Object(Smarty_Internal_Template), false, NULL)
#5 C:\wamp64\www\Local-Bio\app\smarty\libs\sysplugins\smarty_template_compiled.php(184): Smarty_Internal_TemplateCompilerBase->compileTemplate(Object(Smarty_Internal_Template))
#6 C:\wamp64\www\Local-Bio\app\smarty\libs\sysplugins\smarty_template_compiled.php(141): Smarty_Template_Compiled->compileTemplateSource(Object(Smarty_Internal_Template))
#7 C:\wamp64\www\Local-Bio\app\smarty\libs\sysplugins\smarty_template_compiled.php(105): Smarty_Template_Compiled->process(Object(Smarty_Internal_Template))
#8 C:\wamp64\www\Local-Bio\app\smarty\libs\sysplugins\smarty_internal_template.php(216): Smarty_Template_Compiled->render(Object(Smarty_Internal_Template))
#9 C:\wamp64\www\Local-Bio\app\smarty\libs\sysplugins\smarty_internal_templatebase.php(238): Smarty_Internal_Template->render(false, 1)
#10 C:\wamp64\www\Local-Bio\app\smarty\libs\sysplugins\smarty_internal_templatebase.php(134): Smarty_Internal_TemplateBase->_execute(Object(Smarty_Internal_Template), NULL, NULL, NULL, 1)
#11 C:\wamp64\www\Local-Bio\app\Controllers\BaseController.php(72): Smarty_Internal_TemplateBase->display('create.tpl')
#12 C:\wamp64\www\Local-Bio\app\Controllers\Users.php(121): App\Controllers\BaseController->display('create.tpl')
#13 C:\wamp64\www\Local-Bio\system\CodeIgniter.php(825): App\Controllers\Users->create()
#14 C:\wamp64\www\Local-Bio\system\CodeIgniter.php(412): CodeIgniter\CodeIgniter->runController(Object(App\Controllers\Users))
#15 C:\wamp64\www\Local-Bio\system\CodeIgniter.php(320): CodeIgniter\CodeIgniter->handleRequest(NULL, Object(Config\Cache), false)
#16 C:\wamp64\www\Local-Bio\public\index.php(37): CodeIgniter\CodeIgniter->run()
#17 {main}
CRITICAL - 2022-02-17 08:52:07 --> Syntax error in template "file:C:\wamp64\www\Local-Bio\app\Views\create.tpl"  on line 10 "{if count($arrErrors) > 0){"  - Unexpected ")", expected one of: "}"
#0 C:\wamp64\www\Local-Bio\app\smarty\libs\sysplugins\smarty_internal_templateparser.php(2819): Smarty_Internal_TemplateCompilerBase->trigger_template_error()
#1 C:\wamp64\www\Local-Bio\app\smarty\libs\sysplugins\smarty_internal_templateparser.php(2880): Smarty_Internal_Templateparser->yy_syntax_error(36, ')')
#2 C:\wamp64\www\Local-Bio\app\smarty\libs\sysplugins\smarty_internal_smartytemplatecompiler.php(128): Smarty_Internal_Templateparser->doParse(36, ')')
#3 C:\wamp64\www\Local-Bio\app\smarty\libs\sysplugins\smarty_internal_templatecompilerbase.php(469): Smarty_Internal_SmartyTemplateCompiler->doCompile('{extends file="...', true)
#4 C:\wamp64\www\Local-Bio\app\smarty\libs\sysplugins\smarty_internal_templatecompilerbase.php(395): Smarty_Internal_TemplateCompilerBase->compileTemplateSource(Object(Smarty_Internal_Template), false, NULL)
#5 C:\wamp64\www\Local-Bio\app\smarty\libs\sysplugins\smarty_template_compiled.php(184): Smarty_Internal_TemplateCompilerBase->compileTemplate(Object(Smarty_Internal_Template))
#6 C:\wamp64\www\Local-Bio\app\smarty\libs\sysplugins\smarty_template_compiled.php(141): Smarty_Template_Compiled->compileTemplateSource(Object(Smarty_Internal_Template))
#7 C:\wamp64\www\Local-Bio\app\smarty\libs\sysplugins\smarty_template_compiled.php(105): Smarty_Template_Compiled->process(Object(Smarty_Internal_Template))
#8 C:\wamp64\www\Local-Bio\app\smarty\libs\sysplugins\smarty_internal_template.php(216): Smarty_Template_Compiled->render(Object(Smarty_Internal_Template))
#9 C:\wamp64\www\Local-Bio\app\smarty\libs\sysplugins\smarty_internal_templatebase.php(238): Smarty_Internal_Template->render(false, 1)
#10 C:\wamp64\www\Local-Bio\app\smarty\libs\sysplugins\smarty_internal_templatebase.php(134): Smarty_Internal_TemplateBase->_execute(Object(Smarty_Internal_Template), NULL, NULL, NULL, 1)
#11 C:\wamp64\www\Local-Bio\app\Controllers\BaseController.php(72): Smarty_Internal_TemplateBase->display('create.tpl')
#12 C:\wamp64\www\Local-Bio\app\Controllers\Users.php(121): App\Controllers\BaseController->display('create.tpl')
#13 C:\wamp64\www\Local-Bio\system\CodeIgniter.php(825): App\Controllers\Users->create()
#14 C:\wamp64\www\Local-Bio\system\CodeIgniter.php(412): CodeIgniter\CodeIgniter->runController(Object(App\Controllers\Users))
#15 C:\wamp64\www\Local-Bio\system\CodeIgniter.php(320): CodeIgniter\CodeIgniter->handleRequest(NULL, Object(Config\Cache), false)
#16 C:\wamp64\www\Local-Bio\public\index.php(37): CodeIgniter\CodeIgniter->run()
#17 {main}
CRITICAL - 2022-02-17 08:52:16 --> Syntax error in template "file:C:\wamp64\www\Local-Bio\app\Views\create.tpl"  on line 10 "{if count($arrErrors) > 0){"  - Unexpected ")", expected one of: "}"
#0 C:\wamp64\www\Local-Bio\app\smarty\libs\sysplugins\smarty_internal_templateparser.php(2819): Smarty_Internal_TemplateCompilerBase->trigger_template_error()
#1 C:\wamp64\www\Local-Bio\app\smarty\libs\sysplugins\smarty_internal_templateparser.php(2880): Smarty_Internal_Templateparser->yy_syntax_error(36, ')')
#2 C:\wamp64\www\Local-Bio\app\smarty\libs\sysplugins\smarty_internal_smartytemplatecompiler.php(128): Smarty_Internal_Templateparser->doParse(36, ')')
#3 C:\wamp64\www\Local-Bio\app\smarty\libs\sysplugins\smarty_internal_templatecompilerbase.php(469): Smarty_Internal_SmartyTemplateCompiler->doCompile('{extends file="...', true)
#4 C:\wamp64\www\Local-Bio\app\smarty\libs\sysplugins\smarty_internal_templatecompilerbase.php(395): Smarty_Internal_TemplateCompilerBase->compileTemplateSource(Object(Smarty_Internal_Template), false, NULL)
#5 C:\wamp64\www\Local-Bio\app\smarty\libs\sysplugins\smarty_template_compiled.php(184): Smarty_Internal_TemplateCompilerBase->compileTemplate(Object(Smarty_Internal_Template))
#6 C:\wamp64\www\Local-Bio\app\smarty\libs\sysplugins\smarty_template_compiled.php(141): Smarty_Template_Compiled->compileTemplateSource(Object(Smarty_Internal_Template))
#7 C:\wamp64\www\Local-Bio\app\smarty\libs\sysplugins\smarty_template_compiled.php(105): Smarty_Template_Compiled->process(Object(Smarty_Internal_Template))
#8 C:\wamp64\www\Local-Bio\app\smarty\libs\sysplugins\smarty_internal_template.php(216): Smarty_Template_Compiled->render(Object(Smarty_Internal_Template))
#9 C:\wamp64\www\Local-Bio\app\smarty\libs\sysplugins\smarty_internal_templatebase.php(238): Smarty_Internal_Template->render(false, 1)
#10 C:\wamp64\www\Local-Bio\app\smarty\libs\sysplugins\smarty_internal_templatebase.php(134): Smarty_Internal_TemplateBase->_execute(Object(Smarty_Internal_Template), NULL, NULL, NULL, 1)
#11 C:\wamp64\www\Local-Bio\app\Controllers\BaseController.php(72): Smarty_Internal_TemplateBase->display('create.tpl')
#12 C:\wamp64\www\Local-Bio\app\Controllers\Users.php(121): App\Controllers\BaseController->display('create.tpl')
#13 C:\wamp64\www\Local-Bio\system\CodeIgniter.php(825): App\Controllers\Users->create()
#14 C:\wamp64\www\Local-Bio\system\CodeIgniter.php(412): CodeIgniter\CodeIgniter->runController(Object(App\Controllers\Users))
#15 C:\wamp64\www\Local-Bio\system\CodeIgniter.php(320): CodeIgniter\CodeIgniter->handleRequest(NULL, Object(Config\Cache), false)
#16 C:\wamp64\www\Local-Bio\public\index.php(37): CodeIgniter\CodeIgniter->run()
#17 {main}
CRITICAL - 2022-02-17 08:52:52 --> Syntax error in template "file:C:\wamp64\www\Local-Bio\app\Views\create.tpl"  on line 13 "{foreach from=$arrErrors item=$strError)}"  - Unexpected ")", expected one of: "}"
#0 C:\wamp64\www\Local-Bio\app\smarty\libs\sysplugins\smarty_internal_templateparser.php(2819): Smarty_Internal_TemplateCompilerBase->trigger_template_error()
#1 C:\wamp64\www\Local-Bio\app\smarty\libs\sysplugins\smarty_internal_templateparser.php(2880): Smarty_Internal_Templateparser->yy_syntax_error(36, ')')
#2 C:\wamp64\www\Local-Bio\app\smarty\libs\sysplugins\smarty_internal_smartytemplatecompiler.php(128): Smarty_Internal_Templateparser->doParse(36, ')')
#3 C:\wamp64\www\Local-Bio\app\smarty\libs\sysplugins\smarty_internal_templatecompilerbase.php(469): Smarty_Internal_SmartyTemplateCompiler->doCompile('{extends file="...', true)
#4 C:\wamp64\www\Local-Bio\app\smarty\libs\sysplugins\smarty_internal_templatecompilerbase.php(395): Smarty_Internal_TemplateCompilerBase->compileTemplateSource(Object(Smarty_Internal_Template), false, NULL)
#5 C:\wamp64\www\Local-Bio\app\smarty\libs\sysplugins\smarty_template_compiled.php(184): Smarty_Internal_TemplateCompilerBase->compileTemplate(Object(Smarty_Internal_Template))
#6 C:\wamp64\www\Local-Bio\app\smarty\libs\sysplugins\smarty_template_compiled.php(141): Smarty_Template_Compiled->compileTemplateSource(Object(Smarty_Internal_Template))
#7 C:\wamp64\www\Local-Bio\app\smarty\libs\sysplugins\smarty_template_compiled.php(105): Smarty_Template_Compiled->process(Object(Smarty_Internal_Template))
#8 C:\wamp64\www\Local-Bio\app\smarty\libs\sysplugins\smarty_internal_template.php(216): Smarty_Template_Compiled->render(Object(Smarty_Internal_Template))
#9 C:\wamp64\www\Local-Bio\app\smarty\libs\sysplugins\smarty_internal_templatebase.php(238): Smarty_Internal_Template->render(false, 1)
#10 C:\wamp64\www\Local-Bio\app\smarty\libs\sysplugins\smarty_internal_templatebase.php(134): Smarty_Internal_TemplateBase->_execute(Object(Smarty_Internal_Template), NULL, NULL, NULL, 1)
#11 C:\wamp64\www\Local-Bio\app\Controllers\BaseController.php(72): Smarty_Internal_TemplateBase->display('create.tpl')
#12 C:\wamp64\www\Local-Bio\app\Controllers\Users.php(121): App\Controllers\BaseController->display('create.tpl')
#13 C:\wamp64\www\Local-Bio\system\CodeIgniter.php(825): App\Controllers\Users->create()
#14 C:\wamp64\www\Local-Bio\system\CodeIgniter.php(412): CodeIgniter\CodeIgniter->runController(Object(App\Controllers\Users))
#15 C:\wamp64\www\Local-Bio\system\CodeIgniter.php(320): CodeIgniter\CodeIgniter->handleRequest(NULL, Object(Config\Cache), false)
#16 C:\wamp64\www\Local-Bio\public\index.php(37): CodeIgniter\CodeIgniter->run()
#17 {main}
CRITICAL - 2022-02-17 08:53:05 --> Undefined index: arrErrors
#0 C:\wamp64\www\Local-Bio\writable\cache\templates_c\bdb99d119d426bb3e176930cd48a6d881c132342_0.file.create.tpl.php(71): CodeIgniter\Debug\Exceptions->errorHandler(8, 'Undefined index...', 'C:\\wamp64\\www\\L...', 71, Array)
#1 C:\wamp64\www\Local-Bio\app\smarty\libs\sysplugins\smarty_internal_runtime_inheritance.php(248): Block_1070224012620e615148cff3_73438779->callBlock(Object(Smarty_Internal_Template))
#2 C:\wamp64\www\Local-Bio\app\smarty\libs\sysplugins\smarty_internal_runtime_inheritance.php(184): Smarty_Internal_Runtime_Inheritance->callBlock(Object(Block_1070224012620e615148cff3_73438779), Object(Smarty_Internal_Template))
#3 C:\wamp64\www\Local-Bio\app\smarty\libs\sysplugins\smarty_internal_runtime_inheritance.php(186): Smarty_Internal_Runtime_Inheritance->process(Object(Smarty_Internal_Template), Object(Block_1070224012620e615148cff3_73438779), Object(Block_705300726620cc8e90c9b03_85079464))
#4 C:\wamp64\www\Local-Bio\app\smarty\libs\sysplugins\smarty_internal_runtime_inheritance.php(156): Smarty_Internal_Runtime_Inheritance->process(Object(Smarty_Internal_Template), Object(Block_705300726620cc8e90c9b03_85079464))
#5 C:\wamp64\www\Local-Bio\writable\cache\templates_c\cfd4c613c8df35d7c954cf754ee3857e80ca1868_0.file.layout.tpl.php(32): Smarty_Internal_Runtime_Inheritance->instanceBlock(Object(Smarty_Internal_Template), 'Block_705300726...', 'content')
#6 C:\wamp64\www\Local-Bio\app\smarty\libs\sysplugins\smarty_template_resource_base.php(123): content_620cc8e90cb783_58494973(Object(Smarty_Internal_Template))
#7 C:\wamp64\www\Local-Bio\app\smarty\libs\sysplugins\smarty_template_compiled.php(114): Smarty_Template_Resource_Base->getRenderedTemplateCode(Object(Smarty_Internal_Template))
#8 C:\wamp64\www\Local-Bio\app\smarty\libs\sysplugins\smarty_internal_template.php(216): Smarty_Template_Compiled->render(Object(Smarty_Internal_Template))
#9 C:\wamp64\www\Local-Bio\app\smarty\libs\sysplugins\smarty_internal_template.php(385): Smarty_Internal_Template->render()
#10 C:\wamp64\www\Local-Bio\app\smarty\libs\sysplugins\smarty_internal_runtime_inheritance.php(116): Smarty_Internal_Template->_subTemplateRender('layout.tpl', NULL, NULL, 0, 3600, Array, 2, false, NULL, NULL)
#11 C:\wamp64\www\Local-Bio\writable\cache\templates_c\bdb99d119d426bb3e176930cd48a6d881c132342_0.file.create.tpl.php(37): Smarty_Internal_Runtime_Inheritance->endChild(Object(Smarty_Internal_Template), 'layout.tpl')
#12 C:\wamp64\www\Local-Bio\app\smarty\libs\sysplugins\smarty_template_resource_base.php(123): content_620e615149c856_85178412(Object(Smarty_Internal_Template))
#13 C:\wamp64\www\Local-Bio\app\smarty\libs\sysplugins\smarty_template_compiled.php(114): Smarty_Template_Resource_Base->getRenderedTemplateCode(Object(Smarty_Internal_Template))
#14 C:\wamp64\www\Local-Bio\app\smarty\libs\sysplugins\smarty_internal_template.php(216): Smarty_Template_Compiled->render(Object(Smarty_Internal_Template))
#15 C:\wamp64\www\Local-Bio\app\smarty\libs\sysplugins\smarty_internal_templatebase.php(238): Smarty_Internal_Template->render(false, 1)
#16 C:\wamp64\www\Local-Bio\app\smarty\libs\sysplugins\smarty_internal_templatebase.php(134): Smarty_Internal_TemplateBase->_execute(Object(Smarty_Internal_Template), NULL, NULL, NULL, 1)
#17 C:\wamp64\www\Local-Bio\app\Controllers\BaseController.php(72): Smarty_Internal_TemplateBase->display('create.tpl')
#18 C:\wamp64\www\Local-Bio\app\Controllers\Users.php(121): App\Controllers\BaseController->display('create.tpl')
#19 C:\wamp64\www\Local-Bio\system\CodeIgniter.php(825): App\Controllers\Users->create()
#20 C:\wamp64\www\Local-Bio\system\CodeIgniter.php(412): CodeIgniter\CodeIgniter->runController(Object(App\Controllers\Users))
#21 C:\wamp64\www\Local-Bio\system\CodeIgniter.php(320): CodeIgniter\CodeIgniter->handleRequest(NULL, Object(Config\Cache), false)
#22 C:\wamp64\www\Local-Bio\public\index.php(37): CodeIgniter\CodeIgniter->run()
#23 {main}
ERROR - 2022-02-17 09:00:30 --> Cannot add or update a child row: a foreign key constraint fails (`local-bio`.`user`, CONSTRAINT `user_ibfk_1` FOREIGN KEY (`city_id`) REFERENCES `city` (`city_id`))
CRITICAL - 2022-02-17 09:00:30 --> Cannot add or update a child row: a foreign key constraint fails (`local-bio`.`user`, CONSTRAINT `user_ibfk_1` FOREIGN KEY (`city_id`) REFERENCES `city` (`city_id`))
#0 C:\wamp64\www\Local-Bio\system\Database\MySQLi\Connection.php(292): mysqli->query('INSERT INTO `us...', 0)
#1 C:\wamp64\www\Local-Bio\system\Database\BaseConnection.php(670): CodeIgniter\Database\MySQLi\Connection->execute('INSERT INTO `us...')
#2 C:\wamp64\www\Local-Bio\system\Database\BaseConnection.php(598): CodeIgniter\Database\BaseConnection->simpleQuery('INSERT INTO `us...')
#3 C:\wamp64\www\Local-Bio\system\Database\BaseBuilder.php(1771): CodeIgniter\Database\BaseConnection->query('INSERT INTO `us...', Array, false)
#4 C:\wamp64\www\Local-Bio\system\Model.php(239): CodeIgniter\Database\BaseBuilder->insert()
#5 C:\wamp64\www\Local-Bio\system\BaseModel.php(738): CodeIgniter\Model->doInsert(Array)
#6 C:\wamp64\www\Local-Bio\system\Model.php(625): CodeIgniter\BaseModel->insert(Array, false)
#7 C:\wamp64\www\Local-Bio\system\BaseModel.php(658): CodeIgniter\Model->insert(Object(App\Entities\Users_entity), false)
#8 C:\wamp64\www\Local-Bio\app\Controllers\Users.php(102): CodeIgniter\BaseModel->save(Object(App\Entities\Users_entity))
#9 C:\wamp64\www\Local-Bio\system\CodeIgniter.php(825): App\Controllers\Users->create()
#10 C:\wamp64\www\Local-Bio\system\CodeIgniter.php(412): CodeIgniter\CodeIgniter->runController(Object(App\Controllers\Users))
#11 C:\wamp64\www\Local-Bio\system\CodeIgniter.php(320): CodeIgniter\CodeIgniter->handleRequest(NULL, Object(Config\Cache), false)
#12 C:\wamp64\www\Local-Bio\public\index.php(37): CodeIgniter\CodeIgniter->run()
#13 {main}
CRITICAL - 2022-02-17 09:42:56 --> syntax error, unexpected ']', expecting ')'
#0 C:\wamp64\www\Local-Bio\system\Router\Router.php(175): CodeIgniter\Router\Router->autoRoute('users/connect')
#1 C:\wamp64\www\Local-Bio\system\CodeIgniter.php(719): CodeIgniter\Router\Router->handle('users/connect')
#2 C:\wamp64\www\Local-Bio\system\CodeIgniter.php(361): CodeIgniter\CodeIgniter->tryToRouteIt(Object(CodeIgniter\Router\RouteCollection))
#3 C:\wamp64\www\Local-Bio\system\CodeIgniter.php(320): CodeIgniter\CodeIgniter->handleRequest(NULL, Object(Config\Cache), false)
#4 C:\wamp64\www\Local-Bio\public\index.php(37): CodeIgniter\CodeIgniter->run()
#5 {main}
CRITICAL - 2022-02-17 09:43:10 --> syntax error, unexpected ']'
#0 C:\wamp64\www\Local-Bio\system\Router\Router.php(175): CodeIgniter\Router\Router->autoRoute('users/connect')
#1 C:\wamp64\www\Local-Bio\system\CodeIgniter.php(719): CodeIgniter\Router\Router->handle('users/connect')
#2 C:\wamp64\www\Local-Bio\system\CodeIgniter.php(361): CodeIgniter\CodeIgniter->tryToRouteIt(Object(CodeIgniter\Router\RouteCollection))
#3 C:\wamp64\www\Local-Bio\system\CodeIgniter.php(320): CodeIgniter\CodeIgniter->handleRequest(NULL, Object(Config\Cache), false)
#4 C:\wamp64\www\Local-Bio\public\index.php(37): CodeIgniter\CodeIgniter->run()
#5 {main}
CRITICAL - 2022-02-17 09:43:18 --> syntax error, unexpected ','
#0 C:\wamp64\www\Local-Bio\system\Router\Router.php(175): CodeIgniter\Router\Router->autoRoute('users/connect')
#1 C:\wamp64\www\Local-Bio\system\CodeIgniter.php(719): CodeIgniter\Router\Router->handle('users/connect')
#2 C:\wamp64\www\Local-Bio\system\CodeIgniter.php(361): CodeIgniter\CodeIgniter->tryToRouteIt(Object(CodeIgniter\Router\RouteCollection))
#3 C:\wamp64\www\Local-Bio\system\CodeIgniter.php(320): CodeIgniter\CodeIgniter->handleRequest(NULL, Object(Config\Cache), false)
#4 C:\wamp64\www\Local-Bio\public\index.php(37): CodeIgniter\CodeIgniter->run()
#5 {main}
CRITICAL - 2022-02-17 09:43:23 --> syntax error, unexpected '$this' (T_VARIABLE)
#0 C:\wamp64\www\Local-Bio\system\Router\Router.php(175): CodeIgniter\Router\Router->autoRoute('users/connect')
#1 C:\wamp64\www\Local-Bio\system\CodeIgniter.php(719): CodeIgniter\Router\Router->handle('users/connect')
#2 C:\wamp64\www\Local-Bio\system\CodeIgniter.php(361): CodeIgniter\CodeIgniter->tryToRouteIt(Object(CodeIgniter\Router\RouteCollection))
#3 C:\wamp64\www\Local-Bio\system\CodeIgniter.php(320): CodeIgniter\CodeIgniter->handleRequest(NULL, Object(Config\Cache), false)
#4 C:\wamp64\www\Local-Bio\public\index.php(37): CodeIgniter\CodeIgniter->run()
#5 {main}
CRITICAL - 2022-02-17 09:44:17 --> syntax error, unexpected ','
#0 C:\wamp64\www\Local-Bio\system\Router\Router.php(175): CodeIgniter\Router\Router->autoRoute('users/connect')
#1 C:\wamp64\www\Local-Bio\system\CodeIgniter.php(719): CodeIgniter\Router\Router->handle('users/connect')
#2 C:\wamp64\www\Local-Bio\system\CodeIgniter.php(361): CodeIgniter\CodeIgniter->tryToRouteIt(Object(CodeIgniter\Router\RouteCollection))
#3 C:\wamp64\www\Local-Bio\system\CodeIgniter.php(320): CodeIgniter\CodeIgniter->handleRequest(NULL, Object(Config\Cache), false)
#4 C:\wamp64\www\Local-Bio\public\index.php(37): CodeIgniter\CodeIgniter->run()
#5 {main}
CRITICAL - 2022-02-17 09:44:38 --> Undefined variable: validation
#0 C:\wamp64\www\Local-Bio\app\Controllers\Users.php(38): CodeIgniter\Debug\Exceptions->errorHandler(8, 'Undefined varia...', 'C:\\wamp64\\www\\L...', 38, Array)
#1 C:\wamp64\www\Local-Bio\system\CodeIgniter.php(825): App\Controllers\Users->connect()
#2 C:\wamp64\www\Local-Bio\system\CodeIgniter.php(412): CodeIgniter\CodeIgniter->runController(Object(App\Controllers\Users))
#3 C:\wamp64\www\Local-Bio\system\CodeIgniter.php(320): CodeIgniter\CodeIgniter->handleRequest(NULL, Object(Config\Cache), false)
#4 C:\wamp64\www\Local-Bio\public\index.php(37): CodeIgniter\CodeIgniter->run()
#5 {main}
CRITICAL - 2022-02-17 09:53:52 --> syntax error, unexpected '->' (T_OBJECT_OPERATOR), expecting ')'
#0 C:\wamp64\www\Local-Bio\system\Router\Router.php(175): CodeIgniter\Router\Router->autoRoute('users/connect')
#1 C:\wamp64\www\Local-Bio\system\CodeIgniter.php(719): CodeIgniter\Router\Router->handle('users/connect')
#2 C:\wamp64\www\Local-Bio\system\CodeIgniter.php(361): CodeIgniter\CodeIgniter->tryToRouteIt(Object(CodeIgniter\Router\RouteCollection))
#3 C:\wamp64\www\Local-Bio\system\CodeIgniter.php(320): CodeIgniter\CodeIgniter->handleRequest(NULL, Object(Config\Cache), false)
#4 C:\wamp64\www\Local-Bio\public\index.php(37): CodeIgniter\CodeIgniter->run()
#5 {main}
