CRITICAL - 2022-02-06 02:27:27 --> Argument 2 passed to anchor() must be of the type string, array given, called in C:\wamp64\www\new_bio\app\Views\pages\shop_fruits.php on line 26
#0 C:\wamp64\www\new_bio\app\Views\pages\shop_fruits.php(26): anchor('Pages/view/prod...', Array)
#1 C:\wamp64\www\new_bio\system\View\View.php(210): include('C:\\wamp64\\www\\n...')
#2 C:\wamp64\www\new_bio\system\View\View.php(213): CodeIgniter\View\View->CodeIgniter\View\{closure}()
#3 C:\wamp64\www\new_bio\system\Common.php(1089): CodeIgniter\View\View->render('pages/shop_frui...', Array, true)
#4 C:\wamp64\www\new_bio\app\Controllers\Pages.php(135): view('pages/shop_frui...', Array)
#5 C:\wamp64\www\new_bio\system\CodeIgniter.php(825): App\Controllers\Pages->view('shop_fruits')
#6 C:\wamp64\www\new_bio\system\CodeIgniter.php(412): CodeIgniter\CodeIgniter->runController(Object(App\Controllers\Pages))
#7 C:\wamp64\www\new_bio\system\CodeIgniter.php(320): CodeIgniter\CodeIgniter->handleRequest(NULL, Object(Config\Cache), false)
#8 C:\wamp64\www\new_bio\public\index.php(37): CodeIgniter\CodeIgniter->run()
#9 {main}
CRITICAL - 2022-02-06 02:28:32 --> syntax error, unexpected ',', expecting ')'
#0 C:\wamp64\www\new_bio\system\View\View.php(213): CodeIgniter\View\View->CodeIgniter\View\{closure}()
#1 C:\wamp64\www\new_bio\system\Common.php(1089): CodeIgniter\View\View->render('pages/shop_frui...', Array, true)
#2 C:\wamp64\www\new_bio\app\Controllers\Pages.php(135): view('pages/shop_frui...', Array)
#3 C:\wamp64\www\new_bio\system\CodeIgniter.php(825): App\Controllers\Pages->view('shop_fruits')
#4 C:\wamp64\www\new_bio\system\CodeIgniter.php(412): CodeIgniter\CodeIgniter->runController(Object(App\Controllers\Pages))
#5 C:\wamp64\www\new_bio\system\CodeIgniter.php(320): CodeIgniter\CodeIgniter->handleRequest(NULL, Object(Config\Cache), false)
#6 C:\wamp64\www\new_bio\public\index.php(37): CodeIgniter\CodeIgniter->run()
#7 {main}
CRITICAL - 2022-02-06 02:35:10 --> Argument 2 passed to anchor() must be of the type string, array given, called in C:\wamp64\www\new_bio\app\Views\pages\shop_fruits.php on line 26
#0 C:\wamp64\www\new_bio\app\Views\pages\shop_fruits.php(26): anchor('Pages/view/prod...', Array)
#1 C:\wamp64\www\new_bio\system\View\View.php(210): include('C:\\wamp64\\www\\n...')
#2 C:\wamp64\www\new_bio\system\View\View.php(213): CodeIgniter\View\View->CodeIgniter\View\{closure}()
#3 C:\wamp64\www\new_bio\system\Common.php(1089): CodeIgniter\View\View->render('pages/shop_frui...', Array, true)
#4 C:\wamp64\www\new_bio\app\Controllers\Pages.php(135): view('pages/shop_frui...', Array)
#5 C:\wamp64\www\new_bio\system\CodeIgniter.php(825): App\Controllers\Pages->view('shop_fruits')
#6 C:\wamp64\www\new_bio\system\CodeIgniter.php(412): CodeIgniter\CodeIgniter->runController(Object(App\Controllers\Pages))
#7 C:\wamp64\www\new_bio\system\CodeIgniter.php(320): CodeIgniter\CodeIgniter->handleRequest(NULL, Object(Config\Cache), false)
#8 C:\wamp64\www\new_bio\public\index.php(37): CodeIgniter\CodeIgniter->run()
#9 {main}
CRITICAL - 2022-02-06 02:57:52 --> include(headband.php): failed to open stream: No such file or directory
#0 C:\wamp64\www\new_bio\app\Views\pages\shop.php(3): CodeIgniter\Debug\Exceptions->errorHandler(2, 'include(headban...', 'C:\\wamp64\\www\\n...', 3, Array)
#1 C:\wamp64\www\new_bio\app\Views\pages\shop.php(3): include()
#2 C:\wamp64\www\new_bio\system\View\View.php(210): include('C:\\wamp64\\www\\n...')
#3 C:\wamp64\www\new_bio\system\View\View.php(213): CodeIgniter\View\View->CodeIgniter\View\{closure}()
#4 C:\wamp64\www\new_bio\system\Common.php(1089): CodeIgniter\View\View->render('pages/shop', Array, true)
#5 C:\wamp64\www\new_bio\app\Controllers\Pages.php(135): view('pages/shop', Array)
#6 C:\wamp64\www\new_bio\system\CodeIgniter.php(825): App\Controllers\Pages->view('shop')
#7 C:\wamp64\www\new_bio\system\CodeIgniter.php(412): CodeIgniter\CodeIgniter->runController(Object(App\Controllers\Pages))
#8 C:\wamp64\www\new_bio\system\CodeIgniter.php(320): CodeIgniter\CodeIgniter->handleRequest(NULL, Object(Config\Cache), false)
#9 C:\wamp64\www\new_bio\public\index.php(37): CodeIgniter\CodeIgniter->run()
#10 {main}
CRITICAL - 2022-02-06 02:58:23 --> include(headband.php): failed to open stream: No such file or directory
#0 C:\wamp64\www\new_bio\app\Views\pages\shop.php(3): CodeIgniter\Debug\Exceptions->errorHandler(2, 'include(headban...', 'C:\\wamp64\\www\\n...', 3, Array)
#1 C:\wamp64\www\new_bio\app\Views\pages\shop.php(3): include()
#2 C:\wamp64\www\new_bio\system\View\View.php(210): include('C:\\wamp64\\www\\n...')
#3 C:\wamp64\www\new_bio\system\View\View.php(213): CodeIgniter\View\View->CodeIgniter\View\{closure}()
#4 C:\wamp64\www\new_bio\system\Common.php(1089): CodeIgniter\View\View->render('pages/shop', Array, true)
#5 C:\wamp64\www\new_bio\app\Controllers\Pages.php(135): view('pages/shop', Array)
#6 C:\wamp64\www\new_bio\system\CodeIgniter.php(825): App\Controllers\Pages->view('shop')
#7 C:\wamp64\www\new_bio\system\CodeIgniter.php(412): CodeIgniter\CodeIgniter->runController(Object(App\Controllers\Pages))
#8 C:\wamp64\www\new_bio\system\CodeIgniter.php(320): CodeIgniter\CodeIgniter->handleRequest(NULL, Object(Config\Cache), false)
#9 C:\wamp64\www\new_bio\public\index.php(37): CodeIgniter\CodeIgniter->run()
#10 {main}
CRITICAL - 2022-02-06 02:58:42 --> include(../templates/headband.php): failed to open stream: No such file or directory
#0 C:\wamp64\www\new_bio\app\Views\pages\shop.php(3): CodeIgniter\Debug\Exceptions->errorHandler(2, 'include(../temp...', 'C:\\wamp64\\www\\n...', 3, Array)
#1 C:\wamp64\www\new_bio\app\Views\pages\shop.php(3): include()
#2 C:\wamp64\www\new_bio\system\View\View.php(210): include('C:\\wamp64\\www\\n...')
#3 C:\wamp64\www\new_bio\system\View\View.php(213): CodeIgniter\View\View->CodeIgniter\View\{closure}()
#4 C:\wamp64\www\new_bio\system\Common.php(1089): CodeIgniter\View\View->render('pages/shop', Array, true)
#5 C:\wamp64\www\new_bio\app\Controllers\Pages.php(135): view('pages/shop', Array)
#6 C:\wamp64\www\new_bio\system\CodeIgniter.php(825): App\Controllers\Pages->view('shop')
#7 C:\wamp64\www\new_bio\system\CodeIgniter.php(412): CodeIgniter\CodeIgniter->runController(Object(App\Controllers\Pages))
#8 C:\wamp64\www\new_bio\system\CodeIgniter.php(320): CodeIgniter\CodeIgniter->handleRequest(NULL, Object(Config\Cache), false)
#9 C:\wamp64\www\new_bio\public\index.php(37): CodeIgniter\CodeIgniter->run()
#10 {main}
CRITICAL - 2022-02-06 02:59:30 --> include(../templates/headband.php): failed to open stream: No such file or directory
#0 C:\wamp64\www\new_bio\app\Views\pages\shop.php(3): CodeIgniter\Debug\Exceptions->errorHandler(2, 'include(../temp...', 'C:\\wamp64\\www\\n...', 3, Array)
#1 C:\wamp64\www\new_bio\app\Views\pages\shop.php(3): include()
#2 C:\wamp64\www\new_bio\system\View\View.php(210): include('C:\\wamp64\\www\\n...')
#3 C:\wamp64\www\new_bio\system\View\View.php(213): CodeIgniter\View\View->CodeIgniter\View\{closure}()
#4 C:\wamp64\www\new_bio\system\Common.php(1089): CodeIgniter\View\View->render('pages/shop', Array, true)
#5 C:\wamp64\www\new_bio\app\Controllers\Pages.php(135): view('pages/shop', Array)
#6 C:\wamp64\www\new_bio\system\CodeIgniter.php(825): App\Controllers\Pages->view('shop')
#7 C:\wamp64\www\new_bio\system\CodeIgniter.php(412): CodeIgniter\CodeIgniter->runController(Object(App\Controllers\Pages))
#8 C:\wamp64\www\new_bio\system\CodeIgniter.php(320): CodeIgniter\CodeIgniter->handleRequest(NULL, Object(Config\Cache), false)
#9 C:\wamp64\www\new_bio\public\index.php(37): CodeIgniter\CodeIgniter->run()
#10 {main}
CRITICAL - 2022-02-06 03:00:54 --> include(../templates/headband.php): failed to open stream: No such file or directory
#0 C:\wamp64\www\new_bio\app\Views\pages\shop.php(3): CodeIgniter\Debug\Exceptions->errorHandler(2, 'include(../temp...', 'C:\\wamp64\\www\\n...', 3, Array)
#1 C:\wamp64\www\new_bio\app\Views\pages\shop.php(3): include()
#2 C:\wamp64\www\new_bio\system\View\View.php(210): include('C:\\wamp64\\www\\n...')
#3 C:\wamp64\www\new_bio\system\View\View.php(213): CodeIgniter\View\View->CodeIgniter\View\{closure}()
#4 C:\wamp64\www\new_bio\system\Common.php(1089): CodeIgniter\View\View->render('pages/shop', Array, true)
#5 C:\wamp64\www\new_bio\app\Controllers\Pages.php(135): view('pages/shop', Array)
#6 C:\wamp64\www\new_bio\system\CodeIgniter.php(825): App\Controllers\Pages->view('shop')
#7 C:\wamp64\www\new_bio\system\CodeIgniter.php(412): CodeIgniter\CodeIgniter->runController(Object(App\Controllers\Pages))
#8 C:\wamp64\www\new_bio\system\CodeIgniter.php(320): CodeIgniter\CodeIgniter->handleRequest(NULL, Object(Config\Cache), false)
#9 C:\wamp64\www\new_bio\public\index.php(37): CodeIgniter\CodeIgniter->run()
#10 {main}
CRITICAL - 2022-02-06 03:01:03 --> include(../templates/headband.php): failed to open stream: No such file or directory
#0 C:\wamp64\www\new_bio\app\Views\pages\shop.php(3): CodeIgniter\Debug\Exceptions->errorHandler(2, 'include(../temp...', 'C:\\wamp64\\www\\n...', 3, Array)
#1 C:\wamp64\www\new_bio\app\Views\pages\shop.php(3): include()
#2 C:\wamp64\www\new_bio\system\View\View.php(210): include('C:\\wamp64\\www\\n...')
#3 C:\wamp64\www\new_bio\system\View\View.php(213): CodeIgniter\View\View->CodeIgniter\View\{closure}()
#4 C:\wamp64\www\new_bio\system\Common.php(1089): CodeIgniter\View\View->render('pages/shop', Array, true)
#5 C:\wamp64\www\new_bio\app\Controllers\Pages.php(135): view('pages/shop', Array)
#6 C:\wamp64\www\new_bio\system\CodeIgniter.php(825): App\Controllers\Pages->view('shop')
#7 C:\wamp64\www\new_bio\system\CodeIgniter.php(412): CodeIgniter\CodeIgniter->runController(Object(App\Controllers\Pages))
#8 C:\wamp64\www\new_bio\system\CodeIgniter.php(320): CodeIgniter\CodeIgniter->handleRequest(NULL, Object(Config\Cache), false)
#9 C:\wamp64\www\new_bio\public\index.php(37): CodeIgniter\CodeIgniter->run()
#10 {main}
CRITICAL - 2022-02-06 03:02:47 --> include(headband.php): failed to open stream: No such file or directory
#0 C:\wamp64\www\new_bio\app\Views\pages\shop.php(3): CodeIgniter\Debug\Exceptions->errorHandler(2, 'include(headban...', 'C:\\wamp64\\www\\n...', 3, Array)
#1 C:\wamp64\www\new_bio\app\Views\pages\shop.php(3): include()
#2 C:\wamp64\www\new_bio\system\View\View.php(210): include('C:\\wamp64\\www\\n...')
#3 C:\wamp64\www\new_bio\system\View\View.php(213): CodeIgniter\View\View->CodeIgniter\View\{closure}()
#4 C:\wamp64\www\new_bio\system\Common.php(1089): CodeIgniter\View\View->render('pages/shop', Array, true)
#5 C:\wamp64\www\new_bio\app\Controllers\Pages.php(135): view('pages/shop', Array)
#6 C:\wamp64\www\new_bio\system\CodeIgniter.php(825): App\Controllers\Pages->view('shop')
#7 C:\wamp64\www\new_bio\system\CodeIgniter.php(412): CodeIgniter\CodeIgniter->runController(Object(App\Controllers\Pages))
#8 C:\wamp64\www\new_bio\system\CodeIgniter.php(320): CodeIgniter\CodeIgniter->handleRequest(NULL, Object(Config\Cache), false)
#9 C:\wamp64\www\new_bio\public\index.php(37): CodeIgniter\CodeIgniter->run()
#10 {main}
CRITICAL - 2022-02-06 03:02:59 --> include(../headband.php): failed to open stream: No such file or directory
#0 C:\wamp64\www\new_bio\app\Views\pages\shop.php(3): CodeIgniter\Debug\Exceptions->errorHandler(2, 'include(../head...', 'C:\\wamp64\\www\\n...', 3, Array)
#1 C:\wamp64\www\new_bio\app\Views\pages\shop.php(3): include()
#2 C:\wamp64\www\new_bio\system\View\View.php(210): include('C:\\wamp64\\www\\n...')
#3 C:\wamp64\www\new_bio\system\View\View.php(213): CodeIgniter\View\View->CodeIgniter\View\{closure}()
#4 C:\wamp64\www\new_bio\system\Common.php(1089): CodeIgniter\View\View->render('pages/shop', Array, true)
#5 C:\wamp64\www\new_bio\app\Controllers\Pages.php(135): view('pages/shop', Array)
#6 C:\wamp64\www\new_bio\system\CodeIgniter.php(825): App\Controllers\Pages->view('shop')
#7 C:\wamp64\www\new_bio\system\CodeIgniter.php(412): CodeIgniter\CodeIgniter->runController(Object(App\Controllers\Pages))
#8 C:\wamp64\www\new_bio\system\CodeIgniter.php(320): CodeIgniter\CodeIgniter->handleRequest(NULL, Object(Config\Cache), false)
#9 C:\wamp64\www\new_bio\public\index.php(37): CodeIgniter\CodeIgniter->run()
#10 {main}
CRITICAL - 2022-02-06 03:03:11 --> include(/../headband.php): failed to open stream: No such file or directory
#0 C:\wamp64\www\new_bio\app\Views\pages\shop.php(3): CodeIgniter\Debug\Exceptions->errorHandler(2, 'include(/../hea...', 'C:\\wamp64\\www\\n...', 3, Array)
#1 C:\wamp64\www\new_bio\app\Views\pages\shop.php(3): include()
#2 C:\wamp64\www\new_bio\system\View\View.php(210): include('C:\\wamp64\\www\\n...')
#3 C:\wamp64\www\new_bio\system\View\View.php(213): CodeIgniter\View\View->CodeIgniter\View\{closure}()
#4 C:\wamp64\www\new_bio\system\Common.php(1089): CodeIgniter\View\View->render('pages/shop', Array, true)
#5 C:\wamp64\www\new_bio\app\Controllers\Pages.php(135): view('pages/shop', Array)
#6 C:\wamp64\www\new_bio\system\CodeIgniter.php(825): App\Controllers\Pages->view('shop')
#7 C:\wamp64\www\new_bio\system\CodeIgniter.php(412): CodeIgniter\CodeIgniter->runController(Object(App\Controllers\Pages))
#8 C:\wamp64\www\new_bio\system\CodeIgniter.php(320): CodeIgniter\CodeIgniter->handleRequest(NULL, Object(Config\Cache), false)
#9 C:\wamp64\www\new_bio\public\index.php(37): CodeIgniter\CodeIgniter->run()
#10 {main}
CRITICAL - 2022-02-06 03:03:28 --> include(../headband.php): failed to open stream: No such file or directory
#0 C:\wamp64\www\new_bio\app\Views\pages\shop.php(3): CodeIgniter\Debug\Exceptions->errorHandler(2, 'include(../head...', 'C:\\wamp64\\www\\n...', 3, Array)
#1 C:\wamp64\www\new_bio\app\Views\pages\shop.php(3): include()
#2 C:\wamp64\www\new_bio\system\View\View.php(210): include('C:\\wamp64\\www\\n...')
#3 C:\wamp64\www\new_bio\system\View\View.php(213): CodeIgniter\View\View->CodeIgniter\View\{closure}()
#4 C:\wamp64\www\new_bio\system\Common.php(1089): CodeIgniter\View\View->render('pages/shop', Array, true)
#5 C:\wamp64\www\new_bio\app\Controllers\Pages.php(135): view('pages/shop', Array)
#6 C:\wamp64\www\new_bio\system\CodeIgniter.php(825): App\Controllers\Pages->view('shop')
#7 C:\wamp64\www\new_bio\system\CodeIgniter.php(412): CodeIgniter\CodeIgniter->runController(Object(App\Controllers\Pages))
#8 C:\wamp64\www\new_bio\system\CodeIgniter.php(320): CodeIgniter\CodeIgniter->handleRequest(NULL, Object(Config\Cache), false)
#9 C:\wamp64\www\new_bio\public\index.php(37): CodeIgniter\CodeIgniter->run()
#10 {main}
CRITICAL - 2022-02-06 03:03:52 --> include(../headband.php): failed to open stream: No such file or directory
#0 C:\wamp64\www\new_bio\app\Views\pages\shop.php(3): CodeIgniter\Debug\Exceptions->errorHandler(2, 'include(../head...', 'C:\\wamp64\\www\\n...', 3, Array)
#1 C:\wamp64\www\new_bio\app\Views\pages\shop.php(3): include()
#2 C:\wamp64\www\new_bio\system\View\View.php(210): include('C:\\wamp64\\www\\n...')
#3 C:\wamp64\www\new_bio\system\View\View.php(213): CodeIgniter\View\View->CodeIgniter\View\{closure}()
#4 C:\wamp64\www\new_bio\system\Common.php(1089): CodeIgniter\View\View->render('pages/shop', Array, true)
#5 C:\wamp64\www\new_bio\app\Controllers\Pages.php(135): view('pages/shop', Array)
#6 C:\wamp64\www\new_bio\system\CodeIgniter.php(825): App\Controllers\Pages->view('shop')
#7 C:\wamp64\www\new_bio\system\CodeIgniter.php(412): CodeIgniter\CodeIgniter->runController(Object(App\Controllers\Pages))
#8 C:\wamp64\www\new_bio\system\CodeIgniter.php(320): CodeIgniter\CodeIgniter->handleRequest(NULL, Object(Config\Cache), false)
#9 C:\wamp64\www\new_bio\public\index.php(37): CodeIgniter\CodeIgniter->run()
#10 {main}
CRITICAL - 2022-02-06 04:13:01 --> Undefined variable: fileCss
#0 C:\wamp64\www\new_bio\app\Views\templates\header.php(10): CodeIgniter\Debug\Exceptions->errorHandler(8, 'Undefined varia...', 'C:\\wamp64\\www\\n...', 10, Array)
#1 C:\wamp64\www\new_bio\system\View\View.php(210): include('C:\\wamp64\\www\\n...')
#2 C:\wamp64\www\new_bio\system\View\View.php(213): CodeIgniter\View\View->CodeIgniter\View\{closure}()
#3 C:\wamp64\www\new_bio\system\Common.php(1089): CodeIgniter\View\View->render('templates/heade...', Array, true)
#4 C:\wamp64\www\new_bio\app\Controllers\Pages.php(143): view('templates/heade...', Array)
#5 C:\wamp64\www\new_bio\system\CodeIgniter.php(825): App\Controllers\Pages->view('city_list')
#6 C:\wamp64\www\new_bio\system\CodeIgniter.php(412): CodeIgniter\CodeIgniter->runController(Object(App\Controllers\Pages))
#7 C:\wamp64\www\new_bio\system\CodeIgniter.php(320): CodeIgniter\CodeIgniter->handleRequest(NULL, Object(Config\Cache), false)
#8 C:\wamp64\www\new_bio\public\index.php(37): CodeIgniter\CodeIgniter->run()
#9 {main}
CRITICAL - 2022-02-06 04:13:32 --> Undefined variable: fileCss
#0 C:\wamp64\www\new_bio\app\Views\templates\header.php(10): CodeIgniter\Debug\Exceptions->errorHandler(8, 'Undefined varia...', 'C:\\wamp64\\www\\n...', 10, Array)
#1 C:\wamp64\www\new_bio\system\View\View.php(210): include('C:\\wamp64\\www\\n...')
#2 C:\wamp64\www\new_bio\system\View\View.php(213): CodeIgniter\View\View->CodeIgniter\View\{closure}()
#3 C:\wamp64\www\new_bio\system\Common.php(1089): CodeIgniter\View\View->render('templates/heade...', Array, true)
#4 C:\wamp64\www\new_bio\app\Controllers\Pages.php(143): view('templates/heade...', Array)
#5 C:\wamp64\www\new_bio\system\CodeIgniter.php(825): App\Controllers\Pages->view('city_list')
#6 C:\wamp64\www\new_bio\system\CodeIgniter.php(412): CodeIgniter\CodeIgniter->runController(Object(App\Controllers\Pages))
#7 C:\wamp64\www\new_bio\system\CodeIgniter.php(320): CodeIgniter\CodeIgniter->handleRequest(NULL, Object(Config\Cache), false)
#8 C:\wamp64\www\new_bio\public\index.php(37): CodeIgniter\CodeIgniter->run()
#9 {main}
CRITICAL - 2022-02-06 04:14:34 --> Undefined variable: arrCity
#0 C:\wamp64\www\new_bio\app\Views\pages\city_list.php(24): CodeIgniter\Debug\Exceptions->errorHandler(8, 'Undefined varia...', 'C:\\wamp64\\www\\n...', 24, Array)
#1 C:\wamp64\www\new_bio\system\View\View.php(210): include('C:\\wamp64\\www\\n...')
#2 C:\wamp64\www\new_bio\system\View\View.php(213): CodeIgniter\View\View->CodeIgniter\View\{closure}()
#3 C:\wamp64\www\new_bio\system\Common.php(1089): CodeIgniter\View\View->render('pages/city_list', Array, true)
#4 C:\wamp64\www\new_bio\app\Controllers\Pages.php(151): view('pages/city_list', Array)
#5 C:\wamp64\www\new_bio\system\CodeIgniter.php(825): App\Controllers\Pages->view('city_list')
#6 C:\wamp64\www\new_bio\system\CodeIgniter.php(412): CodeIgniter\CodeIgniter->runController(Object(App\Controllers\Pages))
#7 C:\wamp64\www\new_bio\system\CodeIgniter.php(320): CodeIgniter\CodeIgniter->handleRequest(NULL, Object(Config\Cache), false)
#8 C:\wamp64\www\new_bio\public\index.php(37): CodeIgniter\CodeIgniter->run()
#9 {main}
CRITICAL - 2022-02-06 04:15:18 --> Undefined variable: arrCity
#0 C:\wamp64\www\new_bio\app\Views\pages\city_list.php(24): CodeIgniter\Debug\Exceptions->errorHandler(8, 'Undefined varia...', 'C:\\wamp64\\www\\n...', 24, Array)
#1 C:\wamp64\www\new_bio\system\View\View.php(210): include('C:\\wamp64\\www\\n...')
#2 C:\wamp64\www\new_bio\system\View\View.php(213): CodeIgniter\View\View->CodeIgniter\View\{closure}()
#3 C:\wamp64\www\new_bio\system\Common.php(1089): CodeIgniter\View\View->render('pages/city_list', Array, true)
#4 C:\wamp64\www\new_bio\app\Controllers\Pages.php(151): view('pages/city_list', Array)
#5 C:\wamp64\www\new_bio\system\CodeIgniter.php(825): App\Controllers\Pages->view('city_list')
#6 C:\wamp64\www\new_bio\system\CodeIgniter.php(412): CodeIgniter\CodeIgniter->runController(Object(App\Controllers\Pages))
#7 C:\wamp64\www\new_bio\system\CodeIgniter.php(320): CodeIgniter\CodeIgniter->handleRequest(NULL, Object(Config\Cache), false)
#8 C:\wamp64\www\new_bio\public\index.php(37): CodeIgniter\CodeIgniter->run()
#9 {main}
CRITICAL - 2022-02-06 04:16:11 --> Undefined variable: arrCity
#0 C:\wamp64\www\new_bio\app\Views\pages\city_list.php(25): CodeIgniter\Debug\Exceptions->errorHandler(8, 'Undefined varia...', 'C:\\wamp64\\www\\n...', 25, Array)
#1 C:\wamp64\www\new_bio\system\View\View.php(210): include('C:\\wamp64\\www\\n...')
#2 C:\wamp64\www\new_bio\system\View\View.php(213): CodeIgniter\View\View->CodeIgniter\View\{closure}()
#3 C:\wamp64\www\new_bio\system\Common.php(1089): CodeIgniter\View\View->render('pages/city_list', Array, true)
#4 C:\wamp64\www\new_bio\app\Controllers\Pages.php(151): view('pages/city_list', Array)
#5 C:\wamp64\www\new_bio\system\CodeIgniter.php(825): App\Controllers\Pages->view('city_list')
#6 C:\wamp64\www\new_bio\system\CodeIgniter.php(412): CodeIgniter\CodeIgniter->runController(Object(App\Controllers\Pages))
#7 C:\wamp64\www\new_bio\system\CodeIgniter.php(320): CodeIgniter\CodeIgniter->handleRequest(NULL, Object(Config\Cache), false)
#8 C:\wamp64\www\new_bio\public\index.php(37): CodeIgniter\CodeIgniter->run()
#9 {main}
CRITICAL - 2022-02-06 04:16:49 --> Invalid argument supplied for foreach()
#0 C:\wamp64\www\new_bio\app\Views\pages\city_list.php(25): CodeIgniter\Debug\Exceptions->errorHandler(2, 'Invalid argumen...', 'C:\\wamp64\\www\\n...', 25, Array)
#1 C:\wamp64\www\new_bio\system\View\View.php(210): include('C:\\wamp64\\www\\n...')
#2 C:\wamp64\www\new_bio\system\View\View.php(213): CodeIgniter\View\View->CodeIgniter\View\{closure}()
#3 C:\wamp64\www\new_bio\system\Common.php(1089): CodeIgniter\View\View->render('pages/city_list', Array, true)
#4 C:\wamp64\www\new_bio\app\Controllers\Pages.php(151): view('pages/city_list', Array)
#5 C:\wamp64\www\new_bio\system\CodeIgniter.php(825): App\Controllers\Pages->view('city_list')
#6 C:\wamp64\www\new_bio\system\CodeIgniter.php(412): CodeIgniter\CodeIgniter->runController(Object(App\Controllers\Pages))
#7 C:\wamp64\www\new_bio\system\CodeIgniter.php(320): CodeIgniter\CodeIgniter->handleRequest(NULL, Object(Config\Cache), false)
#8 C:\wamp64\www\new_bio\public\index.php(37): CodeIgniter\CodeIgniter->run()
#9 {main}
CRITICAL - 2022-02-06 04:17:55 --> Invalid argument supplied for foreach()
#0 C:\wamp64\www\new_bio\app\Views\pages\city_list.php(15): CodeIgniter\Debug\Exceptions->errorHandler(2, 'Invalid argumen...', 'C:\\wamp64\\www\\n...', 15, Array)
#1 C:\wamp64\www\new_bio\system\View\View.php(210): include('C:\\wamp64\\www\\n...')
#2 C:\wamp64\www\new_bio\system\View\View.php(213): CodeIgniter\View\View->CodeIgniter\View\{closure}()
#3 C:\wamp64\www\new_bio\system\Common.php(1089): CodeIgniter\View\View->render('pages/city_list', Array, true)
#4 C:\wamp64\www\new_bio\app\Controllers\Pages.php(151): view('pages/city_list', Array)
#5 C:\wamp64\www\new_bio\system\CodeIgniter.php(825): App\Controllers\Pages->view('city_list')
#6 C:\wamp64\www\new_bio\system\CodeIgniter.php(412): CodeIgniter\CodeIgniter->runController(Object(App\Controllers\Pages))
#7 C:\wamp64\www\new_bio\system\CodeIgniter.php(320): CodeIgniter\CodeIgniter->handleRequest(NULL, Object(Config\Cache), false)
#8 C:\wamp64\www\new_bio\public\index.php(37): CodeIgniter\CodeIgniter->run()
#9 {main}
CRITICAL - 2022-02-06 04:18:59 --> Invalid argument supplied for foreach()
#0 C:\wamp64\www\new_bio\app\Views\pages\city_list.php(11): CodeIgniter\Debug\Exceptions->errorHandler(2, 'Invalid argumen...', 'C:\\wamp64\\www\\n...', 11, Array)
#1 C:\wamp64\www\new_bio\system\View\View.php(210): include('C:\\wamp64\\www\\n...')
#2 C:\wamp64\www\new_bio\system\View\View.php(213): CodeIgniter\View\View->CodeIgniter\View\{closure}()
#3 C:\wamp64\www\new_bio\system\Common.php(1089): CodeIgniter\View\View->render('pages/city_list', Array, true)
#4 C:\wamp64\www\new_bio\app\Controllers\Pages.php(151): view('pages/city_list', Array)
#5 C:\wamp64\www\new_bio\system\CodeIgniter.php(825): App\Controllers\Pages->view('city_list')
#6 C:\wamp64\www\new_bio\system\CodeIgniter.php(412): CodeIgniter\CodeIgniter->runController(Object(App\Controllers\Pages))
#7 C:\wamp64\www\new_bio\system\CodeIgniter.php(320): CodeIgniter\CodeIgniter->handleRequest(NULL, Object(Config\Cache), false)
#8 C:\wamp64\www\new_bio\public\index.php(37): CodeIgniter\CodeIgniter->run()
#9 {main}
CRITICAL - 2022-02-06 04:19:23 --> Invalid argument supplied for foreach()
#0 C:\wamp64\www\new_bio\app\Views\pages\city_list.php(11): CodeIgniter\Debug\Exceptions->errorHandler(2, 'Invalid argumen...', 'C:\\wamp64\\www\\n...', 11, Array)
#1 C:\wamp64\www\new_bio\system\View\View.php(210): include('C:\\wamp64\\www\\n...')
#2 C:\wamp64\www\new_bio\system\View\View.php(213): CodeIgniter\View\View->CodeIgniter\View\{closure}()
#3 C:\wamp64\www\new_bio\system\Common.php(1089): CodeIgniter\View\View->render('pages/city_list', Array, true)
#4 C:\wamp64\www\new_bio\app\Controllers\Pages.php(151): view('pages/city_list', Array)
#5 C:\wamp64\www\new_bio\system\CodeIgniter.php(825): App\Controllers\Pages->view('city_list')
#6 C:\wamp64\www\new_bio\system\CodeIgniter.php(412): CodeIgniter\CodeIgniter->runController(Object(App\Controllers\Pages))
#7 C:\wamp64\www\new_bio\system\CodeIgniter.php(320): CodeIgniter\CodeIgniter->handleRequest(NULL, Object(Config\Cache), false)
#8 C:\wamp64\www\new_bio\public\index.php(37): CodeIgniter\CodeIgniter->run()
#9 {main}
CRITICAL - 2022-02-06 04:19:53 --> Invalid argument supplied for foreach()
#0 C:\wamp64\www\new_bio\app\Views\pages\city_list.php(11): CodeIgniter\Debug\Exceptions->errorHandler(2, 'Invalid argumen...', 'C:\\wamp64\\www\\n...', 11, Array)
#1 C:\wamp64\www\new_bio\system\View\View.php(210): include('C:\\wamp64\\www\\n...')
#2 C:\wamp64\www\new_bio\system\View\View.php(213): CodeIgniter\View\View->CodeIgniter\View\{closure}()
#3 C:\wamp64\www\new_bio\system\Common.php(1089): CodeIgniter\View\View->render('pages/city_list', Array, true)
#4 C:\wamp64\www\new_bio\app\Controllers\Pages.php(151): view('pages/city_list', Array)
#5 C:\wamp64\www\new_bio\system\CodeIgniter.php(825): App\Controllers\Pages->view('city_list')
#6 C:\wamp64\www\new_bio\system\CodeIgniter.php(412): CodeIgniter\CodeIgniter->runController(Object(App\Controllers\Pages))
#7 C:\wamp64\www\new_bio\system\CodeIgniter.php(320): CodeIgniter\CodeIgniter->handleRequest(NULL, Object(Config\Cache), false)
#8 C:\wamp64\www\new_bio\public\index.php(37): CodeIgniter\CodeIgniter->run()
#9 {main}
CRITICAL - 2022-02-06 04:20:47 --> Invalid argument supplied for foreach()
#0 C:\wamp64\www\new_bio\app\Views\pages\city_list.php(11): CodeIgniter\Debug\Exceptions->errorHandler(2, 'Invalid argumen...', 'C:\\wamp64\\www\\n...', 11, Array)
#1 C:\wamp64\www\new_bio\system\View\View.php(210): include('C:\\wamp64\\www\\n...')
#2 C:\wamp64\www\new_bio\system\View\View.php(213): CodeIgniter\View\View->CodeIgniter\View\{closure}()
#3 C:\wamp64\www\new_bio\system\Common.php(1089): CodeIgniter\View\View->render('pages/city_list', Array, true)
#4 C:\wamp64\www\new_bio\app\Controllers\Pages.php(151): view('pages/city_list', Array)
#5 C:\wamp64\www\new_bio\system\CodeIgniter.php(825): App\Controllers\Pages->view('city_list')
#6 C:\wamp64\www\new_bio\system\CodeIgniter.php(412): CodeIgniter\CodeIgniter->runController(Object(App\Controllers\Pages))
#7 C:\wamp64\www\new_bio\system\CodeIgniter.php(320): CodeIgniter\CodeIgniter->handleRequest(NULL, Object(Config\Cache), false)
#8 C:\wamp64\www\new_bio\public\index.php(37): CodeIgniter\CodeIgniter->run()
#9 {main}
CRITICAL - 2022-02-06 04:22:29 --> Undefined variable: arrCity
#0 C:\wamp64\www\new_bio\app\Views\pages\city_list.php(10): CodeIgniter\Debug\Exceptions->errorHandler(8, 'Undefined varia...', 'C:\\wamp64\\www\\n...', 10, Array)
#1 C:\wamp64\www\new_bio\system\View\View.php(210): include('C:\\wamp64\\www\\n...')
#2 C:\wamp64\www\new_bio\system\View\View.php(213): CodeIgniter\View\View->CodeIgniter\View\{closure}()
#3 C:\wamp64\www\new_bio\system\Common.php(1089): CodeIgniter\View\View->render('pages/city_list', Array, true)
#4 C:\wamp64\www\new_bio\app\Controllers\Pages.php(151): view('pages/city_list', Array)
#5 C:\wamp64\www\new_bio\system\CodeIgniter.php(825): App\Controllers\Pages->view('city_list')
#6 C:\wamp64\www\new_bio\system\CodeIgniter.php(412): CodeIgniter\CodeIgniter->runController(Object(App\Controllers\Pages))
#7 C:\wamp64\www\new_bio\system\CodeIgniter.php(320): CodeIgniter\CodeIgniter->handleRequest(NULL, Object(Config\Cache), false)
#8 C:\wamp64\www\new_bio\public\index.php(37): CodeIgniter\CodeIgniter->run()
#9 {main}
CRITICAL - 2022-02-06 04:23:09 --> Undefined variable: arrCity
#0 C:\wamp64\www\new_bio\app\Views\pages\city_list.php(10): CodeIgniter\Debug\Exceptions->errorHandler(8, 'Undefined varia...', 'C:\\wamp64\\www\\n...', 10, Array)
#1 C:\wamp64\www\new_bio\system\View\View.php(210): include('C:\\wamp64\\www\\n...')
#2 C:\wamp64\www\new_bio\system\View\View.php(213): CodeIgniter\View\View->CodeIgniter\View\{closure}()
#3 C:\wamp64\www\new_bio\system\Common.php(1089): CodeIgniter\View\View->render('pages/city_list', Array, true)
#4 C:\wamp64\www\new_bio\app\Controllers\Pages.php(151): view('pages/city_list', Array)
#5 C:\wamp64\www\new_bio\system\CodeIgniter.php(825): App\Controllers\Pages->view('city_list')
#6 C:\wamp64\www\new_bio\system\CodeIgniter.php(412): CodeIgniter\CodeIgniter->runController(Object(App\Controllers\Pages))
#7 C:\wamp64\www\new_bio\system\CodeIgniter.php(320): CodeIgniter\CodeIgniter->handleRequest(NULL, Object(Config\Cache), false)
#8 C:\wamp64\www\new_bio\public\index.php(37): CodeIgniter\CodeIgniter->run()
#9 {main}
CRITICAL - 2022-02-06 04:23:40 --> Undefined variable: arrCity
#0 C:\wamp64\www\new_bio\app\Views\pages\city_list.php(10): CodeIgniter\Debug\Exceptions->errorHandler(8, 'Undefined varia...', 'C:\\wamp64\\www\\n...', 10, Array)
#1 C:\wamp64\www\new_bio\system\View\View.php(210): include('C:\\wamp64\\www\\n...')
#2 C:\wamp64\www\new_bio\system\View\View.php(213): CodeIgniter\View\View->CodeIgniter\View\{closure}()
#3 C:\wamp64\www\new_bio\system\Common.php(1089): CodeIgniter\View\View->render('pages/city_list', Array, true)
#4 C:\wamp64\www\new_bio\app\Controllers\Pages.php(151): view('pages/city_list', Array)
#5 C:\wamp64\www\new_bio\system\CodeIgniter.php(825): App\Controllers\Pages->view('city_list')
#6 C:\wamp64\www\new_bio\system\CodeIgniter.php(412): CodeIgniter\CodeIgniter->runController(Object(App\Controllers\Pages))
#7 C:\wamp64\www\new_bio\system\CodeIgniter.php(320): CodeIgniter\CodeIgniter->handleRequest(NULL, Object(Config\Cache), false)
#8 C:\wamp64\www\new_bio\public\index.php(37): CodeIgniter\CodeIgniter->run()
#9 {main}
CRITICAL - 2022-02-06 04:26:18 --> Undefined variable: arrCity
#0 C:\wamp64\www\new_bio\app\Views\pages\city_list.php(10): CodeIgniter\Debug\Exceptions->errorHandler(8, 'Undefined varia...', 'C:\\wamp64\\www\\n...', 10, Array)
#1 C:\wamp64\www\new_bio\system\View\View.php(210): include('C:\\wamp64\\www\\n...')
#2 C:\wamp64\www\new_bio\system\View\View.php(213): CodeIgniter\View\View->CodeIgniter\View\{closure}()
#3 C:\wamp64\www\new_bio\system\Common.php(1089): CodeIgniter\View\View->render('pages/city_list', Array, true)
#4 C:\wamp64\www\new_bio\app\Controllers\Pages.php(151): view('pages/city_list', Array)
#5 C:\wamp64\www\new_bio\system\CodeIgniter.php(825): App\Controllers\Pages->view('city_list')
#6 C:\wamp64\www\new_bio\system\CodeIgniter.php(412): CodeIgniter\CodeIgniter->runController(Object(App\Controllers\Pages))
#7 C:\wamp64\www\new_bio\system\CodeIgniter.php(320): CodeIgniter\CodeIgniter->handleRequest(NULL, Object(Config\Cache), false)
#8 C:\wamp64\www\new_bio\public\index.php(37): CodeIgniter\CodeIgniter->run()
#9 {main}
CRITICAL - 2022-02-06 04:27:25 --> Undefined variable: arrCity
#0 C:\wamp64\www\new_bio\app\Views\pages\city_list.php(10): CodeIgniter\Debug\Exceptions->errorHandler(8, 'Undefined varia...', 'C:\\wamp64\\www\\n...', 10, Array)
#1 C:\wamp64\www\new_bio\system\View\View.php(210): include('C:\\wamp64\\www\\n...')
#2 C:\wamp64\www\new_bio\system\View\View.php(213): CodeIgniter\View\View->CodeIgniter\View\{closure}()
#3 C:\wamp64\www\new_bio\system\Common.php(1089): CodeIgniter\View\View->render('pages/city_list', Array, true)
#4 C:\wamp64\www\new_bio\app\Controllers\Pages.php(151): view('pages/city_list', Array)
#5 C:\wamp64\www\new_bio\system\CodeIgniter.php(825): App\Controllers\Pages->view('city_list')
#6 C:\wamp64\www\new_bio\system\CodeIgniter.php(412): CodeIgniter\CodeIgniter->runController(Object(App\Controllers\Pages))
#7 C:\wamp64\www\new_bio\system\CodeIgniter.php(320): CodeIgniter\CodeIgniter->handleRequest(NULL, Object(Config\Cache), false)
#8 C:\wamp64\www\new_bio\public\index.php(37): CodeIgniter\CodeIgniter->run()
#9 {main}
CRITICAL - 2022-02-06 04:29:12 --> Undefined variable: arrCity
#0 C:\wamp64\www\new_bio\app\Views\pages\city_list.php(10): CodeIgniter\Debug\Exceptions->errorHandler(8, 'Undefined varia...', 'C:\\wamp64\\www\\n...', 10, Array)
#1 C:\wamp64\www\new_bio\system\View\View.php(210): include('C:\\wamp64\\www\\n...')
#2 C:\wamp64\www\new_bio\system\View\View.php(213): CodeIgniter\View\View->CodeIgniter\View\{closure}()
#3 C:\wamp64\www\new_bio\system\Common.php(1089): CodeIgniter\View\View->render('pages/city_list', Array, true)
#4 C:\wamp64\www\new_bio\app\Controllers\Pages.php(151): view('pages/city_list', Array)
#5 C:\wamp64\www\new_bio\system\CodeIgniter.php(825): App\Controllers\Pages->view('city_list', 'index')
#6 C:\wamp64\www\new_bio\system\CodeIgniter.php(412): CodeIgniter\CodeIgniter->runController(Object(App\Controllers\Pages))
#7 C:\wamp64\www\new_bio\system\CodeIgniter.php(320): CodeIgniter\CodeIgniter->handleRequest(NULL, Object(Config\Cache), false)
#8 C:\wamp64\www\new_bio\public\index.php(37): CodeIgniter\CodeIgniter->run()
#9 {main}
CRITICAL - 2022-02-06 04:29:34 --> Undefined variable: arrCity
#0 C:\wamp64\www\new_bio\app\Views\pages\city_list.php(10): CodeIgniter\Debug\Exceptions->errorHandler(8, 'Undefined varia...', 'C:\\wamp64\\www\\n...', 10, Array)
#1 C:\wamp64\www\new_bio\system\View\View.php(210): include('C:\\wamp64\\www\\n...')
#2 C:\wamp64\www\new_bio\system\View\View.php(213): CodeIgniter\View\View->CodeIgniter\View\{closure}()
#3 C:\wamp64\www\new_bio\system\Common.php(1089): CodeIgniter\View\View->render('pages/city_list', Array, true)
#4 C:\wamp64\www\new_bio\app\Controllers\Pages.php(151): view('pages/city_list', Array)
#5 C:\wamp64\www\new_bio\system\CodeIgniter.php(825): App\Controllers\Pages->view('city_list', 'index')
#6 C:\wamp64\www\new_bio\system\CodeIgniter.php(412): CodeIgniter\CodeIgniter->runController(Object(App\Controllers\Pages))
#7 C:\wamp64\www\new_bio\system\CodeIgniter.php(320): CodeIgniter\CodeIgniter->handleRequest(NULL, Object(Config\Cache), false)
#8 C:\wamp64\www\new_bio\public\index.php(37): CodeIgniter\CodeIgniter->run()
#9 {main}
CRITICAL - 2022-02-06 04:29:40 --> Undefined variable: arrCity
#0 C:\wamp64\www\new_bio\app\Views\pages\city_list.php(10): CodeIgniter\Debug\Exceptions->errorHandler(8, 'Undefined varia...', 'C:\\wamp64\\www\\n...', 10, Array)
#1 C:\wamp64\www\new_bio\system\View\View.php(210): include('C:\\wamp64\\www\\n...')
#2 C:\wamp64\www\new_bio\system\View\View.php(213): CodeIgniter\View\View->CodeIgniter\View\{closure}()
#3 C:\wamp64\www\new_bio\system\Common.php(1089): CodeIgniter\View\View->render('pages/city_list', Array, true)
#4 C:\wamp64\www\new_bio\app\Controllers\Pages.php(151): view('pages/city_list', Array)
#5 C:\wamp64\www\new_bio\system\CodeIgniter.php(825): App\Controllers\Pages->view('city_list', 'index')
#6 C:\wamp64\www\new_bio\system\CodeIgniter.php(412): CodeIgniter\CodeIgniter->runController(Object(App\Controllers\Pages))
#7 C:\wamp64\www\new_bio\system\CodeIgniter.php(320): CodeIgniter\CodeIgniter->handleRequest(NULL, Object(Config\Cache), false)
#8 C:\wamp64\www\new_bio\public\index.php(37): CodeIgniter\CodeIgniter->run()
#9 {main}
CRITICAL - 2022-02-06 04:30:44 --> Undefined variable: arrCity
#0 C:\wamp64\www\new_bio\app\Views\pages\city_list.php(10): CodeIgniter\Debug\Exceptions->errorHandler(8, 'Undefined varia...', 'C:\\wamp64\\www\\n...', 10, Array)
#1 C:\wamp64\www\new_bio\system\View\View.php(210): include('C:\\wamp64\\www\\n...')
#2 C:\wamp64\www\new_bio\system\View\View.php(213): CodeIgniter\View\View->CodeIgniter\View\{closure}()
#3 C:\wamp64\www\new_bio\system\Common.php(1089): CodeIgniter\View\View->render('pages/city_list', Array, true)
#4 C:\wamp64\www\new_bio\app\Controllers\Pages.php(151): view('pages/city_list', Array)
#5 C:\wamp64\www\new_bio\system\CodeIgniter.php(825): App\Controllers\Pages->view('city_list')
#6 C:\wamp64\www\new_bio\system\CodeIgniter.php(412): CodeIgniter\CodeIgniter->runController(Object(App\Controllers\Pages))
#7 C:\wamp64\www\new_bio\system\CodeIgniter.php(320): CodeIgniter\CodeIgniter->handleRequest(NULL, Object(Config\Cache), false)
#8 C:\wamp64\www\new_bio\public\index.php(37): CodeIgniter\CodeIgniter->run()
#9 {main}
CRITICAL - 2022-02-06 04:34:41 --> Class 'App\Controllers\City_model' not found
#0 C:\wamp64\www\new_bio\system\CodeIgniter.php(825): App\Controllers\City->index()
#1 C:\wamp64\www\new_bio\system\CodeIgniter.php(412): CodeIgniter\CodeIgniter->runController(Object(App\Controllers\City))
#2 C:\wamp64\www\new_bio\system\CodeIgniter.php(320): CodeIgniter\CodeIgniter->handleRequest(NULL, Object(Config\Cache), false)
#3 C:\wamp64\www\new_bio\public\index.php(37): CodeIgniter\CodeIgniter->run()
#4 {main}
CRITICAL - 2022-02-06 04:35:25 --> Invalid file: city_list.php
#0 C:\wamp64\www\new_bio\system\View\View.php(198): CodeIgniter\Exceptions\FrameworkException::forInvalidFile('city_list.php')
#1 C:\wamp64\www\new_bio\system\Common.php(1089): CodeIgniter\View\View->render('city_list', Array, true)
#2 C:\wamp64\www\new_bio\app\Controllers\City.php(19): view('city_list', Array)
#3 C:\wamp64\www\new_bio\system\CodeIgniter.php(825): App\Controllers\City->index()
#4 C:\wamp64\www\new_bio\system\CodeIgniter.php(412): CodeIgniter\CodeIgniter->runController(Object(App\Controllers\City))
#5 C:\wamp64\www\new_bio\system\CodeIgniter.php(320): CodeIgniter\CodeIgniter->handleRequest(NULL, Object(Config\Cache), false)
#6 C:\wamp64\www\new_bio\public\index.php(37): CodeIgniter\CodeIgniter->run()
#7 {main}
CRITICAL - 2022-02-06 04:47:08 --> Undefined variable: arrCity
#0 C:\wamp64\www\new_bio\app\Views\product_list.php(10): CodeIgniter\Debug\Exceptions->errorHandler(8, 'Undefined varia...', 'C:\\wamp64\\www\\n...', 10, Array)
#1 C:\wamp64\www\new_bio\system\View\View.php(210): include('C:\\wamp64\\www\\n...')
#2 C:\wamp64\www\new_bio\system\View\View.php(213): CodeIgniter\View\View->CodeIgniter\View\{closure}()
#3 C:\wamp64\www\new_bio\system\Common.php(1089): CodeIgniter\View\View->render('product_list', Array, true)
#4 C:\wamp64\www\new_bio\app\Controllers\Product.php(19): view('product_list', Array)
#5 C:\wamp64\www\new_bio\system\CodeIgniter.php(825): App\Controllers\Product->index()
#6 C:\wamp64\www\new_bio\system\CodeIgniter.php(412): CodeIgniter\CodeIgniter->runController(Object(App\Controllers\Product))
#7 C:\wamp64\www\new_bio\system\CodeIgniter.php(320): CodeIgniter\CodeIgniter->handleRequest(NULL, Object(Config\Cache), false)
#8 C:\wamp64\www\new_bio\public\index.php(37): CodeIgniter\CodeIgniter->run()
#9 {main}
CRITICAL - 2022-02-06 04:47:41 --> Undefined variable: arrCity
#0 C:\wamp64\www\new_bio\app\Views\product_list.php(10): CodeIgniter\Debug\Exceptions->errorHandler(8, 'Undefined varia...', 'C:\\wamp64\\www\\n...', 10, Array)
#1 C:\wamp64\www\new_bio\system\View\View.php(210): include('C:\\wamp64\\www\\n...')
#2 C:\wamp64\www\new_bio\system\View\View.php(213): CodeIgniter\View\View->CodeIgniter\View\{closure}()
#3 C:\wamp64\www\new_bio\system\Common.php(1089): CodeIgniter\View\View->render('product_list', Array, true)
#4 C:\wamp64\www\new_bio\app\Controllers\Product.php(19): view('product_list', Array)
#5 C:\wamp64\www\new_bio\system\CodeIgniter.php(825): App\Controllers\Product->index()
#6 C:\wamp64\www\new_bio\system\CodeIgniter.php(412): CodeIgniter\CodeIgniter->runController(Object(App\Controllers\Product))
#7 C:\wamp64\www\new_bio\system\CodeIgniter.php(320): CodeIgniter\CodeIgniter->handleRequest(NULL, Object(Config\Cache), false)
#8 C:\wamp64\www\new_bio\public\index.php(37): CodeIgniter\CodeIgniter->run()
#9 {main}
