CRITICAL - 2022-02-15 03:24:16 --> Undefined index: title
#0 C:\wamp64\www\Test_Local-Bio\writable\cache\templates_c\43062a690f510aff1ce8b7b8ea46a769ff61114f_0.file.header.tpl.php(35): CodeIgniter\Debug\Exceptions->errorHandler(8, 'Undefined index...', 'C:\\wamp64\\www\\T...', 35, Array)
#1 C:\wamp64\www\Test_Local-Bio\app\smarty\libs\sysplugins\smarty_template_resource_base.php(123): content_620b6b05584333_44978179(Object(Smarty_Internal_Template))
#2 C:\wamp64\www\Test_Local-Bio\app\smarty\libs\sysplugins\smarty_template_compiled.php(114): Smarty_Template_Resource_Base->getRenderedTemplateCode(Object(Smarty_Internal_Template))
#3 C:\wamp64\www\Test_Local-Bio\app\smarty\libs\sysplugins\smarty_internal_template.php(216): Smarty_Template_Compiled->render(Object(Smarty_Internal_Template))
#4 C:\wamp64\www\Test_Local-Bio\app\smarty\libs\sysplugins\smarty_internal_template.php(385): Smarty_Internal_Template->render()
#5 C:\wamp64\www\Test_Local-Bio\writable\cache\templates_c\6689d1bea980ec552ddd62865cc54acfce608745_0.file.layout.tpl.php(28): Smarty_Internal_Template->_subTemplateRender('file:header.tpl', NULL, NULL, 0, 3600, Array, 0, false)
#6 C:\wamp64\www\Test_Local-Bio\app\smarty\libs\sysplugins\smarty_template_resource_base.php(123): content_620b6b05548a62_20474984(Object(Smarty_Internal_Template))
#7 C:\wamp64\www\Test_Local-Bio\app\smarty\libs\sysplugins\smarty_template_compiled.php(114): Smarty_Template_Resource_Base->getRenderedTemplateCode(Object(Smarty_Internal_Template))
#8 C:\wamp64\www\Test_Local-Bio\app\smarty\libs\sysplugins\smarty_internal_template.php(216): Smarty_Template_Compiled->render(Object(Smarty_Internal_Template))
#9 C:\wamp64\www\Test_Local-Bio\app\smarty\libs\sysplugins\smarty_internal_template.php(385): Smarty_Internal_Template->render()
#10 C:\wamp64\www\Test_Local-Bio\app\smarty\libs\sysplugins\smarty_internal_runtime_inheritance.php(116): Smarty_Internal_Template->_subTemplateRender('layout.tpl', NULL, NULL, 0, 3600, Array, 2, false, NULL, NULL)
#11 C:\wamp64\www\Test_Local-Bio\writable\cache\templates_c\a93f0a217bcbdfb7e56377f5a6493bfb6ec975ed_0.file.accueil.tpl.php(30): Smarty_Internal_Runtime_Inheritance->endChild(Object(Smarty_Internal_Template), 'layout.tpl')
#12 C:\wamp64\www\Test_Local-Bio\app\smarty\libs\sysplugins\smarty_template_resource_base.php(123): content_620b6b05481461_15834867(Object(Smarty_Internal_Template))
#13 C:\wamp64\www\Test_Local-Bio\app\smarty\libs\sysplugins\smarty_template_compiled.php(114): Smarty_Template_Resource_Base->getRenderedTemplateCode(Object(Smarty_Internal_Template))
#14 C:\wamp64\www\Test_Local-Bio\app\smarty\libs\sysplugins\smarty_internal_template.php(216): Smarty_Template_Compiled->render(Object(Smarty_Internal_Template))
#15 C:\wamp64\www\Test_Local-Bio\app\smarty\libs\sysplugins\smarty_internal_templatebase.php(238): Smarty_Internal_Template->render(false, 1)
#16 C:\wamp64\www\Test_Local-Bio\app\smarty\libs\sysplugins\smarty_internal_templatebase.php(134): Smarty_Internal_TemplateBase->_execute(Object(Smarty_Internal_Template), NULL, NULL, NULL, 1)
#17 C:\wamp64\www\Test_Local-Bio\app\Controllers\BaseController.php(70): Smarty_Internal_TemplateBase->display('accueil.tpl')
#18 C:\wamp64\www\Test_Local-Bio\app\Controllers\pages.php(18): App\Controllers\BaseController->display('accueil.tpl')
#19 C:\wamp64\www\Test_Local-Bio\system\CodeIgniter.php(825): App\Controllers\Pages->accueil()
#20 C:\wamp64\www\Test_Local-Bio\system\CodeIgniter.php(412): CodeIgniter\CodeIgniter->runController(Object(App\Controllers\Pages))
#21 C:\wamp64\www\Test_Local-Bio\system\CodeIgniter.php(320): CodeIgniter\CodeIgniter->handleRequest(NULL, Object(Config\Cache), false)
#22 C:\wamp64\www\Test_Local-Bio\public\index.php(37): CodeIgniter\CodeIgniter->run()
#23 {main}
CRITICAL - 2022-02-15 09:04:17 --> Syntax error in template "file:C:\wamp64\www\Test_Local-Bio\app\Views\header.tpl"  on line 10 "<link rel="stylesheet" href="{$base_url('assets/css/{$title}.css')}">"  - Unexpected "(", expected one of: "}"
#0 C:\wamp64\www\Test_Local-Bio\app\smarty\libs\sysplugins\smarty_internal_templateparser.php(2819): Smarty_Internal_TemplateCompilerBase->trigger_template_error()
#1 C:\wamp64\www\Test_Local-Bio\app\smarty\libs\sysplugins\smarty_internal_templateparser.php(2880): Smarty_Internal_Templateparser->yy_syntax_error(35, '(')
#2 C:\wamp64\www\Test_Local-Bio\app\smarty\libs\sysplugins\smarty_internal_smartytemplatecompiler.php(128): Smarty_Internal_Templateparser->doParse(35, '(')
#3 C:\wamp64\www\Test_Local-Bio\app\smarty\libs\sysplugins\smarty_internal_templatecompilerbase.php(469): Smarty_Internal_SmartyTemplateCompiler->doCompile('<!DOCTYPE html>...', true)
#4 C:\wamp64\www\Test_Local-Bio\app\smarty\libs\sysplugins\smarty_internal_templatecompilerbase.php(395): Smarty_Internal_TemplateCompilerBase->compileTemplateSource(Object(Smarty_Internal_Template), false, NULL)
#5 C:\wamp64\www\Test_Local-Bio\app\smarty\libs\sysplugins\smarty_template_compiled.php(184): Smarty_Internal_TemplateCompilerBase->compileTemplate(Object(Smarty_Internal_Template))
#6 C:\wamp64\www\Test_Local-Bio\app\smarty\libs\sysplugins\smarty_template_compiled.php(141): Smarty_Template_Compiled->compileTemplateSource(Object(Smarty_Internal_Template))
#7 C:\wamp64\www\Test_Local-Bio\app\smarty\libs\sysplugins\smarty_template_compiled.php(105): Smarty_Template_Compiled->process(Object(Smarty_Internal_Template))
#8 C:\wamp64\www\Test_Local-Bio\app\smarty\libs\sysplugins\smarty_internal_template.php(216): Smarty_Template_Compiled->render(Object(Smarty_Internal_Template))
#9 C:\wamp64\www\Test_Local-Bio\app\smarty\libs\sysplugins\smarty_internal_template.php(385): Smarty_Internal_Template->render()
#10 C:\wamp64\www\Test_Local-Bio\writable\cache\templates_c\6689d1bea980ec552ddd62865cc54acfce608745_0.file.layout.tpl.php(28): Smarty_Internal_Template->_subTemplateRender('file:header.tpl', NULL, NULL, 0, 3600, Array, 0, false)
#11 C:\wamp64\www\Test_Local-Bio\app\smarty\libs\sysplugins\smarty_template_resource_base.php(123): content_620b6b05548a62_20474984(Object(Smarty_Internal_Template))
#12 C:\wamp64\www\Test_Local-Bio\app\smarty\libs\sysplugins\smarty_template_compiled.php(114): Smarty_Template_Resource_Base->getRenderedTemplateCode(Object(Smarty_Internal_Template))
#13 C:\wamp64\www\Test_Local-Bio\app\smarty\libs\sysplugins\smarty_internal_template.php(216): Smarty_Template_Compiled->render(Object(Smarty_Internal_Template))
#14 C:\wamp64\www\Test_Local-Bio\app\smarty\libs\sysplugins\smarty_internal_template.php(385): Smarty_Internal_Template->render()
#15 C:\wamp64\www\Test_Local-Bio\app\smarty\libs\sysplugins\smarty_internal_runtime_inheritance.php(116): Smarty_Internal_Template->_subTemplateRender('layout.tpl', NULL, NULL, 0, 3600, Array, 2, false, NULL, NULL)
#16 C:\wamp64\www\Test_Local-Bio\writable\cache\templates_c\a93f0a217bcbdfb7e56377f5a6493bfb6ec975ed_0.file.accueil.tpl.php(30): Smarty_Internal_Runtime_Inheritance->endChild(Object(Smarty_Internal_Template), 'layout.tpl')
#17 C:\wamp64\www\Test_Local-Bio\app\smarty\libs\sysplugins\smarty_template_resource_base.php(123): content_620bb9a3b9cbf8_23095392(Object(Smarty_Internal_Template))
#18 C:\wamp64\www\Test_Local-Bio\app\smarty\libs\sysplugins\smarty_template_compiled.php(114): Smarty_Template_Resource_Base->getRenderedTemplateCode(Object(Smarty_Internal_Template))
#19 C:\wamp64\www\Test_Local-Bio\app\smarty\libs\sysplugins\smarty_internal_template.php(216): Smarty_Template_Compiled->render(Object(Smarty_Internal_Template))
#20 C:\wamp64\www\Test_Local-Bio\app\smarty\libs\sysplugins\smarty_internal_templatebase.php(238): Smarty_Internal_Template->render(false, 1)
#21 C:\wamp64\www\Test_Local-Bio\app\smarty\libs\sysplugins\smarty_internal_templatebase.php(134): Smarty_Internal_TemplateBase->_execute(Object(Smarty_Internal_Template), NULL, NULL, NULL, 1)
#22 C:\wamp64\www\Test_Local-Bio\app\Controllers\BaseController.php(70): Smarty_Internal_TemplateBase->display('accueil.tpl')
#23 C:\wamp64\www\Test_Local-Bio\app\Controllers\pages.php(19): App\Controllers\BaseController->display('accueil.tpl')
#24 C:\wamp64\www\Test_Local-Bio\system\CodeIgniter.php(825): App\Controllers\Pages->accueil()
#25 C:\wamp64\www\Test_Local-Bio\system\CodeIgniter.php(412): CodeIgniter\CodeIgniter->runController(Object(App\Controllers\Pages))
#26 C:\wamp64\www\Test_Local-Bio\system\CodeIgniter.php(320): CodeIgniter\CodeIgniter->handleRequest(NULL, Object(Config\Cache), false)
#27 C:\wamp64\www\Test_Local-Bio\public\index.php(37): CodeIgniter\CodeIgniter->run()
#28 {main}
CRITICAL - 2022-02-15 09:14:33 --> Syntax error in template "file:C:\wamp64\www\Test_Local-Bio\app\Views\header.tpl"  on line 10 "<link rel="stylesheet" href="{$base_url('assets/css/accueil.css')}">"  - Unexpected "(", expected one of: "}"
#0 C:\wamp64\www\Test_Local-Bio\app\smarty\libs\sysplugins\smarty_internal_templateparser.php(2819): Smarty_Internal_TemplateCompilerBase->trigger_template_error()
#1 C:\wamp64\www\Test_Local-Bio\app\smarty\libs\sysplugins\smarty_internal_templateparser.php(2880): Smarty_Internal_Templateparser->yy_syntax_error(35, '(')
#2 C:\wamp64\www\Test_Local-Bio\app\smarty\libs\sysplugins\smarty_internal_smartytemplatecompiler.php(128): Smarty_Internal_Templateparser->doParse(35, '(')
#3 C:\wamp64\www\Test_Local-Bio\app\smarty\libs\sysplugins\smarty_internal_templatecompilerbase.php(469): Smarty_Internal_SmartyTemplateCompiler->doCompile('<!DOCTYPE html>...', true)
#4 C:\wamp64\www\Test_Local-Bio\app\smarty\libs\sysplugins\smarty_internal_templatecompilerbase.php(395): Smarty_Internal_TemplateCompilerBase->compileTemplateSource(Object(Smarty_Internal_Template), false, NULL)
#5 C:\wamp64\www\Test_Local-Bio\app\smarty\libs\sysplugins\smarty_template_compiled.php(184): Smarty_Internal_TemplateCompilerBase->compileTemplate(Object(Smarty_Internal_Template))
#6 C:\wamp64\www\Test_Local-Bio\app\smarty\libs\sysplugins\smarty_template_compiled.php(141): Smarty_Template_Compiled->compileTemplateSource(Object(Smarty_Internal_Template))
#7 C:\wamp64\www\Test_Local-Bio\app\smarty\libs\sysplugins\smarty_template_compiled.php(105): Smarty_Template_Compiled->process(Object(Smarty_Internal_Template))
#8 C:\wamp64\www\Test_Local-Bio\app\smarty\libs\sysplugins\smarty_internal_template.php(216): Smarty_Template_Compiled->render(Object(Smarty_Internal_Template))
#9 C:\wamp64\www\Test_Local-Bio\app\smarty\libs\sysplugins\smarty_internal_template.php(385): Smarty_Internal_Template->render()
#10 C:\wamp64\www\Test_Local-Bio\writable\cache\templates_c\6689d1bea980ec552ddd62865cc54acfce608745_0.file.layout.tpl.php(28): Smarty_Internal_Template->_subTemplateRender('file:header.tpl', NULL, NULL, 0, 3600, Array, 0, false)
#11 C:\wamp64\www\Test_Local-Bio\app\smarty\libs\sysplugins\smarty_template_resource_base.php(123): content_620b6b05548a62_20474984(Object(Smarty_Internal_Template))
#12 C:\wamp64\www\Test_Local-Bio\app\smarty\libs\sysplugins\smarty_template_compiled.php(114): Smarty_Template_Resource_Base->getRenderedTemplateCode(Object(Smarty_Internal_Template))
#13 C:\wamp64\www\Test_Local-Bio\app\smarty\libs\sysplugins\smarty_internal_template.php(216): Smarty_Template_Compiled->render(Object(Smarty_Internal_Template))
#14 C:\wamp64\www\Test_Local-Bio\app\smarty\libs\sysplugins\smarty_internal_template.php(385): Smarty_Internal_Template->render()
#15 C:\wamp64\www\Test_Local-Bio\app\smarty\libs\sysplugins\smarty_internal_runtime_inheritance.php(116): Smarty_Internal_Template->_subTemplateRender('layout.tpl', NULL, NULL, 0, 3600, Array, 2, false, NULL, NULL)
#16 C:\wamp64\www\Test_Local-Bio\writable\cache\templates_c\a93f0a217bcbdfb7e56377f5a6493bfb6ec975ed_0.file.accueil.tpl.php(30): Smarty_Internal_Runtime_Inheritance->endChild(Object(Smarty_Internal_Template), 'layout.tpl')
#17 C:\wamp64\www\Test_Local-Bio\app\smarty\libs\sysplugins\smarty_template_resource_base.php(123): content_620bb9a3b9cbf8_23095392(Object(Smarty_Internal_Template))
#18 C:\wamp64\www\Test_Local-Bio\app\smarty\libs\sysplugins\smarty_template_compiled.php(114): Smarty_Template_Resource_Base->getRenderedTemplateCode(Object(Smarty_Internal_Template))
#19 C:\wamp64\www\Test_Local-Bio\app\smarty\libs\sysplugins\smarty_internal_template.php(216): Smarty_Template_Compiled->render(Object(Smarty_Internal_Template))
#20 C:\wamp64\www\Test_Local-Bio\app\smarty\libs\sysplugins\smarty_internal_templatebase.php(238): Smarty_Internal_Template->render(false, 1)
#21 C:\wamp64\www\Test_Local-Bio\app\smarty\libs\sysplugins\smarty_internal_templatebase.php(134): Smarty_Internal_TemplateBase->_execute(Object(Smarty_Internal_Template), NULL, NULL, NULL, 1)
#22 C:\wamp64\www\Test_Local-Bio\app\Controllers\BaseController.php(70): Smarty_Internal_TemplateBase->display('accueil.tpl')
#23 C:\wamp64\www\Test_Local-Bio\app\Controllers\pages.php(19): App\Controllers\BaseController->display('accueil.tpl')
#24 C:\wamp64\www\Test_Local-Bio\system\CodeIgniter.php(825): App\Controllers\Pages->accueil()
#25 C:\wamp64\www\Test_Local-Bio\system\CodeIgniter.php(412): CodeIgniter\CodeIgniter->runController(Object(App\Controllers\Pages))
#26 C:\wamp64\www\Test_Local-Bio\system\CodeIgniter.php(320): CodeIgniter\CodeIgniter->handleRequest(NULL, Object(Config\Cache), false)
#27 C:\wamp64\www\Test_Local-Bio\public\index.php(37): CodeIgniter\CodeIgniter->run()
#28 {main}
CRITICAL - 2022-02-15 09:15:09 --> Syntax error in template "file:C:\wamp64\www\Test_Local-Bio\app\Views\header.tpl"  on line 11 "<link rel="stylesheet" href="{$base_url('assets/css/all.css')}">"  - Unexpected "(", expected one of: "}"
#0 C:\wamp64\www\Test_Local-Bio\app\smarty\libs\sysplugins\smarty_internal_templateparser.php(2819): Smarty_Internal_TemplateCompilerBase->trigger_template_error()
#1 C:\wamp64\www\Test_Local-Bio\app\smarty\libs\sysplugins\smarty_internal_templateparser.php(2880): Smarty_Internal_Templateparser->yy_syntax_error(35, '(')
#2 C:\wamp64\www\Test_Local-Bio\app\smarty\libs\sysplugins\smarty_internal_smartytemplatecompiler.php(128): Smarty_Internal_Templateparser->doParse(35, '(')
#3 C:\wamp64\www\Test_Local-Bio\app\smarty\libs\sysplugins\smarty_internal_templatecompilerbase.php(469): Smarty_Internal_SmartyTemplateCompiler->doCompile('<!DOCTYPE html>...', true)
#4 C:\wamp64\www\Test_Local-Bio\app\smarty\libs\sysplugins\smarty_internal_templatecompilerbase.php(395): Smarty_Internal_TemplateCompilerBase->compileTemplateSource(Object(Smarty_Internal_Template), false, NULL)
#5 C:\wamp64\www\Test_Local-Bio\app\smarty\libs\sysplugins\smarty_template_compiled.php(184): Smarty_Internal_TemplateCompilerBase->compileTemplate(Object(Smarty_Internal_Template))
#6 C:\wamp64\www\Test_Local-Bio\app\smarty\libs\sysplugins\smarty_template_compiled.php(141): Smarty_Template_Compiled->compileTemplateSource(Object(Smarty_Internal_Template))
#7 C:\wamp64\www\Test_Local-Bio\app\smarty\libs\sysplugins\smarty_template_compiled.php(105): Smarty_Template_Compiled->process(Object(Smarty_Internal_Template))
#8 C:\wamp64\www\Test_Local-Bio\app\smarty\libs\sysplugins\smarty_internal_template.php(216): Smarty_Template_Compiled->render(Object(Smarty_Internal_Template))
#9 C:\wamp64\www\Test_Local-Bio\app\smarty\libs\sysplugins\smarty_internal_template.php(385): Smarty_Internal_Template->render()
#10 C:\wamp64\www\Test_Local-Bio\writable\cache\templates_c\6689d1bea980ec552ddd62865cc54acfce608745_0.file.layout.tpl.php(28): Smarty_Internal_Template->_subTemplateRender('file:header.tpl', NULL, NULL, 0, 3600, Array, 0, false)
#11 C:\wamp64\www\Test_Local-Bio\app\smarty\libs\sysplugins\smarty_template_resource_base.php(123): content_620b6b05548a62_20474984(Object(Smarty_Internal_Template))
#12 C:\wamp64\www\Test_Local-Bio\app\smarty\libs\sysplugins\smarty_template_compiled.php(114): Smarty_Template_Resource_Base->getRenderedTemplateCode(Object(Smarty_Internal_Template))
#13 C:\wamp64\www\Test_Local-Bio\app\smarty\libs\sysplugins\smarty_internal_template.php(216): Smarty_Template_Compiled->render(Object(Smarty_Internal_Template))
#14 C:\wamp64\www\Test_Local-Bio\app\smarty\libs\sysplugins\smarty_internal_template.php(385): Smarty_Internal_Template->render()
#15 C:\wamp64\www\Test_Local-Bio\app\smarty\libs\sysplugins\smarty_internal_runtime_inheritance.php(116): Smarty_Internal_Template->_subTemplateRender('layout.tpl', NULL, NULL, 0, 3600, Array, 2, false, NULL, NULL)
#16 C:\wamp64\www\Test_Local-Bio\writable\cache\templates_c\a93f0a217bcbdfb7e56377f5a6493bfb6ec975ed_0.file.accueil.tpl.php(30): Smarty_Internal_Runtime_Inheritance->endChild(Object(Smarty_Internal_Template), 'layout.tpl')
#17 C:\wamp64\www\Test_Local-Bio\app\smarty\libs\sysplugins\smarty_template_resource_base.php(123): content_620bb9a3b9cbf8_23095392(Object(Smarty_Internal_Template))
#18 C:\wamp64\www\Test_Local-Bio\app\smarty\libs\sysplugins\smarty_template_compiled.php(114): Smarty_Template_Resource_Base->getRenderedTemplateCode(Object(Smarty_Internal_Template))
#19 C:\wamp64\www\Test_Local-Bio\app\smarty\libs\sysplugins\smarty_internal_template.php(216): Smarty_Template_Compiled->render(Object(Smarty_Internal_Template))
#20 C:\wamp64\www\Test_Local-Bio\app\smarty\libs\sysplugins\smarty_internal_templatebase.php(238): Smarty_Internal_Template->render(false, 1)
#21 C:\wamp64\www\Test_Local-Bio\app\smarty\libs\sysplugins\smarty_internal_templatebase.php(134): Smarty_Internal_TemplateBase->_execute(Object(Smarty_Internal_Template), NULL, NULL, NULL, 1)
#22 C:\wamp64\www\Test_Local-Bio\app\Controllers\BaseController.php(70): Smarty_Internal_TemplateBase->display('accueil.tpl')
#23 C:\wamp64\www\Test_Local-Bio\app\Controllers\pages.php(19): App\Controllers\BaseController->display('accueil.tpl')
#24 C:\wamp64\www\Test_Local-Bio\system\CodeIgniter.php(825): App\Controllers\Pages->accueil()
#25 C:\wamp64\www\Test_Local-Bio\system\CodeIgniter.php(412): CodeIgniter\CodeIgniter->runController(Object(App\Controllers\Pages))
#26 C:\wamp64\www\Test_Local-Bio\system\CodeIgniter.php(320): CodeIgniter\CodeIgniter->handleRequest(NULL, Object(Config\Cache), false)
#27 C:\wamp64\www\Test_Local-Bio\public\index.php(37): CodeIgniter\CodeIgniter->run()
#28 {main}
CRITICAL - 2022-02-15 09:35:56 --> syntax error, unexpected '$objAbout' (T_VARIABLE)
#0 C:\wamp64\www\Test_Local-Bio\system\Autoloader\Autoloader.php(241): CodeIgniter\Autoloader\Autoloader->includeFile('C:\\wamp64\\www\\T...')
#1 C:\wamp64\www\Test_Local-Bio\system\Autoloader\Autoloader.php(219): CodeIgniter\Autoloader\Autoloader->loadInNamespace('App\\Controllers...')
#2 [internal function]: CodeIgniter\Autoloader\Autoloader->loadClass('App\\Controllers...')
#3 [internal function]: spl_autoload_call('App\\Controllers...')
#4 C:\wamp64\www\Test_Local-Bio\system\CodeIgniter.php(790): class_exists('\\App\\Controller...', true)
#5 C:\wamp64\www\Test_Local-Bio\system\CodeIgniter.php(399): CodeIgniter\CodeIgniter->startController()
#6 C:\wamp64\www\Test_Local-Bio\system\CodeIgniter.php(320): CodeIgniter\CodeIgniter->handleRequest(NULL, Object(Config\Cache), false)
#7 C:\wamp64\www\Test_Local-Bio\public\index.php(37): CodeIgniter\CodeIgniter->run()
#8 {main}
CRITICAL - 2022-02-15 11:31:12 --> Syntax error in template "file:C:\wamp64\www\test_local-bio\app\Views\header.tpl"  on line 62 "" unclosed {elseif} tag
#0 C:\wamp64\www\test_local-bio\app\smarty\libs\sysplugins\smarty_internal_smartytemplatecompiler.php(141): Smarty_Internal_TemplateCompilerBase->trigger_template_error('unclosed {elsei...')
#1 C:\wamp64\www\test_local-bio\app\smarty\libs\sysplugins\smarty_internal_templatecompilerbase.php(469): Smarty_Internal_SmartyTemplateCompiler->doCompile('<!DOCTYPE html>...', true)
#2 C:\wamp64\www\test_local-bio\app\smarty\libs\sysplugins\smarty_internal_templatecompilerbase.php(395): Smarty_Internal_TemplateCompilerBase->compileTemplateSource(Object(Smarty_Internal_Template), false, NULL)
#3 C:\wamp64\www\test_local-bio\app\smarty\libs\sysplugins\smarty_template_compiled.php(184): Smarty_Internal_TemplateCompilerBase->compileTemplate(Object(Smarty_Internal_Template))
#4 C:\wamp64\www\test_local-bio\app\smarty\libs\sysplugins\smarty_template_compiled.php(141): Smarty_Template_Compiled->compileTemplateSource(Object(Smarty_Internal_Template))
#5 C:\wamp64\www\test_local-bio\app\smarty\libs\sysplugins\smarty_template_compiled.php(105): Smarty_Template_Compiled->process(Object(Smarty_Internal_Template))
#6 C:\wamp64\www\test_local-bio\app\smarty\libs\sysplugins\smarty_internal_template.php(216): Smarty_Template_Compiled->render(Object(Smarty_Internal_Template))
#7 C:\wamp64\www\test_local-bio\app\smarty\libs\sysplugins\smarty_internal_template.php(385): Smarty_Internal_Template->render()
#8 C:\wamp64\www\test_local-bio\writable\cache\templates_c\ab4d53053a0c5ff9acb28362b2cc3f06a05b1b30_0.file.layout.tpl.php(28): Smarty_Internal_Template->_subTemplateRender('file:header.tpl', NULL, NULL, 0, 3600, Array, 0, false)
#9 C:\wamp64\www\test_local-bio\app\smarty\libs\sysplugins\smarty_template_resource_base.php(123): content_620bddf09b8cd1_55979549(Object(Smarty_Internal_Template))
#10 C:\wamp64\www\test_local-bio\app\smarty\libs\sysplugins\smarty_template_compiled.php(114): Smarty_Template_Resource_Base->getRenderedTemplateCode(Object(Smarty_Internal_Template))
#11 C:\wamp64\www\test_local-bio\app\smarty\libs\sysplugins\smarty_internal_template.php(216): Smarty_Template_Compiled->render(Object(Smarty_Internal_Template))
#12 C:\wamp64\www\test_local-bio\app\smarty\libs\sysplugins\smarty_internal_template.php(385): Smarty_Internal_Template->render()
#13 C:\wamp64\www\test_local-bio\app\smarty\libs\sysplugins\smarty_internal_runtime_inheritance.php(116): Smarty_Internal_Template->_subTemplateRender('layout.tpl', NULL, NULL, 0, 3600, Array, 2, false, NULL, NULL)
#14 C:\wamp64\www\test_local-bio\writable\cache\templates_c\9d5743cbbec52968ef1a071501c847875541a58a_0.file.about.tpl.php(30): Smarty_Internal_Runtime_Inheritance->endChild(Object(Smarty_Internal_Template), 'layout.tpl')
#15 C:\wamp64\www\test_local-bio\app\smarty\libs\sysplugins\smarty_template_resource_base.php(123): content_620be210a25162_76540103(Object(Smarty_Internal_Template))
#16 C:\wamp64\www\test_local-bio\app\smarty\libs\sysplugins\smarty_template_compiled.php(114): Smarty_Template_Resource_Base->getRenderedTemplateCode(Object(Smarty_Internal_Template))
#17 C:\wamp64\www\test_local-bio\app\smarty\libs\sysplugins\smarty_internal_template.php(216): Smarty_Template_Compiled->render(Object(Smarty_Internal_Template))
#18 C:\wamp64\www\test_local-bio\app\smarty\libs\sysplugins\smarty_internal_templatebase.php(238): Smarty_Internal_Template->render(false, 1)
#19 C:\wamp64\www\test_local-bio\app\smarty\libs\sysplugins\smarty_internal_templatebase.php(134): Smarty_Internal_TemplateBase->_execute(Object(Smarty_Internal_Template), NULL, NULL, NULL, 1)
#20 C:\wamp64\www\test_local-bio\app\Controllers\BaseController.php(70): Smarty_Internal_TemplateBase->display('about.tpl')
#21 C:\wamp64\www\test_local-bio\app\Controllers\pages.php(24): App\Controllers\BaseController->display('about.tpl')
#22 C:\wamp64\www\test_local-bio\system\CodeIgniter.php(825): App\Controllers\Pages->about()
#23 C:\wamp64\www\test_local-bio\system\CodeIgniter.php(412): CodeIgniter\CodeIgniter->runController(Object(App\Controllers\Pages))
#24 C:\wamp64\www\test_local-bio\system\CodeIgniter.php(320): CodeIgniter\CodeIgniter->handleRequest(NULL, Object(Config\Cache), false)
#25 C:\wamp64\www\test_local-bio\public\index.php(37): CodeIgniter\CodeIgniter->run()
#26 {main}
CRITICAL - 2022-02-15 12:43:46 --> Syntax error in template "file:C:\wamp64\www\test_local-bio\app\Views\header.tpl"  on line 48 "<a class="nav-link {if $title eq 'A propos'}active{/if}" aria-current="page" href="{base_url}">A propos</a>" unknown tag 'base_url'
#0 C:\wamp64\www\test_local-bio\app\smarty\libs\sysplugins\smarty_internal_templatecompilerbase.php(1741): Smarty_Internal_TemplateCompilerBase->trigger_template_error('unknown tag 'ba...', 48, true)
#1 C:\wamp64\www\test_local-bio\app\smarty\libs\sysplugins\smarty_internal_templatecompilerbase.php(553): Smarty_Internal_TemplateCompilerBase->compileTag2('base_url', Array, Array)
#2 C:\wamp64\www\test_local-bio\app\smarty\libs\sysplugins\smarty_internal_templateparser.php(2104): Smarty_Internal_TemplateCompilerBase->compileTag('base_url', Array)
#3 C:\wamp64\www\test_local-bio\app\smarty\libs\sysplugins\smarty_internal_templateparser.php(2777): Smarty_Internal_Templateparser->yy_r12()
#4 C:\wamp64\www\test_local-bio\app\smarty\libs\sysplugins\smarty_internal_templateparser.php(2872): Smarty_Internal_Templateparser->yy_reduce(12)
#5 C:\wamp64\www\test_local-bio\app\smarty\libs\sysplugins\smarty_internal_smartytemplatecompiler.php(128): Smarty_Internal_Templateparser->doParse(3, '">A propos</a>\n...')
#6 C:\wamp64\www\test_local-bio\app\smarty\libs\sysplugins\smarty_internal_templatecompilerbase.php(469): Smarty_Internal_SmartyTemplateCompiler->doCompile('<!DOCTYPE html>...', true)
#7 C:\wamp64\www\test_local-bio\app\smarty\libs\sysplugins\smarty_internal_templatecompilerbase.php(395): Smarty_Internal_TemplateCompilerBase->compileTemplateSource(Object(Smarty_Internal_Template), false, NULL)
#8 C:\wamp64\www\test_local-bio\app\smarty\libs\sysplugins\smarty_template_compiled.php(184): Smarty_Internal_TemplateCompilerBase->compileTemplate(Object(Smarty_Internal_Template))
#9 C:\wamp64\www\test_local-bio\app\smarty\libs\sysplugins\smarty_template_compiled.php(141): Smarty_Template_Compiled->compileTemplateSource(Object(Smarty_Internal_Template))
#10 C:\wamp64\www\test_local-bio\app\smarty\libs\sysplugins\smarty_template_compiled.php(105): Smarty_Template_Compiled->process(Object(Smarty_Internal_Template))
#11 C:\wamp64\www\test_local-bio\app\smarty\libs\sysplugins\smarty_internal_template.php(216): Smarty_Template_Compiled->render(Object(Smarty_Internal_Template))
#12 C:\wamp64\www\test_local-bio\app\smarty\libs\sysplugins\smarty_internal_template.php(385): Smarty_Internal_Template->render()
#13 C:\wamp64\www\test_local-bio\writable\cache\templates_c\ab4d53053a0c5ff9acb28362b2cc3f06a05b1b30_0.file.layout.tpl.php(28): Smarty_Internal_Template->_subTemplateRender('file:header.tpl', NULL, NULL, 0, 3600, Array, 0, false)
#14 C:\wamp64\www\test_local-bio\app\smarty\libs\sysplugins\smarty_template_resource_base.php(123): content_620bf286939d64_11877875(Object(Smarty_Internal_Template))
#15 C:\wamp64\www\test_local-bio\app\smarty\libs\sysplugins\smarty_template_compiled.php(114): Smarty_Template_Resource_Base->getRenderedTemplateCode(Object(Smarty_Internal_Template))
#16 C:\wamp64\www\test_local-bio\app\smarty\libs\sysplugins\smarty_internal_template.php(216): Smarty_Template_Compiled->render(Object(Smarty_Internal_Template))
#17 C:\wamp64\www\test_local-bio\app\smarty\libs\sysplugins\smarty_internal_template.php(385): Smarty_Internal_Template->render()
#18 C:\wamp64\www\test_local-bio\app\smarty\libs\sysplugins\smarty_internal_runtime_inheritance.php(116): Smarty_Internal_Template->_subTemplateRender('layout.tpl', NULL, NULL, 0, 3600, Array, 2, false, NULL, NULL)
#19 C:\wamp64\www\test_local-bio\writable\cache\templates_c\4692e84d7b36496fd3060f5d6a94fd7c525f6d9e_0.file.accueil.tpl.php(30): Smarty_Internal_Runtime_Inheritance->endChild(Object(Smarty_Internal_Template), 'layout.tpl')
#20 C:\wamp64\www\test_local-bio\app\smarty\libs\sysplugins\smarty_template_resource_base.php(123): content_620bf457793392_97898174(Object(Smarty_Internal_Template))
#21 C:\wamp64\www\test_local-bio\app\smarty\libs\sysplugins\smarty_template_compiled.php(114): Smarty_Template_Resource_Base->getRenderedTemplateCode(Object(Smarty_Internal_Template))
#22 C:\wamp64\www\test_local-bio\app\smarty\libs\sysplugins\smarty_internal_template.php(216): Smarty_Template_Compiled->render(Object(Smarty_Internal_Template))
#23 C:\wamp64\www\test_local-bio\app\smarty\libs\sysplugins\smarty_internal_templatebase.php(238): Smarty_Internal_Template->render(false, 1)
#24 C:\wamp64\www\test_local-bio\app\smarty\libs\sysplugins\smarty_internal_templatebase.php(134): Smarty_Internal_TemplateBase->_execute(Object(Smarty_Internal_Template), NULL, NULL, NULL, 1)
#25 C:\wamp64\www\test_local-bio\app\Controllers\BaseController.php(70): Smarty_Internal_TemplateBase->display('accueil.tpl')
#26 C:\wamp64\www\test_local-bio\app\Controllers\pages.php(19): App\Controllers\BaseController->display('accueil.tpl')
#27 C:\wamp64\www\test_local-bio\system\CodeIgniter.php(825): App\Controllers\Pages->accueil()
#28 C:\wamp64\www\test_local-bio\system\CodeIgniter.php(412): CodeIgniter\CodeIgniter->runController(Object(App\Controllers\Pages))
#29 C:\wamp64\www\test_local-bio\system\CodeIgniter.php(320): CodeIgniter\CodeIgniter->handleRequest(NULL, Object(Config\Cache), false)
#30 C:\wamp64\www\test_local-bio\public\index.php(37): CodeIgniter\CodeIgniter->run()
#31 {main}
CRITICAL - 2022-02-15 12:43:54 --> Undefined index: base_url
#0 C:\wamp64\www\test_local-bio\writable\cache\templates_c\5fa86b0629bb9b70a0dfe295576043e51d1d3c54_0.file.header.tpl.php(77): CodeIgniter\Debug\Exceptions->errorHandler(8, 'Undefined index...', 'C:\\wamp64\\www\\t...', 77, Array)
#1 C:\wamp64\www\test_local-bio\app\smarty\libs\sysplugins\smarty_template_resource_base.php(123): content_620bf46a98ee97_55612240(Object(Smarty_Internal_Template))
#2 C:\wamp64\www\test_local-bio\app\smarty\libs\sysplugins\smarty_template_compiled.php(114): Smarty_Template_Resource_Base->getRenderedTemplateCode(Object(Smarty_Internal_Template))
#3 C:\wamp64\www\test_local-bio\app\smarty\libs\sysplugins\smarty_internal_template.php(216): Smarty_Template_Compiled->render(Object(Smarty_Internal_Template))
#4 C:\wamp64\www\test_local-bio\app\smarty\libs\sysplugins\smarty_internal_template.php(385): Smarty_Internal_Template->render()
#5 C:\wamp64\www\test_local-bio\writable\cache\templates_c\ab4d53053a0c5ff9acb28362b2cc3f06a05b1b30_0.file.layout.tpl.php(28): Smarty_Internal_Template->_subTemplateRender('file:header.tpl', NULL, NULL, 0, 3600, Array, 0, false)
#6 C:\wamp64\www\test_local-bio\app\smarty\libs\sysplugins\smarty_template_resource_base.php(123): content_620bf286939d64_11877875(Object(Smarty_Internal_Template))
#7 C:\wamp64\www\test_local-bio\app\smarty\libs\sysplugins\smarty_template_compiled.php(114): Smarty_Template_Resource_Base->getRenderedTemplateCode(Object(Smarty_Internal_Template))
#8 C:\wamp64\www\test_local-bio\app\smarty\libs\sysplugins\smarty_internal_template.php(216): Smarty_Template_Compiled->render(Object(Smarty_Internal_Template))
#9 C:\wamp64\www\test_local-bio\app\smarty\libs\sysplugins\smarty_internal_template.php(385): Smarty_Internal_Template->render()
#10 C:\wamp64\www\test_local-bio\app\smarty\libs\sysplugins\smarty_internal_runtime_inheritance.php(116): Smarty_Internal_Template->_subTemplateRender('layout.tpl', NULL, NULL, 0, 3600, Array, 2, false, NULL, NULL)
#11 C:\wamp64\www\test_local-bio\writable\cache\templates_c\4692e84d7b36496fd3060f5d6a94fd7c525f6d9e_0.file.accueil.tpl.php(30): Smarty_Internal_Runtime_Inheritance->endChild(Object(Smarty_Internal_Template), 'layout.tpl')
#12 C:\wamp64\www\test_local-bio\app\smarty\libs\sysplugins\smarty_template_resource_base.php(123): content_620bf457793392_97898174(Object(Smarty_Internal_Template))
#13 C:\wamp64\www\test_local-bio\app\smarty\libs\sysplugins\smarty_template_compiled.php(114): Smarty_Template_Resource_Base->getRenderedTemplateCode(Object(Smarty_Internal_Template))
#14 C:\wamp64\www\test_local-bio\app\smarty\libs\sysplugins\smarty_internal_template.php(216): Smarty_Template_Compiled->render(Object(Smarty_Internal_Template))
#15 C:\wamp64\www\test_local-bio\app\smarty\libs\sysplugins\smarty_internal_templatebase.php(238): Smarty_Internal_Template->render(false, 1)
#16 C:\wamp64\www\test_local-bio\app\smarty\libs\sysplugins\smarty_internal_templatebase.php(134): Smarty_Internal_TemplateBase->_execute(Object(Smarty_Internal_Template), NULL, NULL, NULL, 1)
#17 C:\wamp64\www\test_local-bio\app\Controllers\BaseController.php(70): Smarty_Internal_TemplateBase->display('accueil.tpl')
#18 C:\wamp64\www\test_local-bio\app\Controllers\pages.php(19): App\Controllers\BaseController->display('accueil.tpl')
#19 C:\wamp64\www\test_local-bio\system\CodeIgniter.php(825): App\Controllers\Pages->accueil()
#20 C:\wamp64\www\test_local-bio\system\CodeIgniter.php(412): CodeIgniter\CodeIgniter->runController(Object(App\Controllers\Pages))
#21 C:\wamp64\www\test_local-bio\system\CodeIgniter.php(320): CodeIgniter\CodeIgniter->handleRequest(NULL, Object(Config\Cache), false)
#22 C:\wamp64\www\test_local-bio\public\index.php(37): CodeIgniter\CodeIgniter->run()
#23 {main}
CRITICAL - 2022-02-15 12:44:07 --> Syntax error in template "file:C:\wamp64\www\test_local-bio\app\Views\header.tpl"  on line 48 "<a class="nav-link {if $title eq 'A propos'}active{/if}" aria-current="page" href="{$base_url('')}">A propos</a>"  - Unexpected "(", expected one of: "}"
#0 C:\wamp64\www\test_local-bio\app\smarty\libs\sysplugins\smarty_internal_templateparser.php(2819): Smarty_Internal_TemplateCompilerBase->trigger_template_error()
#1 C:\wamp64\www\test_local-bio\app\smarty\libs\sysplugins\smarty_internal_templateparser.php(2880): Smarty_Internal_Templateparser->yy_syntax_error(35, '(')
#2 C:\wamp64\www\test_local-bio\app\smarty\libs\sysplugins\smarty_internal_smartytemplatecompiler.php(128): Smarty_Internal_Templateparser->doParse(35, '(')
#3 C:\wamp64\www\test_local-bio\app\smarty\libs\sysplugins\smarty_internal_templatecompilerbase.php(469): Smarty_Internal_SmartyTemplateCompiler->doCompile('<!DOCTYPE html>...', true)
#4 C:\wamp64\www\test_local-bio\app\smarty\libs\sysplugins\smarty_internal_templatecompilerbase.php(395): Smarty_Internal_TemplateCompilerBase->compileTemplateSource(Object(Smarty_Internal_Template), false, NULL)
#5 C:\wamp64\www\test_local-bio\app\smarty\libs\sysplugins\smarty_template_compiled.php(184): Smarty_Internal_TemplateCompilerBase->compileTemplate(Object(Smarty_Internal_Template))
#6 C:\wamp64\www\test_local-bio\app\smarty\libs\sysplugins\smarty_template_compiled.php(141): Smarty_Template_Compiled->compileTemplateSource(Object(Smarty_Internal_Template))
#7 C:\wamp64\www\test_local-bio\app\smarty\libs\sysplugins\smarty_template_compiled.php(105): Smarty_Template_Compiled->process(Object(Smarty_Internal_Template))
#8 C:\wamp64\www\test_local-bio\app\smarty\libs\sysplugins\smarty_internal_template.php(216): Smarty_Template_Compiled->render(Object(Smarty_Internal_Template))
#9 C:\wamp64\www\test_local-bio\app\smarty\libs\sysplugins\smarty_internal_template.php(385): Smarty_Internal_Template->render()
#10 C:\wamp64\www\test_local-bio\writable\cache\templates_c\ab4d53053a0c5ff9acb28362b2cc3f06a05b1b30_0.file.layout.tpl.php(28): Smarty_Internal_Template->_subTemplateRender('file:header.tpl', NULL, NULL, 0, 3600, Array, 0, false)
#11 C:\wamp64\www\test_local-bio\app\smarty\libs\sysplugins\smarty_template_resource_base.php(123): content_620bf286939d64_11877875(Object(Smarty_Internal_Template))
#12 C:\wamp64\www\test_local-bio\app\smarty\libs\sysplugins\smarty_template_compiled.php(114): Smarty_Template_Resource_Base->getRenderedTemplateCode(Object(Smarty_Internal_Template))
#13 C:\wamp64\www\test_local-bio\app\smarty\libs\sysplugins\smarty_internal_template.php(216): Smarty_Template_Compiled->render(Object(Smarty_Internal_Template))
#14 C:\wamp64\www\test_local-bio\app\smarty\libs\sysplugins\smarty_internal_template.php(385): Smarty_Internal_Template->render()
#15 C:\wamp64\www\test_local-bio\app\smarty\libs\sysplugins\smarty_internal_runtime_inheritance.php(116): Smarty_Internal_Template->_subTemplateRender('layout.tpl', NULL, NULL, 0, 3600, Array, 2, false, NULL, NULL)
#16 C:\wamp64\www\test_local-bio\writable\cache\templates_c\4692e84d7b36496fd3060f5d6a94fd7c525f6d9e_0.file.accueil.tpl.php(30): Smarty_Internal_Runtime_Inheritance->endChild(Object(Smarty_Internal_Template), 'layout.tpl')
#17 C:\wamp64\www\test_local-bio\app\smarty\libs\sysplugins\smarty_template_resource_base.php(123): content_620bf457793392_97898174(Object(Smarty_Internal_Template))
#18 C:\wamp64\www\test_local-bio\app\smarty\libs\sysplugins\smarty_template_compiled.php(114): Smarty_Template_Resource_Base->getRenderedTemplateCode(Object(Smarty_Internal_Template))
#19 C:\wamp64\www\test_local-bio\app\smarty\libs\sysplugins\smarty_internal_template.php(216): Smarty_Template_Compiled->render(Object(Smarty_Internal_Template))
#20 C:\wamp64\www\test_local-bio\app\smarty\libs\sysplugins\smarty_internal_templatebase.php(238): Smarty_Internal_Template->render(false, 1)
#21 C:\wamp64\www\test_local-bio\app\smarty\libs\sysplugins\smarty_internal_templatebase.php(134): Smarty_Internal_TemplateBase->_execute(Object(Smarty_Internal_Template), NULL, NULL, NULL, 1)
#22 C:\wamp64\www\test_local-bio\app\Controllers\BaseController.php(70): Smarty_Internal_TemplateBase->display('accueil.tpl')
#23 C:\wamp64\www\test_local-bio\app\Controllers\pages.php(19): App\Controllers\BaseController->display('accueil.tpl')
#24 C:\wamp64\www\test_local-bio\system\CodeIgniter.php(825): App\Controllers\Pages->accueil()
#25 C:\wamp64\www\test_local-bio\system\CodeIgniter.php(412): CodeIgniter\CodeIgniter->runController(Object(App\Controllers\Pages))
#26 C:\wamp64\www\test_local-bio\system\CodeIgniter.php(320): CodeIgniter\CodeIgniter->handleRequest(NULL, Object(Config\Cache), false)
#27 C:\wamp64\www\test_local-bio\public\index.php(37): CodeIgniter\CodeIgniter->run()
#28 {main}
