CRITICAL - 2022-02-21 01:48:46 --> A non-numeric value encountered
#0 C:\wamp64\www\Local-Bio\writable\cache\templates_c\db13485fd9599bd0301ab62c3d235d291f952b54_0.file.shop.tpl.php(110): CodeIgniter\Debug\Exceptions->errorHandler(2, 'A non-numeric v...', 'C:\\wamp64\\www\\L...', 110, Array)
#1 C:\wamp64\www\Local-Bio\app\smarty\libs\sysplugins\smarty_internal_runtime_inheritance.php(248): Block_891624802621343de9e1643_27999863->callBlock(Object(Smarty_Internal_Template))
#2 C:\wamp64\www\Local-Bio\app\smarty\libs\sysplugins\smarty_internal_runtime_inheritance.php(184): Smarty_Internal_Runtime_Inheritance->callBlock(Object(Block_891624802621343de9e1643_27999863), Object(Smarty_Internal_Template))
#3 C:\wamp64\www\Local-Bio\app\smarty\libs\sysplugins\smarty_internal_runtime_inheritance.php(186): Smarty_Internal_Runtime_Inheritance->process(Object(Smarty_Internal_Template), Object(Block_891624802621343de9e1643_27999863), Object(Block_705300726620cc8e90c9b03_85079464))
#4 C:\wamp64\www\Local-Bio\app\smarty\libs\sysplugins\smarty_internal_runtime_inheritance.php(156): Smarty_Internal_Runtime_Inheritance->process(Object(Smarty_Internal_Template), Object(Block_705300726620cc8e90c9b03_85079464))
#5 C:\wamp64\www\Local-Bio\writable\cache\templates_c\cfd4c613c8df35d7c954cf754ee3857e80ca1868_0.file.layout.tpl.php(32): Smarty_Internal_Runtime_Inheritance->instanceBlock(Object(Smarty_Internal_Template), 'Block_705300726...', 'content')
#6 C:\wamp64\www\Local-Bio\app\smarty\libs\sysplugins\smarty_template_resource_base.php(123): content_620cc8e90cb783_58494973(Object(Smarty_Internal_Template))
#7 C:\wamp64\www\Local-Bio\app\smarty\libs\sysplugins\smarty_template_compiled.php(114): Smarty_Template_Resource_Base->getRenderedTemplateCode(Object(Smarty_Internal_Template))
#8 C:\wamp64\www\Local-Bio\app\smarty\libs\sysplugins\smarty_internal_template.php(216): Smarty_Template_Compiled->render(Object(Smarty_Internal_Template))
#9 C:\wamp64\www\Local-Bio\app\smarty\libs\sysplugins\smarty_internal_template.php(385): Smarty_Internal_Template->render()
#10 C:\wamp64\www\Local-Bio\app\smarty\libs\sysplugins\smarty_internal_runtime_inheritance.php(116): Smarty_Internal_Template->_subTemplateRender('layout.tpl', NULL, NULL, 0, 3600, Array, 2, false, NULL, NULL)
#11 C:\wamp64\www\Local-Bio\writable\cache\templates_c\db13485fd9599bd0301ab62c3d235d291f952b54_0.file.shop.tpl.php(37): Smarty_Internal_Runtime_Inheritance->endChild(Object(Smarty_Internal_Template), 'layout.tpl')
#12 C:\wamp64\www\Local-Bio\app\smarty\libs\sysplugins\smarty_template_resource_base.php(123): content_621343de9ee2b3_52827365(Object(Smarty_Internal_Template))
#13 C:\wamp64\www\Local-Bio\app\smarty\libs\sysplugins\smarty_template_compiled.php(114): Smarty_Template_Resource_Base->getRenderedTemplateCode(Object(Smarty_Internal_Template))
#14 C:\wamp64\www\Local-Bio\app\smarty\libs\sysplugins\smarty_internal_template.php(216): Smarty_Template_Compiled->render(Object(Smarty_Internal_Template))
#15 C:\wamp64\www\Local-Bio\app\smarty\libs\sysplugins\smarty_internal_templatebase.php(238): Smarty_Internal_Template->render(false, 1)
#16 C:\wamp64\www\Local-Bio\app\smarty\libs\sysplugins\smarty_internal_templatebase.php(134): Smarty_Internal_TemplateBase->_execute(Object(Smarty_Internal_Template), NULL, NULL, NULL, 1)
#17 C:\wamp64\www\Local-Bio\app\Controllers\BaseController.php(72): Smarty_Internal_TemplateBase->display('shop.tpl')
#18 C:\wamp64\www\Local-Bio\app\Controllers\Shop.php(47): App\Controllers\BaseController->display('shop.tpl')
#19 C:\wamp64\www\Local-Bio\system\CodeIgniter.php(825): App\Controllers\Shop->boutique('1')
#20 C:\wamp64\www\Local-Bio\system\CodeIgniter.php(412): CodeIgniter\CodeIgniter->runController(Object(App\Controllers\Shop))
#21 C:\wamp64\www\Local-Bio\system\CodeIgniter.php(320): CodeIgniter\CodeIgniter->handleRequest(NULL, Object(Config\Cache), false)
#22 C:\wamp64\www\Local-Bio\public\index.php(37): CodeIgniter\CodeIgniter->run()
#23 {main}
CRITICAL - 2022-02-21 02:16:23 --> A non-numeric value encountered
#0 C:\wamp64\www\Local-Bio\writable\cache\templates_c\db13485fd9599bd0301ab62c3d235d291f952b54_0.file.shop.tpl.php(110): CodeIgniter\Debug\Exceptions->errorHandler(2, 'A non-numeric v...', 'C:\\wamp64\\www\\L...', 110, Array)
#1 C:\wamp64\www\Local-Bio\app\smarty\libs\sysplugins\smarty_internal_runtime_inheritance.php(248): Block_891624802621343de9e1643_27999863->callBlock(Object(Smarty_Internal_Template))
#2 C:\wamp64\www\Local-Bio\app\smarty\libs\sysplugins\smarty_internal_runtime_inheritance.php(184): Smarty_Internal_Runtime_Inheritance->callBlock(Object(Block_891624802621343de9e1643_27999863), Object(Smarty_Internal_Template))
#3 C:\wamp64\www\Local-Bio\app\smarty\libs\sysplugins\smarty_internal_runtime_inheritance.php(186): Smarty_Internal_Runtime_Inheritance->process(Object(Smarty_Internal_Template), Object(Block_891624802621343de9e1643_27999863), Object(Block_705300726620cc8e90c9b03_85079464))
#4 C:\wamp64\www\Local-Bio\app\smarty\libs\sysplugins\smarty_internal_runtime_inheritance.php(156): Smarty_Internal_Runtime_Inheritance->process(Object(Smarty_Internal_Template), Object(Block_705300726620cc8e90c9b03_85079464))
#5 C:\wamp64\www\Local-Bio\writable\cache\templates_c\cfd4c613c8df35d7c954cf754ee3857e80ca1868_0.file.layout.tpl.php(32): Smarty_Internal_Runtime_Inheritance->instanceBlock(Object(Smarty_Internal_Template), 'Block_705300726...', 'content')
#6 C:\wamp64\www\Local-Bio\app\smarty\libs\sysplugins\smarty_template_resource_base.php(123): content_620cc8e90cb783_58494973(Object(Smarty_Internal_Template))
#7 C:\wamp64\www\Local-Bio\app\smarty\libs\sysplugins\smarty_template_compiled.php(114): Smarty_Template_Resource_Base->getRenderedTemplateCode(Object(Smarty_Internal_Template))
#8 C:\wamp64\www\Local-Bio\app\smarty\libs\sysplugins\smarty_internal_template.php(216): Smarty_Template_Compiled->render(Object(Smarty_Internal_Template))
#9 C:\wamp64\www\Local-Bio\app\smarty\libs\sysplugins\smarty_internal_template.php(385): Smarty_Internal_Template->render()
#10 C:\wamp64\www\Local-Bio\app\smarty\libs\sysplugins\smarty_internal_runtime_inheritance.php(116): Smarty_Internal_Template->_subTemplateRender('layout.tpl', NULL, NULL, 0, 3600, Array, 2, false, NULL, NULL)
#11 C:\wamp64\www\Local-Bio\writable\cache\templates_c\db13485fd9599bd0301ab62c3d235d291f952b54_0.file.shop.tpl.php(37): Smarty_Internal_Runtime_Inheritance->endChild(Object(Smarty_Internal_Template), 'layout.tpl')
#12 C:\wamp64\www\Local-Bio\app\smarty\libs\sysplugins\smarty_template_resource_base.php(123): content_621343de9ee2b3_52827365(Object(Smarty_Internal_Template))
#13 C:\wamp64\www\Local-Bio\app\smarty\libs\sysplugins\smarty_template_compiled.php(114): Smarty_Template_Resource_Base->getRenderedTemplateCode(Object(Smarty_Internal_Template))
#14 C:\wamp64\www\Local-Bio\app\smarty\libs\sysplugins\smarty_internal_template.php(216): Smarty_Template_Compiled->render(Object(Smarty_Internal_Template))
#15 C:\wamp64\www\Local-Bio\app\smarty\libs\sysplugins\smarty_internal_templatebase.php(238): Smarty_Internal_Template->render(false, 1)
#16 C:\wamp64\www\Local-Bio\app\smarty\libs\sysplugins\smarty_internal_templatebase.php(134): Smarty_Internal_TemplateBase->_execute(Object(Smarty_Internal_Template), NULL, NULL, NULL, 1)
#17 C:\wamp64\www\Local-Bio\app\Controllers\BaseController.php(72): Smarty_Internal_TemplateBase->display('shop.tpl')
#18 C:\wamp64\www\Local-Bio\app\Controllers\Shop.php(47): App\Controllers\BaseController->display('shop.tpl')
#19 C:\wamp64\www\Local-Bio\system\CodeIgniter.php(825): App\Controllers\Shop->boutique('1', 'carotte')
#20 C:\wamp64\www\Local-Bio\system\CodeIgniter.php(412): CodeIgniter\CodeIgniter->runController(Object(App\Controllers\Shop))
#21 C:\wamp64\www\Local-Bio\system\CodeIgniter.php(320): CodeIgniter\CodeIgniter->handleRequest(NULL, Object(Config\Cache), false)
#22 C:\wamp64\www\Local-Bio\public\index.php(37): CodeIgniter\CodeIgniter->run()
#23 {main}
CRITICAL - 2022-02-21 08:34:55 --> Undefined variable: objShoModel
#0 C:\wamp64\www\Local-Bio\app\Controllers\Shop.php(54): CodeIgniter\Debug\Exceptions->errorHandler(8, 'Undefined varia...', 'C:\\wamp64\\www\\L...', 54, Array)
#1 C:\wamp64\www\Local-Bio\system\CodeIgniter.php(825): App\Controllers\Shop->details('banane')
#2 C:\wamp64\www\Local-Bio\system\CodeIgniter.php(412): CodeIgniter\CodeIgniter->runController(Object(App\Controllers\Shop))
#3 C:\wamp64\www\Local-Bio\system\CodeIgniter.php(320): CodeIgniter\CodeIgniter->handleRequest(NULL, Object(Config\Cache), false)
#4 C:\wamp64\www\Local-Bio\public\index.php(37): CodeIgniter\CodeIgniter->run()
#5 {main}
CRITICAL - 2022-02-21 09:04:39 --> Undefined index: title
#0 C:\wamp64\www\Local-Bio\writable\cache\templates_c\50d1980b7fa5fa2ee20d49a7b8bee2367a2dcb90_0.file.header.tpl.php(41): CodeIgniter\Debug\Exceptions->errorHandler(8, 'Undefined index...', 'C:\\wamp64\\www\\L...', 41, Array)
#1 C:\wamp64\www\Local-Bio\app\smarty\libs\sysplugins\smarty_template_resource_base.php(123): content_620d40ffe9a8d4_88580795(Object(Smarty_Internal_Template))
#2 C:\wamp64\www\Local-Bio\app\smarty\libs\sysplugins\smarty_template_compiled.php(114): Smarty_Template_Resource_Base->getRenderedTemplateCode(Object(Smarty_Internal_Template))
#3 C:\wamp64\www\Local-Bio\app\smarty\libs\sysplugins\smarty_internal_template.php(216): Smarty_Template_Compiled->render(Object(Smarty_Internal_Template))
#4 C:\wamp64\www\Local-Bio\app\smarty\libs\sysplugins\smarty_internal_template.php(385): Smarty_Internal_Template->render()
#5 C:\wamp64\www\Local-Bio\writable\cache\templates_c\cfd4c613c8df35d7c954cf754ee3857e80ca1868_0.file.layout.tpl.php(28): Smarty_Internal_Template->_subTemplateRender('file:header.tpl', NULL, NULL, 0, 3600, Array, 0, false)
#6 C:\wamp64\www\Local-Bio\app\smarty\libs\sysplugins\smarty_template_resource_base.php(123): content_620cc8e90cb783_58494973(Object(Smarty_Internal_Template))
#7 C:\wamp64\www\Local-Bio\app\smarty\libs\sysplugins\smarty_template_compiled.php(114): Smarty_Template_Resource_Base->getRenderedTemplateCode(Object(Smarty_Internal_Template))
#8 C:\wamp64\www\Local-Bio\app\smarty\libs\sysplugins\smarty_internal_template.php(216): Smarty_Template_Compiled->render(Object(Smarty_Internal_Template))
#9 C:\wamp64\www\Local-Bio\app\smarty\libs\sysplugins\smarty_internal_template.php(385): Smarty_Internal_Template->render()
#10 C:\wamp64\www\Local-Bio\app\smarty\libs\sysplugins\smarty_internal_runtime_inheritance.php(116): Smarty_Internal_Template->_subTemplateRender('layout.tpl', NULL, NULL, 0, 3600, Array, 2, false, NULL, NULL)
#11 C:\wamp64\www\Local-Bio\writable\cache\templates_c\64e2adf4e7790dd78f0552cdd8bf8174fb632427_0.file.accueil.tpl.php(37): Smarty_Internal_Runtime_Inheritance->endChild(Object(Smarty_Internal_Template), 'layout.tpl')
#12 C:\wamp64\www\Local-Bio\app\smarty\libs\sysplugins\smarty_template_resource_base.php(123): content_620ce26b6e74f9_10896292(Object(Smarty_Internal_Template))
#13 C:\wamp64\www\Local-Bio\app\smarty\libs\sysplugins\smarty_template_compiled.php(114): Smarty_Template_Resource_Base->getRenderedTemplateCode(Object(Smarty_Internal_Template))
#14 C:\wamp64\www\Local-Bio\app\smarty\libs\sysplugins\smarty_internal_template.php(216): Smarty_Template_Compiled->render(Object(Smarty_Internal_Template))
#15 C:\wamp64\www\Local-Bio\app\smarty\libs\sysplugins\smarty_internal_templatebase.php(238): Smarty_Internal_Template->render(false, 1)
#16 C:\wamp64\www\Local-Bio\app\smarty\libs\sysplugins\smarty_internal_templatebase.php(134): Smarty_Internal_TemplateBase->_execute(Object(Smarty_Internal_Template), NULL, NULL, NULL, 1)
#17 C:\wamp64\www\Local-Bio\app\Controllers\BaseController.php(72): Smarty_Internal_TemplateBase->display('accueil.tpl')
#18 C:\wamp64\www\Local-Bio\app\Controllers\Users.php(250): App\Controllers\BaseController->display('accueil.tpl')
#19 C:\wamp64\www\Local-Bio\system\CodeIgniter.php(825): App\Controllers\Users->accueil()
#20 C:\wamp64\www\Local-Bio\system\CodeIgniter.php(412): CodeIgniter\CodeIgniter->runController(Object(App\Controllers\Users))
#21 C:\wamp64\www\Local-Bio\system\CodeIgniter.php(320): CodeIgniter\CodeIgniter->handleRequest(NULL, Object(Config\Cache), false)
#22 C:\wamp64\www\Local-Bio\public\index.php(37): CodeIgniter\CodeIgniter->run()
#23 {main}
CRITICAL - 2022-02-21 09:07:02 --> syntax error, unexpected 'else' (T_ELSE), expecting function (T_FUNCTION) or const (T_CONST)
#0 C:\wamp64\www\Local-Bio\system\Router\Router.php(175): CodeIgniter\Router\Router->autoRoute('users/connect')
#1 C:\wamp64\www\Local-Bio\system\CodeIgniter.php(719): CodeIgniter\Router\Router->handle('users/connect')
#2 C:\wamp64\www\Local-Bio\system\CodeIgniter.php(361): CodeIgniter\CodeIgniter->tryToRouteIt(Object(CodeIgniter\Router\RouteCollection))
#3 C:\wamp64\www\Local-Bio\system\CodeIgniter.php(320): CodeIgniter\CodeIgniter->handleRequest(NULL, Object(Config\Cache), false)
#4 C:\wamp64\www\Local-Bio\public\index.php(37): CodeIgniter\CodeIgniter->run()
#5 {main}
CRITICAL - 2022-02-21 09:07:24 --> syntax error, unexpected '$this' (T_VARIABLE), expecting function (T_FUNCTION) or const (T_CONST)
#0 C:\wamp64\www\Local-Bio\system\Router\Router.php(175): CodeIgniter\Router\Router->autoRoute('users/connect')
#1 C:\wamp64\www\Local-Bio\system\CodeIgniter.php(719): CodeIgniter\Router\Router->handle('users/connect')
#2 C:\wamp64\www\Local-Bio\system\CodeIgniter.php(361): CodeIgniter\CodeIgniter->tryToRouteIt(Object(CodeIgniter\Router\RouteCollection))
#3 C:\wamp64\www\Local-Bio\system\CodeIgniter.php(320): CodeIgniter\CodeIgniter->handleRequest(NULL, Object(Config\Cache), false)
#4 C:\wamp64\www\Local-Bio\public\index.php(37): CodeIgniter\CodeIgniter->run()
#5 {main}
CRITICAL - 2022-02-21 09:07:50 --> syntax error, unexpected '$this' (T_VARIABLE), expecting function (T_FUNCTION) or const (T_CONST)
#0 C:\wamp64\www\Local-Bio\system\Router\Router.php(175): CodeIgniter\Router\Router->autoRoute('users/connect')
#1 C:\wamp64\www\Local-Bio\system\CodeIgniter.php(719): CodeIgniter\Router\Router->handle('users/connect')
#2 C:\wamp64\www\Local-Bio\system\CodeIgniter.php(361): CodeIgniter\CodeIgniter->tryToRouteIt(Object(CodeIgniter\Router\RouteCollection))
#3 C:\wamp64\www\Local-Bio\system\CodeIgniter.php(320): CodeIgniter\CodeIgniter->handleRequest(NULL, Object(Config\Cache), false)
#4 C:\wamp64\www\Local-Bio\public\index.php(37): CodeIgniter\CodeIgniter->run()
#5 {main}
CRITICAL - 2022-02-21 09:09:20 --> Undefined variable: arrErrors
#0 C:\wamp64\www\Local-Bio\app\Controllers\Users.php(77): CodeIgniter\Debug\Exceptions->errorHandler(8, 'Undefined varia...', 'C:\\wamp64\\www\\L...', 77, Array)
#1 C:\wamp64\www\Local-Bio\system\CodeIgniter.php(825): App\Controllers\Users->connect()
#2 C:\wamp64\www\Local-Bio\system\CodeIgniter.php(412): CodeIgniter\CodeIgniter->runController(Object(App\Controllers\Users))
#3 C:\wamp64\www\Local-Bio\system\CodeIgniter.php(320): CodeIgniter\CodeIgniter->handleRequest(NULL, Object(Config\Cache), false)
#4 C:\wamp64\www\Local-Bio\public\index.php(37): CodeIgniter\CodeIgniter->run()
#5 {main}
CRITICAL - 2022-02-21 09:11:55 --> Undefined variable: objUsers
#0 C:\wamp64\www\Local-Bio\app\Controllers\Users.php(75): CodeIgniter\Debug\Exceptions->errorHandler(8, 'Undefined varia...', 'C:\\wamp64\\www\\L...', 75, Array)
#1 C:\wamp64\www\Local-Bio\system\CodeIgniter.php(825): App\Controllers\Users->connect()
#2 C:\wamp64\www\Local-Bio\system\CodeIgniter.php(412): CodeIgniter\CodeIgniter->runController(Object(App\Controllers\Users))
#3 C:\wamp64\www\Local-Bio\system\CodeIgniter.php(320): CodeIgniter\CodeIgniter->handleRequest(NULL, Object(Config\Cache), false)
#4 C:\wamp64\www\Local-Bio\public\index.php(37): CodeIgniter\CodeIgniter->run()
#5 {main}
CRITICAL - 2022-02-21 09:17:09 --> Array to string conversion
#0 C:\wamp64\www\Local-Bio\app\Controllers\Users.php(80): CodeIgniter\Debug\Exceptions->errorHandler(8, 'Array to string...', 'C:\\wamp64\\www\\L...', 80, Array)
#1 C:\wamp64\www\Local-Bio\system\CodeIgniter.php(825): App\Controllers\Users->connect()
#2 C:\wamp64\www\Local-Bio\system\CodeIgniter.php(412): CodeIgniter\CodeIgniter->runController(Object(App\Controllers\Users))
#3 C:\wamp64\www\Local-Bio\system\CodeIgniter.php(320): CodeIgniter\CodeIgniter->handleRequest(NULL, Object(Config\Cache), false)
#4 C:\wamp64\www\Local-Bio\public\index.php(37): CodeIgniter\CodeIgniter->run()
#5 {main}
CRITICAL - 2022-02-21 09:17:46 --> Array to string conversion
#0 C:\wamp64\www\Local-Bio\app\Controllers\Users.php(78): CodeIgniter\Debug\Exceptions->errorHandler(8, 'Array to string...', 'C:\\wamp64\\www\\L...', 78, Array)
#1 C:\wamp64\www\Local-Bio\system\CodeIgniter.php(825): App\Controllers\Users->connect()
#2 C:\wamp64\www\Local-Bio\system\CodeIgniter.php(412): CodeIgniter\CodeIgniter->runController(Object(App\Controllers\Users))
#3 C:\wamp64\www\Local-Bio\system\CodeIgniter.php(320): CodeIgniter\CodeIgniter->handleRequest(NULL, Object(Config\Cache), false)
#4 C:\wamp64\www\Local-Bio\public\index.php(37): CodeIgniter\CodeIgniter->run()
#5 {main}
CRITICAL - 2022-02-21 09:19:41 --> Array to string conversion
#0 C:\wamp64\www\Local-Bio\writable\cache\templates_c\1948e206fc209c416fd3af5bb0d10b33082c18be_0.file.connect.tpl.php(71): CodeIgniter\Debug\Exceptions->errorHandler(8, 'Array to string...', 'C:\\wamp64\\www\\L...', 71, Array)
#1 C:\wamp64\www\Local-Bio\app\smarty\libs\sysplugins\smarty_internal_runtime_inheritance.php(248): Block_12205212546213ad8ddd4707_53262417->callBlock(Object(Smarty_Internal_Template))
#2 C:\wamp64\www\Local-Bio\app\smarty\libs\sysplugins\smarty_internal_runtime_inheritance.php(184): Smarty_Internal_Runtime_Inheritance->callBlock(Object(Block_12205212546213ad8ddd4707_53262417), Object(Smarty_Internal_Template))
#3 C:\wamp64\www\Local-Bio\app\smarty\libs\sysplugins\smarty_internal_runtime_inheritance.php(186): Smarty_Internal_Runtime_Inheritance->process(Object(Smarty_Internal_Template), Object(Block_12205212546213ad8ddd4707_53262417), Object(Block_705300726620cc8e90c9b03_85079464))
#4 C:\wamp64\www\Local-Bio\app\smarty\libs\sysplugins\smarty_internal_runtime_inheritance.php(156): Smarty_Internal_Runtime_Inheritance->process(Object(Smarty_Internal_Template), Object(Block_705300726620cc8e90c9b03_85079464))
#5 C:\wamp64\www\Local-Bio\writable\cache\templates_c\cfd4c613c8df35d7c954cf754ee3857e80ca1868_0.file.layout.tpl.php(32): Smarty_Internal_Runtime_Inheritance->instanceBlock(Object(Smarty_Internal_Template), 'Block_705300726...', 'content')
#6 C:\wamp64\www\Local-Bio\app\smarty\libs\sysplugins\smarty_template_resource_base.php(123): content_620cc8e90cb783_58494973(Object(Smarty_Internal_Template))
#7 C:\wamp64\www\Local-Bio\app\smarty\libs\sysplugins\smarty_template_compiled.php(114): Smarty_Template_Resource_Base->getRenderedTemplateCode(Object(Smarty_Internal_Template))
#8 C:\wamp64\www\Local-Bio\app\smarty\libs\sysplugins\smarty_internal_template.php(216): Smarty_Template_Compiled->render(Object(Smarty_Internal_Template))
#9 C:\wamp64\www\Local-Bio\app\smarty\libs\sysplugins\smarty_internal_template.php(385): Smarty_Internal_Template->render()
#10 C:\wamp64\www\Local-Bio\app\smarty\libs\sysplugins\smarty_internal_runtime_inheritance.php(116): Smarty_Internal_Template->_subTemplateRender('layout.tpl', NULL, NULL, 0, 3600, Array, 2, false, NULL, NULL)
#11 C:\wamp64\www\Local-Bio\writable\cache\templates_c\1948e206fc209c416fd3af5bb0d10b33082c18be_0.file.connect.tpl.php(37): Smarty_Internal_Runtime_Inheritance->endChild(Object(Smarty_Internal_Template), 'layout.tpl')
#12 C:\wamp64\www\Local-Bio\app\smarty\libs\sysplugins\smarty_template_resource_base.php(123): content_6213ad8ddd9494_97923073(Object(Smarty_Internal_Template))
#13 C:\wamp64\www\Local-Bio\app\smarty\libs\sysplugins\smarty_template_compiled.php(114): Smarty_Template_Resource_Base->getRenderedTemplateCode(Object(Smarty_Internal_Template))
#14 C:\wamp64\www\Local-Bio\app\smarty\libs\sysplugins\smarty_internal_template.php(216): Smarty_Template_Compiled->render(Object(Smarty_Internal_Template))
#15 C:\wamp64\www\Local-Bio\app\smarty\libs\sysplugins\smarty_internal_templatebase.php(238): Smarty_Internal_Template->render(false, 1)
#16 C:\wamp64\www\Local-Bio\app\smarty\libs\sysplugins\smarty_internal_templatebase.php(134): Smarty_Internal_TemplateBase->_execute(Object(Smarty_Internal_Template), NULL, NULL, NULL, 1)
#17 C:\wamp64\www\Local-Bio\app\Controllers\BaseController.php(72): Smarty_Internal_TemplateBase->display('connect.tpl')
#18 C:\wamp64\www\Local-Bio\app\Controllers\Users.php(103): App\Controllers\BaseController->display('connect.tpl')
#19 C:\wamp64\www\Local-Bio\system\CodeIgniter.php(825): App\Controllers\Users->connect()
#20 C:\wamp64\www\Local-Bio\system\CodeIgniter.php(412): CodeIgniter\CodeIgniter->runController(Object(App\Controllers\Users))
#21 C:\wamp64\www\Local-Bio\system\CodeIgniter.php(320): CodeIgniter\CodeIgniter->handleRequest(NULL, Object(Config\Cache), false)
#22 C:\wamp64\www\Local-Bio\public\index.php(37): CodeIgniter\CodeIgniter->run()
#23 {main}
CRITICAL - 2022-02-21 09:33:46 --> Undefined index: arrErrors
#0 C:\wamp64\www\Local-Bio\app\Controllers\Users.php(84): CodeIgniter\Debug\Exceptions->errorHandler(8, 'Undefined index...', 'C:\\wamp64\\www\\L...', 84, Array)
#1 C:\wamp64\www\Local-Bio\system\CodeIgniter.php(825): App\Controllers\Users->connect()
#2 C:\wamp64\www\Local-Bio\system\CodeIgniter.php(412): CodeIgniter\CodeIgniter->runController(Object(App\Controllers\Users))
#3 C:\wamp64\www\Local-Bio\system\CodeIgniter.php(320): CodeIgniter\CodeIgniter->handleRequest(NULL, Object(Config\Cache), false)
#4 C:\wamp64\www\Local-Bio\public\index.php(37): CodeIgniter\CodeIgniter->run()
#5 {main}
CRITICAL - 2022-02-21 09:33:57 --> Undefined index: arrErrors
#0 C:\wamp64\www\Local-Bio\app\Controllers\Users.php(84): CodeIgniter\Debug\Exceptions->errorHandler(8, 'Undefined index...', 'C:\\wamp64\\www\\L...', 84, Array)
#1 C:\wamp64\www\Local-Bio\system\CodeIgniter.php(825): App\Controllers\Users->connect()
#2 C:\wamp64\www\Local-Bio\system\CodeIgniter.php(412): CodeIgniter\CodeIgniter->runController(Object(App\Controllers\Users))
#3 C:\wamp64\www\Local-Bio\system\CodeIgniter.php(320): CodeIgniter\CodeIgniter->handleRequest(NULL, Object(Config\Cache), false)
#4 C:\wamp64\www\Local-Bio\public\index.php(37): CodeIgniter\CodeIgniter->run()
#5 {main}
CRITICAL - 2022-02-21 09:40:39 --> Undefined index: arrErrors
#0 C:\wamp64\www\Local-Bio\app\Controllers\Users.php(84): CodeIgniter\Debug\Exceptions->errorHandler(8, 'Undefined index...', 'C:\\wamp64\\www\\L...', 84, Array)
#1 C:\wamp64\www\Local-Bio\system\CodeIgniter.php(825): App\Controllers\Users->connect()
#2 C:\wamp64\www\Local-Bio\system\CodeIgniter.php(412): CodeIgniter\CodeIgniter->runController(Object(App\Controllers\Users))
#3 C:\wamp64\www\Local-Bio\system\CodeIgniter.php(320): CodeIgniter\CodeIgniter->handleRequest(NULL, Object(Config\Cache), false)
#4 C:\wamp64\www\Local-Bio\public\index.php(37): CodeIgniter\CodeIgniter->run()
#5 {main}
CRITICAL - 2022-02-21 09:44:37 --> Undefined index: arrErrors
#0 C:\wamp64\www\Local-Bio\app\Controllers\Users.php(84): CodeIgniter\Debug\Exceptions->errorHandler(8, 'Undefined index...', 'C:\\wamp64\\www\\L...', 84, Array)
#1 C:\wamp64\www\Local-Bio\system\CodeIgniter.php(825): App\Controllers\Users->connect()
#2 C:\wamp64\www\Local-Bio\system\CodeIgniter.php(412): CodeIgniter\CodeIgniter->runController(Object(App\Controllers\Users))
#3 C:\wamp64\www\Local-Bio\system\CodeIgniter.php(320): CodeIgniter\CodeIgniter->handleRequest(NULL, Object(Config\Cache), false)
#4 C:\wamp64\www\Local-Bio\public\index.php(37): CodeIgniter\CodeIgniter->run()
#5 {main}
CRITICAL - 2022-02-21 09:45:00 --> Syntax error in template "file:C:\wamp64\www\Local-Bio\app\Views\connect.tpl"  on line 20 "{$form_email class="col-sm-2"}" unexpected 'class' attribute
#0 C:\wamp64\www\Local-Bio\app\smarty\libs\sysplugins\smarty_internal_compilebase.php(142): Smarty_Internal_TemplateCompilerBase->trigger_template_error('unexpected 'cla...', 20, true)
#1 C:\wamp64\www\Local-Bio\app\smarty\libs\sysplugins\smarty_internal_compile_private_print_expression.php(48): Smarty_Internal_CompileBase->getAttributes(Object(Smarty_Internal_SmartyTemplateCompiler), Array)
#2 C:\wamp64\www\Local-Bio\app\smarty\libs\sysplugins\smarty_internal_templatecompilerbase.php(752): Smarty_Internal_Compile_Private_Print_Expression->compile(Array, Object(Smarty_Internal_SmartyTemplateCompiler), Array, NULL, NULL)
#3 C:\wamp64\www\Local-Bio\app\smarty\libs\sysplugins\smarty_internal_templatecompilerbase.php(1481): Smarty_Internal_TemplateCompilerBase->callTagCompiler('private_print_e...', Array, Array)
#4 C:\wamp64\www\Local-Bio\app\smarty\libs\sysplugins\smarty_internal_templatecompilerbase.php(553): Smarty_Internal_TemplateCompilerBase->compileTag2('private_print_e...', Array, Array)
#5 C:\wamp64\www\Local-Bio\app\smarty\libs\sysplugins\smarty_internal_templateparser.php(2130): Smarty_Internal_TemplateCompilerBase->compileTag('private_print_e...', Array, Array)
#6 C:\wamp64\www\Local-Bio\app\smarty\libs\sysplugins\smarty_internal_templateparser.php(2777): Smarty_Internal_Templateparser->yy_r16()
#7 C:\wamp64\www\Local-Bio\app\smarty\libs\sysplugins\smarty_internal_templateparser.php(2872): Smarty_Internal_Templateparser->yy_reduce(16)
#8 C:\wamp64\www\Local-Bio\app\smarty\libs\sysplugins\smarty_internal_smartytemplatecompiler.php(128): Smarty_Internal_Templateparser->doParse(13, '}')
#9 C:\wamp64\www\Local-Bio\app\smarty\libs\sysplugins\smarty_internal_templatecompilerbase.php(469): Smarty_Internal_SmartyTemplateCompiler->doCompile('{extends file="...', true)
#10 C:\wamp64\www\Local-Bio\app\smarty\libs\sysplugins\smarty_internal_templatecompilerbase.php(395): Smarty_Internal_TemplateCompilerBase->compileTemplateSource(Object(Smarty_Internal_Template), false, NULL)
#11 C:\wamp64\www\Local-Bio\app\smarty\libs\sysplugins\smarty_template_compiled.php(184): Smarty_Internal_TemplateCompilerBase->compileTemplate(Object(Smarty_Internal_Template))
#12 C:\wamp64\www\Local-Bio\app\smarty\libs\sysplugins\smarty_template_compiled.php(141): Smarty_Template_Compiled->compileTemplateSource(Object(Smarty_Internal_Template))
#13 C:\wamp64\www\Local-Bio\app\smarty\libs\sysplugins\smarty_template_compiled.php(105): Smarty_Template_Compiled->process(Object(Smarty_Internal_Template))
#14 C:\wamp64\www\Local-Bio\app\smarty\libs\sysplugins\smarty_internal_template.php(216): Smarty_Template_Compiled->render(Object(Smarty_Internal_Template))
#15 C:\wamp64\www\Local-Bio\app\smarty\libs\sysplugins\smarty_internal_templatebase.php(238): Smarty_Internal_Template->render(false, 1)
#16 C:\wamp64\www\Local-Bio\app\smarty\libs\sysplugins\smarty_internal_templatebase.php(134): Smarty_Internal_TemplateBase->_execute(Object(Smarty_Internal_Template), NULL, NULL, NULL, 1)
#17 C:\wamp64\www\Local-Bio\app\Controllers\BaseController.php(72): Smarty_Internal_TemplateBase->display('connect.tpl')
#18 C:\wamp64\www\Local-Bio\app\Controllers\Users.php(104): App\Controllers\BaseController->display('connect.tpl')
#19 C:\wamp64\www\Local-Bio\system\CodeIgniter.php(825): App\Controllers\Users->connect()
#20 C:\wamp64\www\Local-Bio\system\CodeIgniter.php(412): CodeIgniter\CodeIgniter->runController(Object(App\Controllers\Users))
#21 C:\wamp64\www\Local-Bio\system\CodeIgniter.php(320): CodeIgniter\CodeIgniter->handleRequest(NULL, Object(Config\Cache), false)
#22 C:\wamp64\www\Local-Bio\public\index.php(37): CodeIgniter\CodeIgniter->run()
#23 {main}
CRITICAL - 2022-02-21 09:46:09 --> Syntax error in template "file:C:\wamp64\www\Local-Bio\app\Views\connect.tpl"  on line 20 "{$form_email "class='col-sm-2'"}" too many shorthand attributes
#0 C:\wamp64\www\Local-Bio\app\smarty\libs\sysplugins\smarty_internal_compilebase.php(90): Smarty_Internal_TemplateCompilerBase->trigger_template_error('too many shorth...', 20, true)
#1 C:\wamp64\www\Local-Bio\app\smarty\libs\sysplugins\smarty_internal_compile_private_print_expression.php(48): Smarty_Internal_CompileBase->getAttributes(Object(Smarty_Internal_SmartyTemplateCompiler), Array)
#2 C:\wamp64\www\Local-Bio\app\smarty\libs\sysplugins\smarty_internal_templatecompilerbase.php(752): Smarty_Internal_Compile_Private_Print_Expression->compile(Array, Object(Smarty_Internal_SmartyTemplateCompiler), Array, NULL, NULL)
#3 C:\wamp64\www\Local-Bio\app\smarty\libs\sysplugins\smarty_internal_templatecompilerbase.php(1481): Smarty_Internal_TemplateCompilerBase->callTagCompiler('private_print_e...', Array, Array)
#4 C:\wamp64\www\Local-Bio\app\smarty\libs\sysplugins\smarty_internal_templatecompilerbase.php(553): Smarty_Internal_TemplateCompilerBase->compileTag2('private_print_e...', Array, Array)
#5 C:\wamp64\www\Local-Bio\app\smarty\libs\sysplugins\smarty_internal_templateparser.php(2130): Smarty_Internal_TemplateCompilerBase->compileTag('private_print_e...', Array, Array)
#6 C:\wamp64\www\Local-Bio\app\smarty\libs\sysplugins\smarty_internal_templateparser.php(2777): Smarty_Internal_Templateparser->yy_r16()
#7 C:\wamp64\www\Local-Bio\app\smarty\libs\sysplugins\smarty_internal_templateparser.php(2872): Smarty_Internal_Templateparser->yy_reduce(16)
#8 C:\wamp64\www\Local-Bio\app\smarty\libs\sysplugins\smarty_internal_smartytemplatecompiler.php(128): Smarty_Internal_Templateparser->doParse(13, '}')
#9 C:\wamp64\www\Local-Bio\app\smarty\libs\sysplugins\smarty_internal_templatecompilerbase.php(469): Smarty_Internal_SmartyTemplateCompiler->doCompile('{extends file="...', true)
#10 C:\wamp64\www\Local-Bio\app\smarty\libs\sysplugins\smarty_internal_templatecompilerbase.php(395): Smarty_Internal_TemplateCompilerBase->compileTemplateSource(Object(Smarty_Internal_Template), false, NULL)
#11 C:\wamp64\www\Local-Bio\app\smarty\libs\sysplugins\smarty_template_compiled.php(184): Smarty_Internal_TemplateCompilerBase->compileTemplate(Object(Smarty_Internal_Template))
#12 C:\wamp64\www\Local-Bio\app\smarty\libs\sysplugins\smarty_template_compiled.php(141): Smarty_Template_Compiled->compileTemplateSource(Object(Smarty_Internal_Template))
#13 C:\wamp64\www\Local-Bio\app\smarty\libs\sysplugins\smarty_template_compiled.php(105): Smarty_Template_Compiled->process(Object(Smarty_Internal_Template))
#14 C:\wamp64\www\Local-Bio\app\smarty\libs\sysplugins\smarty_internal_template.php(216): Smarty_Template_Compiled->render(Object(Smarty_Internal_Template))
#15 C:\wamp64\www\Local-Bio\app\smarty\libs\sysplugins\smarty_internal_templatebase.php(238): Smarty_Internal_Template->render(false, 1)
#16 C:\wamp64\www\Local-Bio\app\smarty\libs\sysplugins\smarty_internal_templatebase.php(134): Smarty_Internal_TemplateBase->_execute(Object(Smarty_Internal_Template), NULL, NULL, NULL, 1)
#17 C:\wamp64\www\Local-Bio\app\Controllers\BaseController.php(72): Smarty_Internal_TemplateBase->display('connect.tpl')
#18 C:\wamp64\www\Local-Bio\app\Controllers\Users.php(104): App\Controllers\BaseController->display('connect.tpl')
#19 C:\wamp64\www\Local-Bio\system\CodeIgniter.php(825): App\Controllers\Users->connect()
#20 C:\wamp64\www\Local-Bio\system\CodeIgniter.php(412): CodeIgniter\CodeIgniter->runController(Object(App\Controllers\Users))
#21 C:\wamp64\www\Local-Bio\system\CodeIgniter.php(320): CodeIgniter\CodeIgniter->handleRequest(NULL, Object(Config\Cache), false)
#22 C:\wamp64\www\Local-Bio\public\index.php(37): CodeIgniter\CodeIgniter->run()
#23 {main}
CRITICAL - 2022-02-21 09:49:36 --> Undefined index: arrErrors
#0 C:\wamp64\www\Local-Bio\writable\cache\templates_c\1948e206fc209c416fd3af5bb0d10b33082c18be_0.file.connect.tpl.php(72): CodeIgniter\Debug\Exceptions->errorHandler(8, 'Undefined index...', 'C:\\wamp64\\www\\L...', 72, Array)
#1 C:\wamp64\www\Local-Bio\app\smarty\libs\sysplugins\smarty_internal_runtime_inheritance.php(248): Block_19320000376213b4906fcfa4_77966633->callBlock(Object(Smarty_Internal_Template))
#2 C:\wamp64\www\Local-Bio\app\smarty\libs\sysplugins\smarty_internal_runtime_inheritance.php(184): Smarty_Internal_Runtime_Inheritance->callBlock(Object(Block_19320000376213b4906fcfa4_77966633), Object(Smarty_Internal_Template))
#3 C:\wamp64\www\Local-Bio\app\smarty\libs\sysplugins\smarty_internal_runtime_inheritance.php(186): Smarty_Internal_Runtime_Inheritance->process(Object(Smarty_Internal_Template), Object(Block_19320000376213b4906fcfa4_77966633), Object(Block_705300726620cc8e90c9b03_85079464))
#4 C:\wamp64\www\Local-Bio\app\smarty\libs\sysplugins\smarty_internal_runtime_inheritance.php(156): Smarty_Internal_Runtime_Inheritance->process(Object(Smarty_Internal_Template), Object(Block_705300726620cc8e90c9b03_85079464))
#5 C:\wamp64\www\Local-Bio\writable\cache\templates_c\cfd4c613c8df35d7c954cf754ee3857e80ca1868_0.file.layout.tpl.php(32): Smarty_Internal_Runtime_Inheritance->instanceBlock(Object(Smarty_Internal_Template), 'Block_705300726...', 'content')
#6 C:\wamp64\www\Local-Bio\app\smarty\libs\sysplugins\smarty_template_resource_base.php(123): content_620cc8e90cb783_58494973(Object(Smarty_Internal_Template))
#7 C:\wamp64\www\Local-Bio\app\smarty\libs\sysplugins\smarty_template_compiled.php(114): Smarty_Template_Resource_Base->getRenderedTemplateCode(Object(Smarty_Internal_Template))
#8 C:\wamp64\www\Local-Bio\app\smarty\libs\sysplugins\smarty_internal_template.php(216): Smarty_Template_Compiled->render(Object(Smarty_Internal_Template))
#9 C:\wamp64\www\Local-Bio\app\smarty\libs\sysplugins\smarty_internal_template.php(385): Smarty_Internal_Template->render()
#10 C:\wamp64\www\Local-Bio\app\smarty\libs\sysplugins\smarty_internal_runtime_inheritance.php(116): Smarty_Internal_Template->_subTemplateRender('layout.tpl', NULL, NULL, 0, 3600, Array, 2, false, NULL, NULL)
#11 C:\wamp64\www\Local-Bio\writable\cache\templates_c\1948e206fc209c416fd3af5bb0d10b33082c18be_0.file.connect.tpl.php(37): Smarty_Internal_Runtime_Inheritance->endChild(Object(Smarty_Internal_Template), 'layout.tpl')
#12 C:\wamp64\www\Local-Bio\app\smarty\libs\sysplugins\smarty_template_resource_base.php(123): content_6213b490704107_22098346(Object(Smarty_Internal_Template))
#13 C:\wamp64\www\Local-Bio\app\smarty\libs\sysplugins\smarty_template_compiled.php(114): Smarty_Template_Resource_Base->getRenderedTemplateCode(Object(Smarty_Internal_Template))
#14 C:\wamp64\www\Local-Bio\app\smarty\libs\sysplugins\smarty_internal_template.php(216): Smarty_Template_Compiled->render(Object(Smarty_Internal_Template))
#15 C:\wamp64\www\Local-Bio\app\smarty\libs\sysplugins\smarty_internal_templatebase.php(238): Smarty_Internal_Template->render(false, 1)
#16 C:\wamp64\www\Local-Bio\app\smarty\libs\sysplugins\smarty_internal_templatebase.php(134): Smarty_Internal_TemplateBase->_execute(Object(Smarty_Internal_Template), NULL, NULL, NULL, 1)
#17 C:\wamp64\www\Local-Bio\app\Controllers\BaseController.php(72): Smarty_Internal_TemplateBase->display('connect.tpl')
#18 C:\wamp64\www\Local-Bio\app\Controllers\Users.php(104): App\Controllers\BaseController->display('connect.tpl')
#19 C:\wamp64\www\Local-Bio\system\CodeIgniter.php(825): App\Controllers\Users->connect()
#20 C:\wamp64\www\Local-Bio\system\CodeIgniter.php(412): CodeIgniter\CodeIgniter->runController(Object(App\Controllers\Users))
#21 C:\wamp64\www\Local-Bio\system\CodeIgniter.php(320): CodeIgniter\CodeIgniter->handleRequest(NULL, Object(Config\Cache), false)
#22 C:\wamp64\www\Local-Bio\public\index.php(37): CodeIgniter\CodeIgniter->run()
#23 {main}
CRITICAL - 2022-02-21 09:55:28 --> Undefined index: arrErrors
#0 C:\wamp64\www\Local-Bio\writable\cache\templates_c\1948e206fc209c416fd3af5bb0d10b33082c18be_0.file.connect.tpl.php(72): CodeIgniter\Debug\Exceptions->errorHandler(8, 'Undefined index...', 'C:\\wamp64\\www\\L...', 72, Array)
#1 C:\wamp64\www\Local-Bio\app\smarty\libs\sysplugins\smarty_internal_runtime_inheritance.php(248): Block_20541616636213b5f027c5b3_74392781->callBlock(Object(Smarty_Internal_Template))
#2 C:\wamp64\www\Local-Bio\app\smarty\libs\sysplugins\smarty_internal_runtime_inheritance.php(184): Smarty_Internal_Runtime_Inheritance->callBlock(Object(Block_20541616636213b5f027c5b3_74392781), Object(Smarty_Internal_Template))
#3 C:\wamp64\www\Local-Bio\app\smarty\libs\sysplugins\smarty_internal_runtime_inheritance.php(186): Smarty_Internal_Runtime_Inheritance->process(Object(Smarty_Internal_Template), Object(Block_20541616636213b5f027c5b3_74392781), Object(Block_705300726620cc8e90c9b03_85079464))
#4 C:\wamp64\www\Local-Bio\app\smarty\libs\sysplugins\smarty_internal_runtime_inheritance.php(156): Smarty_Internal_Runtime_Inheritance->process(Object(Smarty_Internal_Template), Object(Block_705300726620cc8e90c9b03_85079464))
#5 C:\wamp64\www\Local-Bio\writable\cache\templates_c\cfd4c613c8df35d7c954cf754ee3857e80ca1868_0.file.layout.tpl.php(32): Smarty_Internal_Runtime_Inheritance->instanceBlock(Object(Smarty_Internal_Template), 'Block_705300726...', 'content')
#6 C:\wamp64\www\Local-Bio\app\smarty\libs\sysplugins\smarty_template_resource_base.php(123): content_620cc8e90cb783_58494973(Object(Smarty_Internal_Template))
#7 C:\wamp64\www\Local-Bio\app\smarty\libs\sysplugins\smarty_template_compiled.php(114): Smarty_Template_Resource_Base->getRenderedTemplateCode(Object(Smarty_Internal_Template))
#8 C:\wamp64\www\Local-Bio\app\smarty\libs\sysplugins\smarty_internal_template.php(216): Smarty_Template_Compiled->render(Object(Smarty_Internal_Template))
#9 C:\wamp64\www\Local-Bio\app\smarty\libs\sysplugins\smarty_internal_template.php(385): Smarty_Internal_Template->render()
#10 C:\wamp64\www\Local-Bio\app\smarty\libs\sysplugins\smarty_internal_runtime_inheritance.php(116): Smarty_Internal_Template->_subTemplateRender('layout.tpl', NULL, NULL, 0, 3600, Array, 2, false, NULL, NULL)
#11 C:\wamp64\www\Local-Bio\writable\cache\templates_c\1948e206fc209c416fd3af5bb0d10b33082c18be_0.file.connect.tpl.php(37): Smarty_Internal_Runtime_Inheritance->endChild(Object(Smarty_Internal_Template), 'layout.tpl')
#12 C:\wamp64\www\Local-Bio\app\smarty\libs\sysplugins\smarty_template_resource_base.php(123): content_6213b5f0285eb0_92021590(Object(Smarty_Internal_Template))
#13 C:\wamp64\www\Local-Bio\app\smarty\libs\sysplugins\smarty_template_compiled.php(114): Smarty_Template_Resource_Base->getRenderedTemplateCode(Object(Smarty_Internal_Template))
#14 C:\wamp64\www\Local-Bio\app\smarty\libs\sysplugins\smarty_internal_template.php(216): Smarty_Template_Compiled->render(Object(Smarty_Internal_Template))
#15 C:\wamp64\www\Local-Bio\app\smarty\libs\sysplugins\smarty_internal_templatebase.php(238): Smarty_Internal_Template->render(false, 1)
#16 C:\wamp64\www\Local-Bio\app\smarty\libs\sysplugins\smarty_internal_templatebase.php(134): Smarty_Internal_TemplateBase->_execute(Object(Smarty_Internal_Template), NULL, NULL, NULL, 1)
#17 C:\wamp64\www\Local-Bio\app\Controllers\BaseController.php(72): Smarty_Internal_TemplateBase->display('connect.tpl')
#18 C:\wamp64\www\Local-Bio\app\Controllers\Users.php(104): App\Controllers\BaseController->display('connect.tpl')
#19 C:\wamp64\www\Local-Bio\system\CodeIgniter.php(825): App\Controllers\Users->connect()
#20 C:\wamp64\www\Local-Bio\system\CodeIgniter.php(412): CodeIgniter\CodeIgniter->runController(Object(App\Controllers\Users))
#21 C:\wamp64\www\Local-Bio\system\CodeIgniter.php(320): CodeIgniter\CodeIgniter->handleRequest(NULL, Object(Config\Cache), false)
#22 C:\wamp64\www\Local-Bio\public\index.php(37): CodeIgniter\CodeIgniter->run()
#23 {main}
CRITICAL - 2022-02-21 09:55:41 --> Undefined index: arrErrors
#0 C:\wamp64\www\Local-Bio\writable\cache\templates_c\1948e206fc209c416fd3af5bb0d10b33082c18be_0.file.connect.tpl.php(72): CodeIgniter\Debug\Exceptions->errorHandler(8, 'Undefined index...', 'C:\\wamp64\\www\\L...', 72, Array)
#1 C:\wamp64\www\Local-Bio\app\smarty\libs\sysplugins\smarty_internal_runtime_inheritance.php(248): Block_20541616636213b5f027c5b3_74392781->callBlock(Object(Smarty_Internal_Template))
#2 C:\wamp64\www\Local-Bio\app\smarty\libs\sysplugins\smarty_internal_runtime_inheritance.php(184): Smarty_Internal_Runtime_Inheritance->callBlock(Object(Block_20541616636213b5f027c5b3_74392781), Object(Smarty_Internal_Template))
#3 C:\wamp64\www\Local-Bio\app\smarty\libs\sysplugins\smarty_internal_runtime_inheritance.php(186): Smarty_Internal_Runtime_Inheritance->process(Object(Smarty_Internal_Template), Object(Block_20541616636213b5f027c5b3_74392781), Object(Block_705300726620cc8e90c9b03_85079464))
#4 C:\wamp64\www\Local-Bio\app\smarty\libs\sysplugins\smarty_internal_runtime_inheritance.php(156): Smarty_Internal_Runtime_Inheritance->process(Object(Smarty_Internal_Template), Object(Block_705300726620cc8e90c9b03_85079464))
#5 C:\wamp64\www\Local-Bio\writable\cache\templates_c\cfd4c613c8df35d7c954cf754ee3857e80ca1868_0.file.layout.tpl.php(32): Smarty_Internal_Runtime_Inheritance->instanceBlock(Object(Smarty_Internal_Template), 'Block_705300726...', 'content')
#6 C:\wamp64\www\Local-Bio\app\smarty\libs\sysplugins\smarty_template_resource_base.php(123): content_620cc8e90cb783_58494973(Object(Smarty_Internal_Template))
#7 C:\wamp64\www\Local-Bio\app\smarty\libs\sysplugins\smarty_template_compiled.php(114): Smarty_Template_Resource_Base->getRenderedTemplateCode(Object(Smarty_Internal_Template))
#8 C:\wamp64\www\Local-Bio\app\smarty\libs\sysplugins\smarty_internal_template.php(216): Smarty_Template_Compiled->render(Object(Smarty_Internal_Template))
#9 C:\wamp64\www\Local-Bio\app\smarty\libs\sysplugins\smarty_internal_template.php(385): Smarty_Internal_Template->render()
#10 C:\wamp64\www\Local-Bio\app\smarty\libs\sysplugins\smarty_internal_runtime_inheritance.php(116): Smarty_Internal_Template->_subTemplateRender('layout.tpl', NULL, NULL, 0, 3600, Array, 2, false, NULL, NULL)
#11 C:\wamp64\www\Local-Bio\writable\cache\templates_c\1948e206fc209c416fd3af5bb0d10b33082c18be_0.file.connect.tpl.php(37): Smarty_Internal_Runtime_Inheritance->endChild(Object(Smarty_Internal_Template), 'layout.tpl')
#12 C:\wamp64\www\Local-Bio\app\smarty\libs\sysplugins\smarty_template_resource_base.php(123): content_6213b5f0285eb0_92021590(Object(Smarty_Internal_Template))
#13 C:\wamp64\www\Local-Bio\app\smarty\libs\sysplugins\smarty_template_compiled.php(114): Smarty_Template_Resource_Base->getRenderedTemplateCode(Object(Smarty_Internal_Template))
#14 C:\wamp64\www\Local-Bio\app\smarty\libs\sysplugins\smarty_internal_template.php(216): Smarty_Template_Compiled->render(Object(Smarty_Internal_Template))
#15 C:\wamp64\www\Local-Bio\app\smarty\libs\sysplugins\smarty_internal_templatebase.php(238): Smarty_Internal_Template->render(false, 1)
#16 C:\wamp64\www\Local-Bio\app\smarty\libs\sysplugins\smarty_internal_templatebase.php(134): Smarty_Internal_TemplateBase->_execute(Object(Smarty_Internal_Template), NULL, NULL, NULL, 1)
#17 C:\wamp64\www\Local-Bio\app\Controllers\BaseController.php(72): Smarty_Internal_TemplateBase->display('connect.tpl')
#18 C:\wamp64\www\Local-Bio\app\Controllers\Users.php(104): App\Controllers\BaseController->display('connect.tpl')
#19 C:\wamp64\www\Local-Bio\system\CodeIgniter.php(825): App\Controllers\Users->connect()
#20 C:\wamp64\www\Local-Bio\system\CodeIgniter.php(412): CodeIgniter\CodeIgniter->runController(Object(App\Controllers\Users))
#21 C:\wamp64\www\Local-Bio\system\CodeIgniter.php(320): CodeIgniter\CodeIgniter->handleRequest(NULL, Object(Config\Cache), false)
#22 C:\wamp64\www\Local-Bio\public\index.php(37): CodeIgniter\CodeIgniter->run()
#23 {main}
CRITICAL - 2022-02-21 09:55:42 --> Undefined index: arrErrors
#0 C:\wamp64\www\Local-Bio\writable\cache\templates_c\1948e206fc209c416fd3af5bb0d10b33082c18be_0.file.connect.tpl.php(72): CodeIgniter\Debug\Exceptions->errorHandler(8, 'Undefined index...', 'C:\\wamp64\\www\\L...', 72, Array)
#1 C:\wamp64\www\Local-Bio\app\smarty\libs\sysplugins\smarty_internal_runtime_inheritance.php(248): Block_20541616636213b5f027c5b3_74392781->callBlock(Object(Smarty_Internal_Template))
#2 C:\wamp64\www\Local-Bio\app\smarty\libs\sysplugins\smarty_internal_runtime_inheritance.php(184): Smarty_Internal_Runtime_Inheritance->callBlock(Object(Block_20541616636213b5f027c5b3_74392781), Object(Smarty_Internal_Template))
#3 C:\wamp64\www\Local-Bio\app\smarty\libs\sysplugins\smarty_internal_runtime_inheritance.php(186): Smarty_Internal_Runtime_Inheritance->process(Object(Smarty_Internal_Template), Object(Block_20541616636213b5f027c5b3_74392781), Object(Block_705300726620cc8e90c9b03_85079464))
#4 C:\wamp64\www\Local-Bio\app\smarty\libs\sysplugins\smarty_internal_runtime_inheritance.php(156): Smarty_Internal_Runtime_Inheritance->process(Object(Smarty_Internal_Template), Object(Block_705300726620cc8e90c9b03_85079464))
#5 C:\wamp64\www\Local-Bio\writable\cache\templates_c\cfd4c613c8df35d7c954cf754ee3857e80ca1868_0.file.layout.tpl.php(32): Smarty_Internal_Runtime_Inheritance->instanceBlock(Object(Smarty_Internal_Template), 'Block_705300726...', 'content')
#6 C:\wamp64\www\Local-Bio\app\smarty\libs\sysplugins\smarty_template_resource_base.php(123): content_620cc8e90cb783_58494973(Object(Smarty_Internal_Template))
#7 C:\wamp64\www\Local-Bio\app\smarty\libs\sysplugins\smarty_template_compiled.php(114): Smarty_Template_Resource_Base->getRenderedTemplateCode(Object(Smarty_Internal_Template))
#8 C:\wamp64\www\Local-Bio\app\smarty\libs\sysplugins\smarty_internal_template.php(216): Smarty_Template_Compiled->render(Object(Smarty_Internal_Template))
#9 C:\wamp64\www\Local-Bio\app\smarty\libs\sysplugins\smarty_internal_template.php(385): Smarty_Internal_Template->render()
#10 C:\wamp64\www\Local-Bio\app\smarty\libs\sysplugins\smarty_internal_runtime_inheritance.php(116): Smarty_Internal_Template->_subTemplateRender('layout.tpl', NULL, NULL, 0, 3600, Array, 2, false, NULL, NULL)
#11 C:\wamp64\www\Local-Bio\writable\cache\templates_c\1948e206fc209c416fd3af5bb0d10b33082c18be_0.file.connect.tpl.php(37): Smarty_Internal_Runtime_Inheritance->endChild(Object(Smarty_Internal_Template), 'layout.tpl')
#12 C:\wamp64\www\Local-Bio\app\smarty\libs\sysplugins\smarty_template_resource_base.php(123): content_6213b5f0285eb0_92021590(Object(Smarty_Internal_Template))
#13 C:\wamp64\www\Local-Bio\app\smarty\libs\sysplugins\smarty_template_compiled.php(114): Smarty_Template_Resource_Base->getRenderedTemplateCode(Object(Smarty_Internal_Template))
#14 C:\wamp64\www\Local-Bio\app\smarty\libs\sysplugins\smarty_internal_template.php(216): Smarty_Template_Compiled->render(Object(Smarty_Internal_Template))
#15 C:\wamp64\www\Local-Bio\app\smarty\libs\sysplugins\smarty_internal_templatebase.php(238): Smarty_Internal_Template->render(false, 1)
#16 C:\wamp64\www\Local-Bio\app\smarty\libs\sysplugins\smarty_internal_templatebase.php(134): Smarty_Internal_TemplateBase->_execute(Object(Smarty_Internal_Template), NULL, NULL, NULL, 1)
#17 C:\wamp64\www\Local-Bio\app\Controllers\BaseController.php(72): Smarty_Internal_TemplateBase->display('connect.tpl')
#18 C:\wamp64\www\Local-Bio\app\Controllers\Users.php(104): App\Controllers\BaseController->display('connect.tpl')
#19 C:\wamp64\www\Local-Bio\system\CodeIgniter.php(825): App\Controllers\Users->connect()
#20 C:\wamp64\www\Local-Bio\system\CodeIgniter.php(412): CodeIgniter\CodeIgniter->runController(Object(App\Controllers\Users))
#21 C:\wamp64\www\Local-Bio\system\CodeIgniter.php(320): CodeIgniter\CodeIgniter->handleRequest(NULL, Object(Config\Cache), false)
#22 C:\wamp64\www\Local-Bio\public\index.php(37): CodeIgniter\CodeIgniter->run()
#23 {main}
CRITICAL - 2022-02-21 09:55:42 --> Undefined index: arrErrors
#0 C:\wamp64\www\Local-Bio\writable\cache\templates_c\1948e206fc209c416fd3af5bb0d10b33082c18be_0.file.connect.tpl.php(72): CodeIgniter\Debug\Exceptions->errorHandler(8, 'Undefined index...', 'C:\\wamp64\\www\\L...', 72, Array)
#1 C:\wamp64\www\Local-Bio\app\smarty\libs\sysplugins\smarty_internal_runtime_inheritance.php(248): Block_20541616636213b5f027c5b3_74392781->callBlock(Object(Smarty_Internal_Template))
#2 C:\wamp64\www\Local-Bio\app\smarty\libs\sysplugins\smarty_internal_runtime_inheritance.php(184): Smarty_Internal_Runtime_Inheritance->callBlock(Object(Block_20541616636213b5f027c5b3_74392781), Object(Smarty_Internal_Template))
#3 C:\wamp64\www\Local-Bio\app\smarty\libs\sysplugins\smarty_internal_runtime_inheritance.php(186): Smarty_Internal_Runtime_Inheritance->process(Object(Smarty_Internal_Template), Object(Block_20541616636213b5f027c5b3_74392781), Object(Block_705300726620cc8e90c9b03_85079464))
#4 C:\wamp64\www\Local-Bio\app\smarty\libs\sysplugins\smarty_internal_runtime_inheritance.php(156): Smarty_Internal_Runtime_Inheritance->process(Object(Smarty_Internal_Template), Object(Block_705300726620cc8e90c9b03_85079464))
#5 C:\wamp64\www\Local-Bio\writable\cache\templates_c\cfd4c613c8df35d7c954cf754ee3857e80ca1868_0.file.layout.tpl.php(32): Smarty_Internal_Runtime_Inheritance->instanceBlock(Object(Smarty_Internal_Template), 'Block_705300726...', 'content')
#6 C:\wamp64\www\Local-Bio\app\smarty\libs\sysplugins\smarty_template_resource_base.php(123): content_620cc8e90cb783_58494973(Object(Smarty_Internal_Template))
#7 C:\wamp64\www\Local-Bio\app\smarty\libs\sysplugins\smarty_template_compiled.php(114): Smarty_Template_Resource_Base->getRenderedTemplateCode(Object(Smarty_Internal_Template))
#8 C:\wamp64\www\Local-Bio\app\smarty\libs\sysplugins\smarty_internal_template.php(216): Smarty_Template_Compiled->render(Object(Smarty_Internal_Template))
#9 C:\wamp64\www\Local-Bio\app\smarty\libs\sysplugins\smarty_internal_template.php(385): Smarty_Internal_Template->render()
#10 C:\wamp64\www\Local-Bio\app\smarty\libs\sysplugins\smarty_internal_runtime_inheritance.php(116): Smarty_Internal_Template->_subTemplateRender('layout.tpl', NULL, NULL, 0, 3600, Array, 2, false, NULL, NULL)
#11 C:\wamp64\www\Local-Bio\writable\cache\templates_c\1948e206fc209c416fd3af5bb0d10b33082c18be_0.file.connect.tpl.php(37): Smarty_Internal_Runtime_Inheritance->endChild(Object(Smarty_Internal_Template), 'layout.tpl')
#12 C:\wamp64\www\Local-Bio\app\smarty\libs\sysplugins\smarty_template_resource_base.php(123): content_6213b5f0285eb0_92021590(Object(Smarty_Internal_Template))
#13 C:\wamp64\www\Local-Bio\app\smarty\libs\sysplugins\smarty_template_compiled.php(114): Smarty_Template_Resource_Base->getRenderedTemplateCode(Object(Smarty_Internal_Template))
#14 C:\wamp64\www\Local-Bio\app\smarty\libs\sysplugins\smarty_internal_template.php(216): Smarty_Template_Compiled->render(Object(Smarty_Internal_Template))
#15 C:\wamp64\www\Local-Bio\app\smarty\libs\sysplugins\smarty_internal_templatebase.php(238): Smarty_Internal_Template->render(false, 1)
#16 C:\wamp64\www\Local-Bio\app\smarty\libs\sysplugins\smarty_internal_templatebase.php(134): Smarty_Internal_TemplateBase->_execute(Object(Smarty_Internal_Template), NULL, NULL, NULL, 1)
#17 C:\wamp64\www\Local-Bio\app\Controllers\BaseController.php(72): Smarty_Internal_TemplateBase->display('connect.tpl')
#18 C:\wamp64\www\Local-Bio\app\Controllers\Users.php(104): App\Controllers\BaseController->display('connect.tpl')
#19 C:\wamp64\www\Local-Bio\system\CodeIgniter.php(825): App\Controllers\Users->connect()
#20 C:\wamp64\www\Local-Bio\system\CodeIgniter.php(412): CodeIgniter\CodeIgniter->runController(Object(App\Controllers\Users))
#21 C:\wamp64\www\Local-Bio\system\CodeIgniter.php(320): CodeIgniter\CodeIgniter->handleRequest(NULL, Object(Config\Cache), false)
#22 C:\wamp64\www\Local-Bio\public\index.php(37): CodeIgniter\CodeIgniter->run()
#23 {main}
CRITICAL - 2022-02-21 09:56:00 --> Undefined index: arrErrors
#0 C:\wamp64\www\Local-Bio\writable\cache\templates_c\1948e206fc209c416fd3af5bb0d10b33082c18be_0.file.connect.tpl.php(71): CodeIgniter\Debug\Exceptions->errorHandler(8, 'Undefined index...', 'C:\\wamp64\\www\\L...', 71, Array)
#1 C:\wamp64\www\Local-Bio\app\smarty\libs\sysplugins\smarty_internal_runtime_inheritance.php(248): Block_6067832916213b6106db495_27625022->callBlock(Object(Smarty_Internal_Template))
#2 C:\wamp64\www\Local-Bio\app\smarty\libs\sysplugins\smarty_internal_runtime_inheritance.php(184): Smarty_Internal_Runtime_Inheritance->callBlock(Object(Block_6067832916213b6106db495_27625022), Object(Smarty_Internal_Template))
#3 C:\wamp64\www\Local-Bio\app\smarty\libs\sysplugins\smarty_internal_runtime_inheritance.php(186): Smarty_Internal_Runtime_Inheritance->process(Object(Smarty_Internal_Template), Object(Block_6067832916213b6106db495_27625022), Object(Block_705300726620cc8e90c9b03_85079464))
#4 C:\wamp64\www\Local-Bio\app\smarty\libs\sysplugins\smarty_internal_runtime_inheritance.php(156): Smarty_Internal_Runtime_Inheritance->process(Object(Smarty_Internal_Template), Object(Block_705300726620cc8e90c9b03_85079464))
#5 C:\wamp64\www\Local-Bio\writable\cache\templates_c\cfd4c613c8df35d7c954cf754ee3857e80ca1868_0.file.layout.tpl.php(32): Smarty_Internal_Runtime_Inheritance->instanceBlock(Object(Smarty_Internal_Template), 'Block_705300726...', 'content')
#6 C:\wamp64\www\Local-Bio\app\smarty\libs\sysplugins\smarty_template_resource_base.php(123): content_620cc8e90cb783_58494973(Object(Smarty_Internal_Template))
#7 C:\wamp64\www\Local-Bio\app\smarty\libs\sysplugins\smarty_template_compiled.php(114): Smarty_Template_Resource_Base->getRenderedTemplateCode(Object(Smarty_Internal_Template))
#8 C:\wamp64\www\Local-Bio\app\smarty\libs\sysplugins\smarty_internal_template.php(216): Smarty_Template_Compiled->render(Object(Smarty_Internal_Template))
#9 C:\wamp64\www\Local-Bio\app\smarty\libs\sysplugins\smarty_internal_template.php(385): Smarty_Internal_Template->render()
#10 C:\wamp64\www\Local-Bio\app\smarty\libs\sysplugins\smarty_internal_runtime_inheritance.php(116): Smarty_Internal_Template->_subTemplateRender('layout.tpl', NULL, NULL, 0, 3600, Array, 2, false, NULL, NULL)
#11 C:\wamp64\www\Local-Bio\writable\cache\templates_c\1948e206fc209c416fd3af5bb0d10b33082c18be_0.file.connect.tpl.php(37): Smarty_Internal_Runtime_Inheritance->endChild(Object(Smarty_Internal_Template), 'layout.tpl')
#12 C:\wamp64\www\Local-Bio\app\smarty\libs\sysplugins\smarty_template_resource_base.php(123): content_6213b6106e1362_54607718(Object(Smarty_Internal_Template))
#13 C:\wamp64\www\Local-Bio\app\smarty\libs\sysplugins\smarty_template_compiled.php(114): Smarty_Template_Resource_Base->getRenderedTemplateCode(Object(Smarty_Internal_Template))
#14 C:\wamp64\www\Local-Bio\app\smarty\libs\sysplugins\smarty_internal_template.php(216): Smarty_Template_Compiled->render(Object(Smarty_Internal_Template))
#15 C:\wamp64\www\Local-Bio\app\smarty\libs\sysplugins\smarty_internal_templatebase.php(238): Smarty_Internal_Template->render(false, 1)
#16 C:\wamp64\www\Local-Bio\app\smarty\libs\sysplugins\smarty_internal_templatebase.php(134): Smarty_Internal_TemplateBase->_execute(Object(Smarty_Internal_Template), NULL, NULL, NULL, 1)
#17 C:\wamp64\www\Local-Bio\app\Controllers\BaseController.php(72): Smarty_Internal_TemplateBase->display('connect.tpl')
#18 C:\wamp64\www\Local-Bio\app\Controllers\Users.php(104): App\Controllers\BaseController->display('connect.tpl')
#19 C:\wamp64\www\Local-Bio\system\CodeIgniter.php(825): App\Controllers\Users->connect()
#20 C:\wamp64\www\Local-Bio\system\CodeIgniter.php(412): CodeIgniter\CodeIgniter->runController(Object(App\Controllers\Users))
#21 C:\wamp64\www\Local-Bio\system\CodeIgniter.php(320): CodeIgniter\CodeIgniter->handleRequest(NULL, Object(Config\Cache), false)
#22 C:\wamp64\www\Local-Bio\public\index.php(37): CodeIgniter\CodeIgniter->run()
#23 {main}
CRITICAL - 2022-02-21 09:56:10 --> Undefined index: arrErrors
#0 C:\wamp64\www\Local-Bio\writable\cache\templates_c\1948e206fc209c416fd3af5bb0d10b33082c18be_0.file.connect.tpl.php(71): CodeIgniter\Debug\Exceptions->errorHandler(8, 'Undefined index...', 'C:\\wamp64\\www\\L...', 71, Array)
#1 C:\wamp64\www\Local-Bio\app\smarty\libs\sysplugins\smarty_internal_runtime_inheritance.php(248): Block_6067832916213b6106db495_27625022->callBlock(Object(Smarty_Internal_Template))
#2 C:\wamp64\www\Local-Bio\app\smarty\libs\sysplugins\smarty_internal_runtime_inheritance.php(184): Smarty_Internal_Runtime_Inheritance->callBlock(Object(Block_6067832916213b6106db495_27625022), Object(Smarty_Internal_Template))
#3 C:\wamp64\www\Local-Bio\app\smarty\libs\sysplugins\smarty_internal_runtime_inheritance.php(186): Smarty_Internal_Runtime_Inheritance->process(Object(Smarty_Internal_Template), Object(Block_6067832916213b6106db495_27625022), Object(Block_705300726620cc8e90c9b03_85079464))
#4 C:\wamp64\www\Local-Bio\app\smarty\libs\sysplugins\smarty_internal_runtime_inheritance.php(156): Smarty_Internal_Runtime_Inheritance->process(Object(Smarty_Internal_Template), Object(Block_705300726620cc8e90c9b03_85079464))
#5 C:\wamp64\www\Local-Bio\writable\cache\templates_c\cfd4c613c8df35d7c954cf754ee3857e80ca1868_0.file.layout.tpl.php(32): Smarty_Internal_Runtime_Inheritance->instanceBlock(Object(Smarty_Internal_Template), 'Block_705300726...', 'content')
#6 C:\wamp64\www\Local-Bio\app\smarty\libs\sysplugins\smarty_template_resource_base.php(123): content_620cc8e90cb783_58494973(Object(Smarty_Internal_Template))
#7 C:\wamp64\www\Local-Bio\app\smarty\libs\sysplugins\smarty_template_compiled.php(114): Smarty_Template_Resource_Base->getRenderedTemplateCode(Object(Smarty_Internal_Template))
#8 C:\wamp64\www\Local-Bio\app\smarty\libs\sysplugins\smarty_internal_template.php(216): Smarty_Template_Compiled->render(Object(Smarty_Internal_Template))
#9 C:\wamp64\www\Local-Bio\app\smarty\libs\sysplugins\smarty_internal_template.php(385): Smarty_Internal_Template->render()
#10 C:\wamp64\www\Local-Bio\app\smarty\libs\sysplugins\smarty_internal_runtime_inheritance.php(116): Smarty_Internal_Template->_subTemplateRender('layout.tpl', NULL, NULL, 0, 3600, Array, 2, false, NULL, NULL)
#11 C:\wamp64\www\Local-Bio\writable\cache\templates_c\1948e206fc209c416fd3af5bb0d10b33082c18be_0.file.connect.tpl.php(37): Smarty_Internal_Runtime_Inheritance->endChild(Object(Smarty_Internal_Template), 'layout.tpl')
#12 C:\wamp64\www\Local-Bio\app\smarty\libs\sysplugins\smarty_template_resource_base.php(123): content_6213b6106e1362_54607718(Object(Smarty_Internal_Template))
#13 C:\wamp64\www\Local-Bio\app\smarty\libs\sysplugins\smarty_template_compiled.php(114): Smarty_Template_Resource_Base->getRenderedTemplateCode(Object(Smarty_Internal_Template))
#14 C:\wamp64\www\Local-Bio\app\smarty\libs\sysplugins\smarty_internal_template.php(216): Smarty_Template_Compiled->render(Object(Smarty_Internal_Template))
#15 C:\wamp64\www\Local-Bio\app\smarty\libs\sysplugins\smarty_internal_templatebase.php(238): Smarty_Internal_Template->render(false, 1)
#16 C:\wamp64\www\Local-Bio\app\smarty\libs\sysplugins\smarty_internal_templatebase.php(134): Smarty_Internal_TemplateBase->_execute(Object(Smarty_Internal_Template), NULL, NULL, NULL, 1)
#17 C:\wamp64\www\Local-Bio\app\Controllers\BaseController.php(72): Smarty_Internal_TemplateBase->display('connect.tpl')
#18 C:\wamp64\www\Local-Bio\app\Controllers\Users.php(104): App\Controllers\BaseController->display('connect.tpl')
#19 C:\wamp64\www\Local-Bio\system\CodeIgniter.php(825): App\Controllers\Users->connect()
#20 C:\wamp64\www\Local-Bio\system\CodeIgniter.php(412): CodeIgniter\CodeIgniter->runController(Object(App\Controllers\Users))
#21 C:\wamp64\www\Local-Bio\system\CodeIgniter.php(320): CodeIgniter\CodeIgniter->handleRequest(NULL, Object(Config\Cache), false)
#22 C:\wamp64\www\Local-Bio\public\index.php(37): CodeIgniter\CodeIgniter->run()
#23 {main}
CRITICAL - 2022-02-21 09:56:10 --> Undefined index: arrErrors
#0 C:\wamp64\www\Local-Bio\writable\cache\templates_c\1948e206fc209c416fd3af5bb0d10b33082c18be_0.file.connect.tpl.php(71): CodeIgniter\Debug\Exceptions->errorHandler(8, 'Undefined index...', 'C:\\wamp64\\www\\L...', 71, Array)
#1 C:\wamp64\www\Local-Bio\app\smarty\libs\sysplugins\smarty_internal_runtime_inheritance.php(248): Block_6067832916213b6106db495_27625022->callBlock(Object(Smarty_Internal_Template))
#2 C:\wamp64\www\Local-Bio\app\smarty\libs\sysplugins\smarty_internal_runtime_inheritance.php(184): Smarty_Internal_Runtime_Inheritance->callBlock(Object(Block_6067832916213b6106db495_27625022), Object(Smarty_Internal_Template))
#3 C:\wamp64\www\Local-Bio\app\smarty\libs\sysplugins\smarty_internal_runtime_inheritance.php(186): Smarty_Internal_Runtime_Inheritance->process(Object(Smarty_Internal_Template), Object(Block_6067832916213b6106db495_27625022), Object(Block_705300726620cc8e90c9b03_85079464))
#4 C:\wamp64\www\Local-Bio\app\smarty\libs\sysplugins\smarty_internal_runtime_inheritance.php(156): Smarty_Internal_Runtime_Inheritance->process(Object(Smarty_Internal_Template), Object(Block_705300726620cc8e90c9b03_85079464))
#5 C:\wamp64\www\Local-Bio\writable\cache\templates_c\cfd4c613c8df35d7c954cf754ee3857e80ca1868_0.file.layout.tpl.php(32): Smarty_Internal_Runtime_Inheritance->instanceBlock(Object(Smarty_Internal_Template), 'Block_705300726...', 'content')
#6 C:\wamp64\www\Local-Bio\app\smarty\libs\sysplugins\smarty_template_resource_base.php(123): content_620cc8e90cb783_58494973(Object(Smarty_Internal_Template))
#7 C:\wamp64\www\Local-Bio\app\smarty\libs\sysplugins\smarty_template_compiled.php(114): Smarty_Template_Resource_Base->getRenderedTemplateCode(Object(Smarty_Internal_Template))
#8 C:\wamp64\www\Local-Bio\app\smarty\libs\sysplugins\smarty_internal_template.php(216): Smarty_Template_Compiled->render(Object(Smarty_Internal_Template))
#9 C:\wamp64\www\Local-Bio\app\smarty\libs\sysplugins\smarty_internal_template.php(385): Smarty_Internal_Template->render()
#10 C:\wamp64\www\Local-Bio\app\smarty\libs\sysplugins\smarty_internal_runtime_inheritance.php(116): Smarty_Internal_Template->_subTemplateRender('layout.tpl', NULL, NULL, 0, 3600, Array, 2, false, NULL, NULL)
#11 C:\wamp64\www\Local-Bio\writable\cache\templates_c\1948e206fc209c416fd3af5bb0d10b33082c18be_0.file.connect.tpl.php(37): Smarty_Internal_Runtime_Inheritance->endChild(Object(Smarty_Internal_Template), 'layout.tpl')
#12 C:\wamp64\www\Local-Bio\app\smarty\libs\sysplugins\smarty_template_resource_base.php(123): content_6213b6106e1362_54607718(Object(Smarty_Internal_Template))
#13 C:\wamp64\www\Local-Bio\app\smarty\libs\sysplugins\smarty_template_compiled.php(114): Smarty_Template_Resource_Base->getRenderedTemplateCode(Object(Smarty_Internal_Template))
#14 C:\wamp64\www\Local-Bio\app\smarty\libs\sysplugins\smarty_internal_template.php(216): Smarty_Template_Compiled->render(Object(Smarty_Internal_Template))
#15 C:\wamp64\www\Local-Bio\app\smarty\libs\sysplugins\smarty_internal_templatebase.php(238): Smarty_Internal_Template->render(false, 1)
#16 C:\wamp64\www\Local-Bio\app\smarty\libs\sysplugins\smarty_internal_templatebase.php(134): Smarty_Internal_TemplateBase->_execute(Object(Smarty_Internal_Template), NULL, NULL, NULL, 1)
#17 C:\wamp64\www\Local-Bio\app\Controllers\BaseController.php(72): Smarty_Internal_TemplateBase->display('connect.tpl')
#18 C:\wamp64\www\Local-Bio\app\Controllers\Users.php(104): App\Controllers\BaseController->display('connect.tpl')
#19 C:\wamp64\www\Local-Bio\system\CodeIgniter.php(825): App\Controllers\Users->connect()
#20 C:\wamp64\www\Local-Bio\system\CodeIgniter.php(412): CodeIgniter\CodeIgniter->runController(Object(App\Controllers\Users))
#21 C:\wamp64\www\Local-Bio\system\CodeIgniter.php(320): CodeIgniter\CodeIgniter->handleRequest(NULL, Object(Config\Cache), false)
#22 C:\wamp64\www\Local-Bio\public\index.php(37): CodeIgniter\CodeIgniter->run()
#23 {main}
CRITICAL - 2022-02-21 09:56:42 --> Undefined index: arrErrors
#0 C:\wamp64\www\Local-Bio\writable\cache\templates_c\1948e206fc209c416fd3af5bb0d10b33082c18be_0.file.connect.tpl.php(71): CodeIgniter\Debug\Exceptions->errorHandler(8, 'Undefined index...', 'C:\\wamp64\\www\\L...', 71, Array)
#1 C:\wamp64\www\Local-Bio\app\smarty\libs\sysplugins\smarty_internal_runtime_inheritance.php(248): Block_3429234416213b63a8c26d1_26700992->callBlock(Object(Smarty_Internal_Template))
#2 C:\wamp64\www\Local-Bio\app\smarty\libs\sysplugins\smarty_internal_runtime_inheritance.php(184): Smarty_Internal_Runtime_Inheritance->callBlock(Object(Block_3429234416213b63a8c26d1_26700992), Object(Smarty_Internal_Template))
#3 C:\wamp64\www\Local-Bio\app\smarty\libs\sysplugins\smarty_internal_runtime_inheritance.php(186): Smarty_Internal_Runtime_Inheritance->process(Object(Smarty_Internal_Template), Object(Block_3429234416213b63a8c26d1_26700992), Object(Block_1386705336213b63a95c363_24860661))
#4 C:\wamp64\www\Local-Bio\app\smarty\libs\sysplugins\smarty_internal_runtime_inheritance.php(156): Smarty_Internal_Runtime_Inheritance->process(Object(Smarty_Internal_Template), Object(Block_1386705336213b63a95c363_24860661))
#5 C:\wamp64\www\Local-Bio\writable\cache\templates_c\cfd4c613c8df35d7c954cf754ee3857e80ca1868_0.file.layout.tpl.php(32): Smarty_Internal_Runtime_Inheritance->instanceBlock(Object(Smarty_Internal_Template), 'Block_138670533...', 'content')
#6 C:\wamp64\www\Local-Bio\app\smarty\libs\sysplugins\smarty_template_resource_base.php(123): content_6213b63a95e133_88530517(Object(Smarty_Internal_Template))
#7 C:\wamp64\www\Local-Bio\app\smarty\libs\sysplugins\smarty_template_compiled.php(114): Smarty_Template_Resource_Base->getRenderedTemplateCode(Object(Smarty_Internal_Template))
#8 C:\wamp64\www\Local-Bio\app\smarty\libs\sysplugins\smarty_internal_template.php(216): Smarty_Template_Compiled->render(Object(Smarty_Internal_Template))
#9 C:\wamp64\www\Local-Bio\app\smarty\libs\sysplugins\smarty_internal_template.php(385): Smarty_Internal_Template->render()
#10 C:\wamp64\www\Local-Bio\app\smarty\libs\sysplugins\smarty_internal_runtime_inheritance.php(116): Smarty_Internal_Template->_subTemplateRender('layout.tpl', NULL, NULL, 0, 3600, Array, 2, false, NULL, NULL)
#11 C:\wamp64\www\Local-Bio\writable\cache\templates_c\1948e206fc209c416fd3af5bb0d10b33082c18be_0.file.connect.tpl.php(37): Smarty_Internal_Runtime_Inheritance->endChild(Object(Smarty_Internal_Template), 'layout.tpl')
#12 C:\wamp64\www\Local-Bio\app\smarty\libs\sysplugins\smarty_template_resource_base.php(123): content_6213b63a8c8748_94703874(Object(Smarty_Internal_Template))
#13 C:\wamp64\www\Local-Bio\app\smarty\libs\sysplugins\smarty_template_compiled.php(114): Smarty_Template_Resource_Base->getRenderedTemplateCode(Object(Smarty_Internal_Template))
#14 C:\wamp64\www\Local-Bio\app\smarty\libs\sysplugins\smarty_internal_template.php(216): Smarty_Template_Compiled->render(Object(Smarty_Internal_Template))
#15 C:\wamp64\www\Local-Bio\app\smarty\libs\sysplugins\smarty_internal_templatebase.php(238): Smarty_Internal_Template->render(false, 1)
#16 C:\wamp64\www\Local-Bio\app\smarty\libs\sysplugins\smarty_internal_templatebase.php(134): Smarty_Internal_TemplateBase->_execute(Object(Smarty_Internal_Template), NULL, NULL, NULL, 1)
#17 C:\wamp64\www\Local-Bio\app\Controllers\BaseController.php(72): Smarty_Internal_TemplateBase->display('connect.tpl')
#18 C:\wamp64\www\Local-Bio\app\Controllers\Users.php(104): App\Controllers\BaseController->display('connect.tpl')
#19 C:\wamp64\www\Local-Bio\system\CodeIgniter.php(825): App\Controllers\Users->connect()
#20 C:\wamp64\www\Local-Bio\system\CodeIgniter.php(412): CodeIgniter\CodeIgniter->runController(Object(App\Controllers\Users))
#21 C:\wamp64\www\Local-Bio\system\CodeIgniter.php(320): CodeIgniter\CodeIgniter->handleRequest(NULL, Object(Config\Cache), false)
#22 C:\wamp64\www\Local-Bio\public\index.php(37): CodeIgniter\CodeIgniter->run()
#23 {main}
CRITICAL - 2022-02-21 09:56:58 --> Undefined index: arrErrors
#0 C:\wamp64\www\Local-Bio\writable\cache\templates_c\1948e206fc209c416fd3af5bb0d10b33082c18be_0.file.connect.tpl.php(71): CodeIgniter\Debug\Exceptions->errorHandler(8, 'Undefined index...', 'C:\\wamp64\\www\\L...', 71, Array)
#1 C:\wamp64\www\Local-Bio\app\smarty\libs\sysplugins\smarty_internal_runtime_inheritance.php(248): Block_11617537826213b64a387096_42741509->callBlock(Object(Smarty_Internal_Template))
#2 C:\wamp64\www\Local-Bio\app\smarty\libs\sysplugins\smarty_internal_runtime_inheritance.php(184): Smarty_Internal_Runtime_Inheritance->callBlock(Object(Block_11617537826213b64a387096_42741509), Object(Smarty_Internal_Template))
#3 C:\wamp64\www\Local-Bio\app\smarty\libs\sysplugins\smarty_internal_runtime_inheritance.php(186): Smarty_Internal_Runtime_Inheritance->process(Object(Smarty_Internal_Template), Object(Block_11617537826213b64a387096_42741509), Object(Block_9306204696213b64a411717_40855963))
#4 C:\wamp64\www\Local-Bio\app\smarty\libs\sysplugins\smarty_internal_runtime_inheritance.php(156): Smarty_Internal_Runtime_Inheritance->process(Object(Smarty_Internal_Template), Object(Block_9306204696213b64a411717_40855963))
#5 C:\wamp64\www\Local-Bio\writable\cache\templates_c\cfd4c613c8df35d7c954cf754ee3857e80ca1868_0.file.layout.tpl.php(32): Smarty_Internal_Runtime_Inheritance->instanceBlock(Object(Smarty_Internal_Template), 'Block_930620469...', 'content')
#6 C:\wamp64\www\Local-Bio\app\smarty\libs\sysplugins\smarty_template_resource_base.php(123): content_6213b64a413454_32499536(Object(Smarty_Internal_Template))
#7 C:\wamp64\www\Local-Bio\app\smarty\libs\sysplugins\smarty_template_compiled.php(114): Smarty_Template_Resource_Base->getRenderedTemplateCode(Object(Smarty_Internal_Template))
#8 C:\wamp64\www\Local-Bio\app\smarty\libs\sysplugins\smarty_internal_template.php(216): Smarty_Template_Compiled->render(Object(Smarty_Internal_Template))
#9 C:\wamp64\www\Local-Bio\app\smarty\libs\sysplugins\smarty_internal_template.php(385): Smarty_Internal_Template->render()
#10 C:\wamp64\www\Local-Bio\app\smarty\libs\sysplugins\smarty_internal_runtime_inheritance.php(116): Smarty_Internal_Template->_subTemplateRender('layout.tpl', NULL, NULL, 0, 3600, Array, 2, false, NULL, NULL)
#11 C:\wamp64\www\Local-Bio\writable\cache\templates_c\1948e206fc209c416fd3af5bb0d10b33082c18be_0.file.connect.tpl.php(37): Smarty_Internal_Runtime_Inheritance->endChild(Object(Smarty_Internal_Template), 'layout.tpl')
#12 C:\wamp64\www\Local-Bio\app\smarty\libs\sysplugins\smarty_template_resource_base.php(123): content_6213b64a38ed20_69984281(Object(Smarty_Internal_Template))
#13 C:\wamp64\www\Local-Bio\app\smarty\libs\sysplugins\smarty_template_compiled.php(114): Smarty_Template_Resource_Base->getRenderedTemplateCode(Object(Smarty_Internal_Template))
#14 C:\wamp64\www\Local-Bio\app\smarty\libs\sysplugins\smarty_internal_template.php(216): Smarty_Template_Compiled->render(Object(Smarty_Internal_Template))
#15 C:\wamp64\www\Local-Bio\app\smarty\libs\sysplugins\smarty_internal_templatebase.php(238): Smarty_Internal_Template->render(false, 1)
#16 C:\wamp64\www\Local-Bio\app\smarty\libs\sysplugins\smarty_internal_templatebase.php(134): Smarty_Internal_TemplateBase->_execute(Object(Smarty_Internal_Template), NULL, NULL, NULL, 1)
#17 C:\wamp64\www\Local-Bio\app\Controllers\BaseController.php(72): Smarty_Internal_TemplateBase->display('connect.tpl')
#18 C:\wamp64\www\Local-Bio\app\Controllers\Users.php(104): App\Controllers\BaseController->display('connect.tpl')
#19 C:\wamp64\www\Local-Bio\system\CodeIgniter.php(825): App\Controllers\Users->connect()
#20 C:\wamp64\www\Local-Bio\system\CodeIgniter.php(412): CodeIgniter\CodeIgniter->runController(Object(App\Controllers\Users))
#21 C:\wamp64\www\Local-Bio\system\CodeIgniter.php(320): CodeIgniter\CodeIgniter->handleRequest(NULL, Object(Config\Cache), false)
#22 C:\wamp64\www\Local-Bio\public\index.php(37): CodeIgniter\CodeIgniter->run()
#23 {main}
CRITICAL - 2022-02-21 09:57:41 --> Array to string conversion
#0 C:\wamp64\www\Local-Bio\writable\cache\templates_c\1948e206fc209c416fd3af5bb0d10b33082c18be_0.file.connect.tpl.php(71): CodeIgniter\Debug\Exceptions->errorHandler(8, 'Array to string...', 'C:\\wamp64\\www\\L...', 71, Array)
#1 C:\wamp64\www\Local-Bio\app\smarty\libs\sysplugins\smarty_internal_runtime_inheritance.php(248): Block_11617537826213b64a387096_42741509->callBlock(Object(Smarty_Internal_Template))
#2 C:\wamp64\www\Local-Bio\app\smarty\libs\sysplugins\smarty_internal_runtime_inheritance.php(184): Smarty_Internal_Runtime_Inheritance->callBlock(Object(Block_11617537826213b64a387096_42741509), Object(Smarty_Internal_Template))
#3 C:\wamp64\www\Local-Bio\app\smarty\libs\sysplugins\smarty_internal_runtime_inheritance.php(186): Smarty_Internal_Runtime_Inheritance->process(Object(Smarty_Internal_Template), Object(Block_11617537826213b64a387096_42741509), Object(Block_9306204696213b64a411717_40855963))
#4 C:\wamp64\www\Local-Bio\app\smarty\libs\sysplugins\smarty_internal_runtime_inheritance.php(156): Smarty_Internal_Runtime_Inheritance->process(Object(Smarty_Internal_Template), Object(Block_9306204696213b64a411717_40855963))
#5 C:\wamp64\www\Local-Bio\writable\cache\templates_c\cfd4c613c8df35d7c954cf754ee3857e80ca1868_0.file.layout.tpl.php(32): Smarty_Internal_Runtime_Inheritance->instanceBlock(Object(Smarty_Internal_Template), 'Block_930620469...', 'content')
#6 C:\wamp64\www\Local-Bio\app\smarty\libs\sysplugins\smarty_template_resource_base.php(123): content_6213b64a413454_32499536(Object(Smarty_Internal_Template))
#7 C:\wamp64\www\Local-Bio\app\smarty\libs\sysplugins\smarty_template_compiled.php(114): Smarty_Template_Resource_Base->getRenderedTemplateCode(Object(Smarty_Internal_Template))
#8 C:\wamp64\www\Local-Bio\app\smarty\libs\sysplugins\smarty_internal_template.php(216): Smarty_Template_Compiled->render(Object(Smarty_Internal_Template))
#9 C:\wamp64\www\Local-Bio\app\smarty\libs\sysplugins\smarty_internal_template.php(385): Smarty_Internal_Template->render()
#10 C:\wamp64\www\Local-Bio\app\smarty\libs\sysplugins\smarty_internal_runtime_inheritance.php(116): Smarty_Internal_Template->_subTemplateRender('layout.tpl', NULL, NULL, 0, 3600, Array, 2, false, NULL, NULL)
#11 C:\wamp64\www\Local-Bio\writable\cache\templates_c\1948e206fc209c416fd3af5bb0d10b33082c18be_0.file.connect.tpl.php(37): Smarty_Internal_Runtime_Inheritance->endChild(Object(Smarty_Internal_Template), 'layout.tpl')
#12 C:\wamp64\www\Local-Bio\app\smarty\libs\sysplugins\smarty_template_resource_base.php(123): content_6213b64a38ed20_69984281(Object(Smarty_Internal_Template))
#13 C:\wamp64\www\Local-Bio\app\smarty\libs\sysplugins\smarty_template_compiled.php(114): Smarty_Template_Resource_Base->getRenderedTemplateCode(Object(Smarty_Internal_Template))
#14 C:\wamp64\www\Local-Bio\app\smarty\libs\sysplugins\smarty_internal_template.php(216): Smarty_Template_Compiled->render(Object(Smarty_Internal_Template))
#15 C:\wamp64\www\Local-Bio\app\smarty\libs\sysplugins\smarty_internal_templatebase.php(238): Smarty_Internal_Template->render(false, 1)
#16 C:\wamp64\www\Local-Bio\app\smarty\libs\sysplugins\smarty_internal_templatebase.php(134): Smarty_Internal_TemplateBase->_execute(Object(Smarty_Internal_Template), NULL, NULL, NULL, 1)
#17 C:\wamp64\www\Local-Bio\app\Controllers\BaseController.php(72): Smarty_Internal_TemplateBase->display('connect.tpl')
#18 C:\wamp64\www\Local-Bio\app\Controllers\Users.php(104): App\Controllers\BaseController->display('connect.tpl')
#19 C:\wamp64\www\Local-Bio\system\CodeIgniter.php(825): App\Controllers\Users->connect()
#20 C:\wamp64\www\Local-Bio\system\CodeIgniter.php(412): CodeIgniter\CodeIgniter->runController(Object(App\Controllers\Users))
#21 C:\wamp64\www\Local-Bio\system\CodeIgniter.php(320): CodeIgniter\CodeIgniter->handleRequest(NULL, Object(Config\Cache), false)
#22 C:\wamp64\www\Local-Bio\public\index.php(37): CodeIgniter\CodeIgniter->run()
#23 {main}
CRITICAL - 2022-02-21 09:59:08 --> Array to string conversion
#0 C:\wamp64\www\Local-Bio\writable\cache\templates_c\1948e206fc209c416fd3af5bb0d10b33082c18be_0.file.connect.tpl.php(71): CodeIgniter\Debug\Exceptions->errorHandler(8, 'Array to string...', 'C:\\wamp64\\www\\L...', 71, Array)
#1 C:\wamp64\www\Local-Bio\app\smarty\libs\sysplugins\smarty_internal_runtime_inheritance.php(248): Block_11617537826213b64a387096_42741509->callBlock(Object(Smarty_Internal_Template))
#2 C:\wamp64\www\Local-Bio\app\smarty\libs\sysplugins\smarty_internal_runtime_inheritance.php(184): Smarty_Internal_Runtime_Inheritance->callBlock(Object(Block_11617537826213b64a387096_42741509), Object(Smarty_Internal_Template))
#3 C:\wamp64\www\Local-Bio\app\smarty\libs\sysplugins\smarty_internal_runtime_inheritance.php(186): Smarty_Internal_Runtime_Inheritance->process(Object(Smarty_Internal_Template), Object(Block_11617537826213b64a387096_42741509), Object(Block_9306204696213b64a411717_40855963))
#4 C:\wamp64\www\Local-Bio\app\smarty\libs\sysplugins\smarty_internal_runtime_inheritance.php(156): Smarty_Internal_Runtime_Inheritance->process(Object(Smarty_Internal_Template), Object(Block_9306204696213b64a411717_40855963))
#5 C:\wamp64\www\Local-Bio\writable\cache\templates_c\cfd4c613c8df35d7c954cf754ee3857e80ca1868_0.file.layout.tpl.php(32): Smarty_Internal_Runtime_Inheritance->instanceBlock(Object(Smarty_Internal_Template), 'Block_930620469...', 'content')
#6 C:\wamp64\www\Local-Bio\app\smarty\libs\sysplugins\smarty_template_resource_base.php(123): content_6213b64a413454_32499536(Object(Smarty_Internal_Template))
#7 C:\wamp64\www\Local-Bio\app\smarty\libs\sysplugins\smarty_template_compiled.php(114): Smarty_Template_Resource_Base->getRenderedTemplateCode(Object(Smarty_Internal_Template))
#8 C:\wamp64\www\Local-Bio\app\smarty\libs\sysplugins\smarty_internal_template.php(216): Smarty_Template_Compiled->render(Object(Smarty_Internal_Template))
#9 C:\wamp64\www\Local-Bio\app\smarty\libs\sysplugins\smarty_internal_template.php(385): Smarty_Internal_Template->render()
#10 C:\wamp64\www\Local-Bio\app\smarty\libs\sysplugins\smarty_internal_runtime_inheritance.php(116): Smarty_Internal_Template->_subTemplateRender('layout.tpl', NULL, NULL, 0, 3600, Array, 2, false, NULL, NULL)
#11 C:\wamp64\www\Local-Bio\writable\cache\templates_c\1948e206fc209c416fd3af5bb0d10b33082c18be_0.file.connect.tpl.php(37): Smarty_Internal_Runtime_Inheritance->endChild(Object(Smarty_Internal_Template), 'layout.tpl')
#12 C:\wamp64\www\Local-Bio\app\smarty\libs\sysplugins\smarty_template_resource_base.php(123): content_6213b64a38ed20_69984281(Object(Smarty_Internal_Template))
#13 C:\wamp64\www\Local-Bio\app\smarty\libs\sysplugins\smarty_template_compiled.php(114): Smarty_Template_Resource_Base->getRenderedTemplateCode(Object(Smarty_Internal_Template))
#14 C:\wamp64\www\Local-Bio\app\smarty\libs\sysplugins\smarty_internal_template.php(216): Smarty_Template_Compiled->render(Object(Smarty_Internal_Template))
#15 C:\wamp64\www\Local-Bio\app\smarty\libs\sysplugins\smarty_internal_templatebase.php(238): Smarty_Internal_Template->render(false, 1)
#16 C:\wamp64\www\Local-Bio\app\smarty\libs\sysplugins\smarty_internal_templatebase.php(134): Smarty_Internal_TemplateBase->_execute(Object(Smarty_Internal_Template), NULL, NULL, NULL, 1)
#17 C:\wamp64\www\Local-Bio\app\Controllers\BaseController.php(72): Smarty_Internal_TemplateBase->display('connect.tpl')
#18 C:\wamp64\www\Local-Bio\app\Controllers\Users.php(102): App\Controllers\BaseController->display('connect.tpl')
#19 C:\wamp64\www\Local-Bio\system\CodeIgniter.php(825): App\Controllers\Users->connect()
#20 C:\wamp64\www\Local-Bio\system\CodeIgniter.php(412): CodeIgniter\CodeIgniter->runController(Object(App\Controllers\Users))
#21 C:\wamp64\www\Local-Bio\system\CodeIgniter.php(320): CodeIgniter\CodeIgniter->handleRequest(NULL, Object(Config\Cache), false)
#22 C:\wamp64\www\Local-Bio\public\index.php(37): CodeIgniter\CodeIgniter->run()
#23 {main}
