CRITICAL - 2022-02-09 06:09:55 --> syntax error, unexpected 'public' (T_PUBLIC)
#0 C:\wamp64\www\new_bio\system\Router\Router.php(175): CodeIgniter\Router\Router->autoRoute('City')
#1 C:\wamp64\www\new_bio\system\CodeIgniter.php(719): CodeIgniter\Router\Router->handle('City')
#2 C:\wamp64\www\new_bio\system\CodeIgniter.php(361): CodeIgniter\CodeIgniter->tryToRouteIt(Object(CodeIgniter\Router\RouteCollection))
#3 C:\wamp64\www\new_bio\system\CodeIgniter.php(320): CodeIgniter\CodeIgniter->handleRequest(NULL, Object(Config\Cache), false)
#4 C:\wamp64\www\new_bio\public\index.php(37): CodeIgniter\CodeIgniter->run()
#5 {main}
CRITICAL - 2022-02-09 06:10:05 --> syntax error, unexpected 'public' (T_PUBLIC)
#0 C:\wamp64\www\new_bio\system\Router\Router.php(175): CodeIgniter\Router\Router->autoRoute('City')
#1 C:\wamp64\www\new_bio\system\CodeIgniter.php(719): CodeIgniter\Router\Router->handle('City')
#2 C:\wamp64\www\new_bio\system\CodeIgniter.php(361): CodeIgniter\CodeIgniter->tryToRouteIt(Object(CodeIgniter\Router\RouteCollection))
#3 C:\wamp64\www\new_bio\system\CodeIgniter.php(320): CodeIgniter\CodeIgniter->handleRequest(NULL, Object(Config\Cache), false)
#4 C:\wamp64\www\new_bio\public\index.php(37): CodeIgniter\CodeIgniter->run()
#5 {main}
CRITICAL - 2022-02-09 06:10:48 --> syntax error, unexpected 'public' (T_PUBLIC)
#0 C:\wamp64\www\new_bio\system\Router\Router.php(175): CodeIgniter\Router\Router->autoRoute('city')
#1 C:\wamp64\www\new_bio\system\CodeIgniter.php(719): CodeIgniter\Router\Router->handle('city')
#2 C:\wamp64\www\new_bio\system\CodeIgniter.php(361): CodeIgniter\CodeIgniter->tryToRouteIt(Object(CodeIgniter\Router\RouteCollection))
#3 C:\wamp64\www\new_bio\system\CodeIgniter.php(320): CodeIgniter\CodeIgniter->handleRequest(NULL, Object(Config\Cache), false)
#4 C:\wamp64\www\new_bio\public\index.php(37): CodeIgniter\CodeIgniter->run()
#5 {main}
CRITICAL - 2022-02-09 06:12:11 --> syntax error, unexpected 'public' (T_PUBLIC)
#0 C:\wamp64\www\new_bio\system\Router\Router.php(175): CodeIgniter\Router\Router->autoRoute('city')
#1 C:\wamp64\www\new_bio\system\CodeIgniter.php(719): CodeIgniter\Router\Router->handle('city')
#2 C:\wamp64\www\new_bio\system\CodeIgniter.php(361): CodeIgniter\CodeIgniter->tryToRouteIt(Object(CodeIgniter\Router\RouteCollection))
#3 C:\wamp64\www\new_bio\system\CodeIgniter.php(320): CodeIgniter\CodeIgniter->handleRequest(NULL, Object(Config\Cache), false)
#4 C:\wamp64\www\new_bio\public\index.php(37): CodeIgniter\CodeIgniter->run()
#5 {main}
