CRITICAL - 2022-02-04 02:55:19 --> Use of undefined constant h1 - assumed 'h1' (this will throw an Error in a future version of PHP)
#0 C:\wamp64\www\new_bio\app\Views\accueil.php(1): CodeIgniter\Debug\Exceptions->errorHandler(2, 'Use of undefine...', 'C:\\wamp64\\www\\n...', 1, Array)
#1 C:\wamp64\www\new_bio\system\View\View.php(210): include('C:\\wamp64\\www\\n...')
#2 C:\wamp64\www\new_bio\system\View\View.php(213): CodeIgniter\View\View->CodeIgniter\View\{closure}()
#3 C:\wamp64\www\new_bio\system\Common.php(1089): CodeIgniter\View\View->render('accueil', Array, true)
#4 C:\wamp64\www\new_bio\app\Controllers\Pages.php(19): view('accueil')
#5 C:\wamp64\www\new_bio\system\CodeIgniter.php(825): App\Controllers\Pages->index()
#6 C:\wamp64\www\new_bio\system\CodeIgniter.php(412): CodeIgniter\CodeIgniter->runController(Object(App\Controllers\Pages))
#7 C:\wamp64\www\new_bio\system\CodeIgniter.php(320): CodeIgniter\CodeIgniter->handleRequest(NULL, Object(Config\Cache), false)
#8 C:\wamp64\www\new_bio\public\index.php(37): CodeIgniter\CodeIgniter->run()
#9 {main}
CRITICAL - 2022-02-04 02:58:07 --> syntax error, unexpected ',', expecting ')'
#0 C:\wamp64\www\new_bio\system\Autoloader\Autoloader.php(241): CodeIgniter\Autoloader\Autoloader->includeFile('C:\\wamp64\\www\\n...')
#1 C:\wamp64\www\new_bio\system\Autoloader\Autoloader.php(219): CodeIgniter\Autoloader\Autoloader->loadInNamespace('App\\Controllers...')
#2 [internal function]: CodeIgniter\Autoloader\Autoloader->loadClass('App\\Controllers...')
#3 [internal function]: spl_autoload_call('App\\Controllers...')
#4 C:\wamp64\www\new_bio\system\CodeIgniter.php(790): class_exists('\\App\\Controller...', true)
#5 C:\wamp64\www\new_bio\system\CodeIgniter.php(399): CodeIgniter\CodeIgniter->startController()
#6 C:\wamp64\www\new_bio\system\CodeIgniter.php(320): CodeIgniter\CodeIgniter->handleRequest(NULL, Object(Config\Cache), false)
#7 C:\wamp64\www\new_bio\public\index.php(37): CodeIgniter\CodeIgniter->run()
#8 {main}
CRITICAL - 2022-02-04 02:58:57 --> syntax error, unexpected ',', expecting ')'
#0 C:\wamp64\www\new_bio\system\Autoloader\Autoloader.php(241): CodeIgniter\Autoloader\Autoloader->includeFile('C:\\wamp64\\www\\n...')
#1 C:\wamp64\www\new_bio\system\Autoloader\Autoloader.php(219): CodeIgniter\Autoloader\Autoloader->loadInNamespace('App\\Controllers...')
#2 [internal function]: CodeIgniter\Autoloader\Autoloader->loadClass('App\\Controllers...')
#3 [internal function]: spl_autoload_call('App\\Controllers...')
#4 C:\wamp64\www\new_bio\system\CodeIgniter.php(790): class_exists('\\App\\Controller...', true)
#5 C:\wamp64\www\new_bio\system\CodeIgniter.php(399): CodeIgniter\CodeIgniter->startController()
#6 C:\wamp64\www\new_bio\system\CodeIgniter.php(320): CodeIgniter\CodeIgniter->handleRequest(NULL, Object(Config\Cache), false)
#7 C:\wamp64\www\new_bio\public\index.php(37): CodeIgniter\CodeIgniter->run()
#8 {main}
CRITICAL - 2022-02-04 02:59:40 --> Use of undefined constant h1 - assumed 'h1' (this will throw an Error in a future version of PHP)
#0 C:\wamp64\www\new_bio\app\Views\accueil.php(1): CodeIgniter\Debug\Exceptions->errorHandler(2, 'Use of undefine...', 'C:\\wamp64\\www\\n...', 1, Array)
#1 C:\wamp64\www\new_bio\system\View\View.php(210): include('C:\\wamp64\\www\\n...')
#2 C:\wamp64\www\new_bio\system\View\View.php(213): CodeIgniter\View\View->CodeIgniter\View\{closure}()
#3 C:\wamp64\www\new_bio\system\Common.php(1089): CodeIgniter\View\View->render('accueil', Array, true)
#4 C:\wamp64\www\new_bio\app\Controllers\Pages.php(19): view('accueil', Array)
#5 C:\wamp64\www\new_bio\system\CodeIgniter.php(825): App\Controllers\Pages->index()
#6 C:\wamp64\www\new_bio\system\CodeIgniter.php(412): CodeIgniter\CodeIgniter->runController(Object(App\Controllers\Pages))
#7 C:\wamp64\www\new_bio\system\CodeIgniter.php(320): CodeIgniter\CodeIgniter->handleRequest(NULL, Object(Config\Cache), false)
#8 C:\wamp64\www\new_bio\public\index.php(37): CodeIgniter\CodeIgniter->run()
#9 {main}
CRITICAL - 2022-02-04 03:00:15 --> Use of undefined constant h1 - assumed 'h1' (this will throw an Error in a future version of PHP)
#0 C:\wamp64\www\new_bio\app\Views\accueil.php(1): CodeIgniter\Debug\Exceptions->errorHandler(2, 'Use of undefine...', 'C:\\wamp64\\www\\n...', 1, Array)
#1 C:\wamp64\www\new_bio\system\View\View.php(210): include('C:\\wamp64\\www\\n...')
#2 C:\wamp64\www\new_bio\system\View\View.php(213): CodeIgniter\View\View->CodeIgniter\View\{closure}()
#3 C:\wamp64\www\new_bio\system\Common.php(1089): CodeIgniter\View\View->render('accueil', Array, true)
#4 C:\wamp64\www\new_bio\app\Controllers\Pages.php(19): view('accueil', Array)
#5 C:\wamp64\www\new_bio\system\CodeIgniter.php(825): App\Controllers\Pages->index()
#6 C:\wamp64\www\new_bio\system\CodeIgniter.php(412): CodeIgniter\CodeIgniter->runController(Object(App\Controllers\Pages))
#7 C:\wamp64\www\new_bio\system\CodeIgniter.php(320): CodeIgniter\CodeIgniter->handleRequest(NULL, Object(Config\Cache), false)
#8 C:\wamp64\www\new_bio\public\index.php(37): CodeIgniter\CodeIgniter->run()
#9 {main}
CRITICAL - 2022-02-04 03:01:13 --> Use of undefined constant titre - assumed 'titre' (this will throw an Error in a future version of PHP)
#0 C:\wamp64\www\new_bio\app\Views\accueil.php(1): CodeIgniter\Debug\Exceptions->errorHandler(2, 'Use of undefine...', 'C:\\wamp64\\www\\n...', 1, Array)
#1 C:\wamp64\www\new_bio\system\View\View.php(210): include('C:\\wamp64\\www\\n...')
#2 C:\wamp64\www\new_bio\system\View\View.php(213): CodeIgniter\View\View->CodeIgniter\View\{closure}()
#3 C:\wamp64\www\new_bio\system\Common.php(1089): CodeIgniter\View\View->render('accueil', Array, true)
#4 C:\wamp64\www\new_bio\app\Controllers\Pages.php(19): view('accueil', Array)
#5 C:\wamp64\www\new_bio\system\CodeIgniter.php(825): App\Controllers\Pages->index()
#6 C:\wamp64\www\new_bio\system\CodeIgniter.php(412): CodeIgniter\CodeIgniter->runController(Object(App\Controllers\Pages))
#7 C:\wamp64\www\new_bio\system\CodeIgniter.php(320): CodeIgniter\CodeIgniter->handleRequest(NULL, Object(Config\Cache), false)
#8 C:\wamp64\www\new_bio\public\index.php(37): CodeIgniter\CodeIgniter->run()
#9 {main}
CRITICAL - 2022-02-04 03:01:35 --> Use of undefined constant titre - assumed 'titre' (this will throw an Error in a future version of PHP)
#0 C:\wamp64\www\new_bio\app\Views\accueil.php(1): CodeIgniter\Debug\Exceptions->errorHandler(2, 'Use of undefine...', 'C:\\wamp64\\www\\n...', 1, Array)
#1 C:\wamp64\www\new_bio\system\View\View.php(210): include('C:\\wamp64\\www\\n...')
#2 C:\wamp64\www\new_bio\system\View\View.php(213): CodeIgniter\View\View->CodeIgniter\View\{closure}()
#3 C:\wamp64\www\new_bio\system\Common.php(1089): CodeIgniter\View\View->render('accueil', Array, true)
#4 C:\wamp64\www\new_bio\app\Controllers\Pages.php(19): view('accueil', Array)
#5 C:\wamp64\www\new_bio\system\CodeIgniter.php(825): App\Controllers\Pages->index()
#6 C:\wamp64\www\new_bio\system\CodeIgniter.php(412): CodeIgniter\CodeIgniter->runController(Object(App\Controllers\Pages))
#7 C:\wamp64\www\new_bio\system\CodeIgniter.php(320): CodeIgniter\CodeIgniter->handleRequest(NULL, Object(Config\Cache), false)
#8 C:\wamp64\www\new_bio\public\index.php(37): CodeIgniter\CodeIgniter->run()
#9 {main}
CRITICAL - 2022-02-04 03:07:41 --> Use of undefined constant titre - assumed 'titre' (this will throw an Error in a future version of PHP)
#0 C:\wamp64\www\new_bio\app\Views\accueil.php(1): CodeIgniter\Debug\Exceptions->errorHandler(2, 'Use of undefine...', 'C:\\wamp64\\www\\n...', 1, Array)
#1 C:\wamp64\www\new_bio\system\View\View.php(210): include('C:\\wamp64\\www\\n...')
#2 C:\wamp64\www\new_bio\system\View\View.php(213): CodeIgniter\View\View->CodeIgniter\View\{closure}()
#3 C:\wamp64\www\new_bio\system\Common.php(1089): CodeIgniter\View\View->render('accueil', Array, true)
#4 C:\wamp64\www\new_bio\app\Controllers\Pages.php(19): view('accueil', Array)
#5 C:\wamp64\www\new_bio\system\CodeIgniter.php(825): App\Controllers\Pages->index()
#6 C:\wamp64\www\new_bio\system\CodeIgniter.php(412): CodeIgniter\CodeIgniter->runController(Object(App\Controllers\Pages))
#7 C:\wamp64\www\new_bio\system\CodeIgniter.php(320): CodeIgniter\CodeIgniter->handleRequest(NULL, Object(Config\Cache), false)
#8 C:\wamp64\www\new_bio\public\index.php(37): CodeIgniter\CodeIgniter->run()
#9 {main}
CRITICAL - 2022-02-04 03:15:37 --> syntax error, unexpected '*'
#0 C:\wamp64\www\new_bio\system\Autoloader\Autoloader.php(241): CodeIgniter\Autoloader\Autoloader->includeFile('C:\\wamp64\\www\\n...')
#1 C:\wamp64\www\new_bio\system\Autoloader\Autoloader.php(219): CodeIgniter\Autoloader\Autoloader->loadInNamespace('App\\Controllers...')
#2 [internal function]: CodeIgniter\Autoloader\Autoloader->loadClass('App\\Controllers...')
#3 [internal function]: spl_autoload_call('App\\Controllers...')
#4 C:\wamp64\www\new_bio\system\CodeIgniter.php(790): class_exists('\\App\\Controller...', true)
#5 C:\wamp64\www\new_bio\system\CodeIgniter.php(399): CodeIgniter\CodeIgniter->startController()
#6 C:\wamp64\www\new_bio\system\CodeIgniter.php(320): CodeIgniter\CodeIgniter->handleRequest(NULL, Object(Config\Cache), false)
#7 C:\wamp64\www\new_bio\public\index.php(37): CodeIgniter\CodeIgniter->run()
#8 {main}
CRITICAL - 2022-02-04 03:16:09 --> syntax error, unexpected ')'
#0 C:\wamp64\www\new_bio\system\View\View.php(213): CodeIgniter\View\View->CodeIgniter\View\{closure}()
#1 C:\wamp64\www\new_bio\system\Common.php(1089): CodeIgniter\View\View->render('accueil', Array, true)
#2 C:\wamp64\www\new_bio\app\Controllers\Pages.php(23): view('accueil')
#3 C:\wamp64\www\new_bio\system\CodeIgniter.php(825): App\Controllers\Pages->index()
#4 C:\wamp64\www\new_bio\system\CodeIgniter.php(412): CodeIgniter\CodeIgniter->runController(Object(App\Controllers\Pages))
#5 C:\wamp64\www\new_bio\system\CodeIgniter.php(320): CodeIgniter\CodeIgniter->handleRequest(NULL, Object(Config\Cache), false)
#6 C:\wamp64\www\new_bio\public\index.php(37): CodeIgniter\CodeIgniter->run()
#7 {main}
CRITICAL - 2022-02-04 03:18:16 --> Argument 2 passed to view() must be of the type array, string given, called in C:\wamp64\www\new_bio\app\Controllers\Pages.php on line 23
#0 C:\wamp64\www\new_bio\app\Controllers\Pages.php(23): view('accueil', '', '')
#1 C:\wamp64\www\new_bio\system\CodeIgniter.php(825): App\Controllers\Pages->index()
#2 C:\wamp64\www\new_bio\system\CodeIgniter.php(412): CodeIgniter\CodeIgniter->runController(Object(App\Controllers\Pages))
#3 C:\wamp64\www\new_bio\system\CodeIgniter.php(320): CodeIgniter\CodeIgniter->handleRequest(NULL, Object(Config\Cache), false)
#4 C:\wamp64\www\new_bio\public\index.php(37): CodeIgniter\CodeIgniter->run()
#5 {main}
CRITICAL - 2022-02-04 03:31:03 --> Use of undefined constant page - assumed 'page' (this will throw an Error in a future version of PHP)
#0 C:\wamp64\www\new_bio\app\Views\templates\header.php(6): CodeIgniter\Debug\Exceptions->errorHandler(2, 'Use of undefine...', 'C:\\wamp64\\www\\n...', 6, Array)
#1 C:\wamp64\www\new_bio\system\View\View.php(210): include('C:\\wamp64\\www\\n...')
#2 C:\wamp64\www\new_bio\system\View\View.php(213): CodeIgniter\View\View->CodeIgniter\View\{closure}()
#3 C:\wamp64\www\new_bio\system\Common.php(1089): CodeIgniter\View\View->render('templates/heade...', Array, true)
#4 C:\wamp64\www\new_bio\app\Controllers\Pages.php(18): view('templates/heade...', Array)
#5 C:\wamp64\www\new_bio\system\CodeIgniter.php(825): App\Controllers\Pages->index()
#6 C:\wamp64\www\new_bio\system\CodeIgniter.php(412): CodeIgniter\CodeIgniter->runController(Object(App\Controllers\Pages))
#7 C:\wamp64\www\new_bio\system\CodeIgniter.php(320): CodeIgniter\CodeIgniter->handleRequest(NULL, Object(Config\Cache), false)
#8 C:\wamp64\www\new_bio\public\index.php(37): CodeIgniter\CodeIgniter->run()
#9 {main}
CRITICAL - 2022-02-04 03:31:16 --> Use of undefined constant page - assumed 'page' (this will throw an Error in a future version of PHP)
#0 C:\wamp64\www\new_bio\app\Views\templates\header.php(6): CodeIgniter\Debug\Exceptions->errorHandler(2, 'Use of undefine...', 'C:\\wamp64\\www\\n...', 6, Array)
#1 C:\wamp64\www\new_bio\system\View\View.php(210): include('C:\\wamp64\\www\\n...')
#2 C:\wamp64\www\new_bio\system\View\View.php(213): CodeIgniter\View\View->CodeIgniter\View\{closure}()
#3 C:\wamp64\www\new_bio\system\Common.php(1089): CodeIgniter\View\View->render('templates/heade...', Array, true)
#4 C:\wamp64\www\new_bio\app\Controllers\Pages.php(18): view('templates/heade...', Array)
#5 C:\wamp64\www\new_bio\system\CodeIgniter.php(825): App\Controllers\Pages->index()
#6 C:\wamp64\www\new_bio\system\CodeIgniter.php(412): CodeIgniter\CodeIgniter->runController(Object(App\Controllers\Pages))
#7 C:\wamp64\www\new_bio\system\CodeIgniter.php(320): CodeIgniter\CodeIgniter->handleRequest(NULL, Object(Config\Cache), false)
#8 C:\wamp64\www\new_bio\public\index.php(37): CodeIgniter\CodeIgniter->run()
#9 {main}
CRITICAL - 2022-02-04 03:32:11 --> Use of undefined constant page - assumed 'page' (this will throw an Error in a future version of PHP)
#0 C:\wamp64\www\new_bio\app\Views\templates\header.php(6): CodeIgniter\Debug\Exceptions->errorHandler(2, 'Use of undefine...', 'C:\\wamp64\\www\\n...', 6, Array)
#1 C:\wamp64\www\new_bio\system\View\View.php(210): include('C:\\wamp64\\www\\n...')
#2 C:\wamp64\www\new_bio\system\View\View.php(213): CodeIgniter\View\View->CodeIgniter\View\{closure}()
#3 C:\wamp64\www\new_bio\system\Common.php(1089): CodeIgniter\View\View->render('templates/heade...', Array, true)
#4 C:\wamp64\www\new_bio\app\Controllers\Pages.php(18): view('templates/heade...', Array)
#5 C:\wamp64\www\new_bio\system\CodeIgniter.php(825): App\Controllers\Pages->index()
#6 C:\wamp64\www\new_bio\system\CodeIgniter.php(412): CodeIgniter\CodeIgniter->runController(Object(App\Controllers\Pages))
#7 C:\wamp64\www\new_bio\system\CodeIgniter.php(320): CodeIgniter\CodeIgniter->handleRequest(NULL, Object(Config\Cache), false)
#8 C:\wamp64\www\new_bio\public\index.php(37): CodeIgniter\CodeIgniter->run()
#9 {main}
CRITICAL - 2022-02-04 03:32:35 --> Use of undefined constant page - assumed 'page' (this will throw an Error in a future version of PHP)
#0 C:\wamp64\www\new_bio\app\Views\templates\header.php(6): CodeIgniter\Debug\Exceptions->errorHandler(2, 'Use of undefine...', 'C:\\wamp64\\www\\n...', 6, Array)
#1 C:\wamp64\www\new_bio\system\View\View.php(210): include('C:\\wamp64\\www\\n...')
#2 C:\wamp64\www\new_bio\system\View\View.php(213): CodeIgniter\View\View->CodeIgniter\View\{closure}()
#3 C:\wamp64\www\new_bio\system\Common.php(1089): CodeIgniter\View\View->render('templates/heade...', Array, true)
#4 C:\wamp64\www\new_bio\app\Controllers\Pages.php(18): view('templates/heade...', Array)
#5 C:\wamp64\www\new_bio\system\CodeIgniter.php(825): App\Controllers\Pages->index()
#6 C:\wamp64\www\new_bio\system\CodeIgniter.php(412): CodeIgniter\CodeIgniter->runController(Object(App\Controllers\Pages))
#7 C:\wamp64\www\new_bio\system\CodeIgniter.php(320): CodeIgniter\CodeIgniter->handleRequest(NULL, Object(Config\Cache), false)
#8 C:\wamp64\www\new_bio\public\index.php(37): CodeIgniter\CodeIgniter->run()
#9 {main}
CRITICAL - 2022-02-04 03:33:27 --> Use of undefined constant page - assumed 'page' (this will throw an Error in a future version of PHP)
#0 C:\wamp64\www\new_bio\app\Views\templates\header.php(6): CodeIgniter\Debug\Exceptions->errorHandler(2, 'Use of undefine...', 'C:\\wamp64\\www\\n...', 6, Array)
#1 C:\wamp64\www\new_bio\system\View\View.php(210): include('C:\\wamp64\\www\\n...')
#2 C:\wamp64\www\new_bio\system\View\View.php(213): CodeIgniter\View\View->CodeIgniter\View\{closure}()
#3 C:\wamp64\www\new_bio\system\Common.php(1089): CodeIgniter\View\View->render('templates/heade...', Array, true)
#4 C:\wamp64\www\new_bio\app\Controllers\Pages.php(18): view('templates/heade...', Array)
#5 C:\wamp64\www\new_bio\system\CodeIgniter.php(825): App\Controllers\Pages->index()
#6 C:\wamp64\www\new_bio\system\CodeIgniter.php(412): CodeIgniter\CodeIgniter->runController(Object(App\Controllers\Pages))
#7 C:\wamp64\www\new_bio\system\CodeIgniter.php(320): CodeIgniter\CodeIgniter->handleRequest(NULL, Object(Config\Cache), false)
#8 C:\wamp64\www\new_bio\public\index.php(37): CodeIgniter\CodeIgniter->run()
#9 {main}
CRITICAL - 2022-02-04 03:35:13 --> Use of undefined constant page - assumed 'page' (this will throw an Error in a future version of PHP)
#0 C:\wamp64\www\new_bio\app\Views\templates\header.php(6): CodeIgniter\Debug\Exceptions->errorHandler(2, 'Use of undefine...', 'C:\\wamp64\\www\\n...', 6, Array)
#1 C:\wamp64\www\new_bio\system\View\View.php(210): include('C:\\wamp64\\www\\n...')
#2 C:\wamp64\www\new_bio\system\View\View.php(213): CodeIgniter\View\View->CodeIgniter\View\{closure}()
#3 C:\wamp64\www\new_bio\system\Common.php(1089): CodeIgniter\View\View->render('templates/heade...', Array, true)
#4 C:\wamp64\www\new_bio\app\Controllers\Pages.php(18): view('templates/heade...', Array)
#5 C:\wamp64\www\new_bio\system\CodeIgniter.php(825): App\Controllers\Pages->index()
#6 C:\wamp64\www\new_bio\system\CodeIgniter.php(412): CodeIgniter\CodeIgniter->runController(Object(App\Controllers\Pages))
#7 C:\wamp64\www\new_bio\system\CodeIgniter.php(320): CodeIgniter\CodeIgniter->handleRequest(NULL, Object(Config\Cache), false)
#8 C:\wamp64\www\new_bio\public\index.php(37): CodeIgniter\CodeIgniter->run()
#9 {main}
CRITICAL - 2022-02-04 03:35:34 --> Use of undefined constant page - assumed 'page' (this will throw an Error in a future version of PHP)
#0 C:\wamp64\www\new_bio\app\Views\templates\header.php(6): CodeIgniter\Debug\Exceptions->errorHandler(2, 'Use of undefine...', 'C:\\wamp64\\www\\n...', 6, Array)
#1 C:\wamp64\www\new_bio\system\View\View.php(210): include('C:\\wamp64\\www\\n...')
#2 C:\wamp64\www\new_bio\system\View\View.php(213): CodeIgniter\View\View->CodeIgniter\View\{closure}()
#3 C:\wamp64\www\new_bio\system\Common.php(1089): CodeIgniter\View\View->render('templates/heade...', Array, true)
#4 C:\wamp64\www\new_bio\app\Controllers\Pages.php(18): view('templates/heade...', Array)
#5 C:\wamp64\www\new_bio\system\CodeIgniter.php(825): App\Controllers\Pages->index()
#6 C:\wamp64\www\new_bio\system\CodeIgniter.php(412): CodeIgniter\CodeIgniter->runController(Object(App\Controllers\Pages))
#7 C:\wamp64\www\new_bio\system\CodeIgniter.php(320): CodeIgniter\CodeIgniter->handleRequest(NULL, Object(Config\Cache), false)
#8 C:\wamp64\www\new_bio\public\index.php(37): CodeIgniter\CodeIgniter->run()
#9 {main}
CRITICAL - 2022-02-04 03:52:52 --> Use of undefined constant page - assumed 'page' (this will throw an Error in a future version of PHP)
#0 C:\wamp64\www\new_bio\app\Views\templates\header.php(6): CodeIgniter\Debug\Exceptions->errorHandler(2, 'Use of undefine...', 'C:\\wamp64\\www\\n...', 6, Array)
#1 C:\wamp64\www\new_bio\system\View\View.php(210): include('C:\\wamp64\\www\\n...')
#2 C:\wamp64\www\new_bio\system\View\View.php(213): CodeIgniter\View\View->CodeIgniter\View\{closure}()
#3 C:\wamp64\www\new_bio\system\Common.php(1089): CodeIgniter\View\View->render('templates/heade...', Array, true)
#4 C:\wamp64\www\new_bio\app\Controllers\Pages.php(18): view('templates/heade...', Array)
#5 C:\wamp64\www\new_bio\system\CodeIgniter.php(825): App\Controllers\Pages->index()
#6 C:\wamp64\www\new_bio\system\CodeIgniter.php(412): CodeIgniter\CodeIgniter->runController(Object(App\Controllers\Pages))
#7 C:\wamp64\www\new_bio\system\CodeIgniter.php(320): CodeIgniter\CodeIgniter->handleRequest(NULL, Object(Config\Cache), false)
#8 C:\wamp64\www\new_bio\public\index.php(37): CodeIgniter\CodeIgniter->run()
#9 {main}
CRITICAL - 2022-02-04 03:53:52 --> Use of undefined constant page - assumed 'page' (this will throw an Error in a future version of PHP)
#0 C:\wamp64\www\new_bio\app\Views\templates\header.php(6): CodeIgniter\Debug\Exceptions->errorHandler(2, 'Use of undefine...', 'C:\\wamp64\\www\\n...', 6, Array)
#1 C:\wamp64\www\new_bio\system\View\View.php(210): include('C:\\wamp64\\www\\n...')
#2 C:\wamp64\www\new_bio\system\View\View.php(213): CodeIgniter\View\View->CodeIgniter\View\{closure}()
#3 C:\wamp64\www\new_bio\system\Common.php(1089): CodeIgniter\View\View->render('templates/heade...', Array, true)
#4 C:\wamp64\www\new_bio\app\Controllers\Pages.php(18): view('templates/heade...', Array)
#5 C:\wamp64\www\new_bio\system\CodeIgniter.php(825): App\Controllers\Pages->index()
#6 C:\wamp64\www\new_bio\system\CodeIgniter.php(412): CodeIgniter\CodeIgniter->runController(Object(App\Controllers\Pages))
#7 C:\wamp64\www\new_bio\system\CodeIgniter.php(320): CodeIgniter\CodeIgniter->handleRequest(NULL, Object(Config\Cache), false)
#8 C:\wamp64\www\new_bio\public\index.php(37): CodeIgniter\CodeIgniter->run()
#9 {main}
CRITICAL - 2022-02-04 04:01:21 --> Use of undefined constant titre - assumed 'titre' (this will throw an Error in a future version of PHP)
#0 C:\wamp64\www\new_bio\app\Views\templates\header.php(6): CodeIgniter\Debug\Exceptions->errorHandler(2, 'Use of undefine...', 'C:\\wamp64\\www\\n...', 6, Array)
#1 C:\wamp64\www\new_bio\system\View\View.php(210): include('C:\\wamp64\\www\\n...')
#2 C:\wamp64\www\new_bio\system\View\View.php(213): CodeIgniter\View\View->CodeIgniter\View\{closure}()
#3 C:\wamp64\www\new_bio\system\Common.php(1089): CodeIgniter\View\View->render('templates/heade...', Array, true)
#4 C:\wamp64\www\new_bio\app\Controllers\Pages.php(18): view('templates/heade...', Array)
#5 C:\wamp64\www\new_bio\system\CodeIgniter.php(825): App\Controllers\Pages->index()
#6 C:\wamp64\www\new_bio\system\CodeIgniter.php(412): CodeIgniter\CodeIgniter->runController(Object(App\Controllers\Pages))
#7 C:\wamp64\www\new_bio\system\CodeIgniter.php(320): CodeIgniter\CodeIgniter->handleRequest(NULL, Object(Config\Cache), false)
#8 C:\wamp64\www\new_bio\public\index.php(37): CodeIgniter\CodeIgniter->run()
#9 {main}
CRITICAL - 2022-02-04 04:03:41 --> Undefined variable: titrePage
#0 C:\wamp64\www\new_bio\app\Views\templates\header.php(6): CodeIgniter\Debug\Exceptions->errorHandler(8, 'Undefined varia...', 'C:\\wamp64\\www\\n...', 6, Array)
#1 C:\wamp64\www\new_bio\system\View\View.php(210): include('C:\\wamp64\\www\\n...')
#2 C:\wamp64\www\new_bio\system\View\View.php(213): CodeIgniter\View\View->CodeIgniter\View\{closure}()
#3 C:\wamp64\www\new_bio\system\Common.php(1089): CodeIgniter\View\View->render('templates/heade...', Array, true)
#4 C:\wamp64\www\new_bio\app\Controllers\Pages.php(18): view('templates/heade...', Array)
#5 C:\wamp64\www\new_bio\system\CodeIgniter.php(825): App\Controllers\Pages->index()
#6 C:\wamp64\www\new_bio\system\CodeIgniter.php(412): CodeIgniter\CodeIgniter->runController(Object(App\Controllers\Pages))
#7 C:\wamp64\www\new_bio\system\CodeIgniter.php(320): CodeIgniter\CodeIgniter->handleRequest(NULL, Object(Config\Cache), false)
#8 C:\wamp64\www\new_bio\public\index.php(37): CodeIgniter\CodeIgniter->run()
#9 {main}
CRITICAL - 2022-02-04 04:04:03 --> Undefined variable: titrePage
#0 C:\wamp64\www\new_bio\app\Views\templates\header.php(6): CodeIgniter\Debug\Exceptions->errorHandler(8, 'Undefined varia...', 'C:\\wamp64\\www\\n...', 6, Array)
#1 C:\wamp64\www\new_bio\system\View\View.php(210): include('C:\\wamp64\\www\\n...')
#2 C:\wamp64\www\new_bio\system\View\View.php(213): CodeIgniter\View\View->CodeIgniter\View\{closure}()
#3 C:\wamp64\www\new_bio\system\Common.php(1089): CodeIgniter\View\View->render('templates/heade...', Array, true)
#4 C:\wamp64\www\new_bio\app\Controllers\Pages.php(18): view('templates/heade...', Array)
#5 C:\wamp64\www\new_bio\system\CodeIgniter.php(825): App\Controllers\Pages->index()
#6 C:\wamp64\www\new_bio\system\CodeIgniter.php(412): CodeIgniter\CodeIgniter->runController(Object(App\Controllers\Pages))
#7 C:\wamp64\www\new_bio\system\CodeIgniter.php(320): CodeIgniter\CodeIgniter->handleRequest(NULL, Object(Config\Cache), false)
#8 C:\wamp64\www\new_bio\public\index.php(37): CodeIgniter\CodeIgniter->run()
#9 {main}
CRITICAL - 2022-02-04 04:04:39 --> Undefined variable: titrePage
#0 C:\wamp64\www\new_bio\app\Views\templates\header.php(6): CodeIgniter\Debug\Exceptions->errorHandler(8, 'Undefined varia...', 'C:\\wamp64\\www\\n...', 6, Array)
#1 C:\wamp64\www\new_bio\system\View\View.php(210): include('C:\\wamp64\\www\\n...')
#2 C:\wamp64\www\new_bio\system\View\View.php(213): CodeIgniter\View\View->CodeIgniter\View\{closure}()
#3 C:\wamp64\www\new_bio\system\Common.php(1089): CodeIgniter\View\View->render('templates/heade...', Array, true)
#4 C:\wamp64\www\new_bio\app\Controllers\Pages.php(18): view('templates/heade...', Array)
#5 C:\wamp64\www\new_bio\system\CodeIgniter.php(825): App\Controllers\Pages->index()
#6 C:\wamp64\www\new_bio\system\CodeIgniter.php(412): CodeIgniter\CodeIgniter->runController(Object(App\Controllers\Pages))
#7 C:\wamp64\www\new_bio\system\CodeIgniter.php(320): CodeIgniter\CodeIgniter->handleRequest(NULL, Object(Config\Cache), false)
#8 C:\wamp64\www\new_bio\public\index.php(37): CodeIgniter\CodeIgniter->run()
#9 {main}
CRITICAL - 2022-02-04 04:06:36 --> Undefined variable: titrePage
#0 C:\wamp64\www\new_bio\app\Views\templates\header.php(6): CodeIgniter\Debug\Exceptions->errorHandler(8, 'Undefined varia...', 'C:\\wamp64\\www\\n...', 6, Array)
#1 C:\wamp64\www\new_bio\system\View\View.php(210): include('C:\\wamp64\\www\\n...')
#2 C:\wamp64\www\new_bio\system\View\View.php(213): CodeIgniter\View\View->CodeIgniter\View\{closure}()
#3 C:\wamp64\www\new_bio\system\Common.php(1089): CodeIgniter\View\View->render('templates/heade...', Array, true)
#4 C:\wamp64\www\new_bio\app\Controllers\Pages.php(18): view('templates/heade...', Array)
#5 C:\wamp64\www\new_bio\system\CodeIgniter.php(825): App\Controllers\Pages->index()
#6 C:\wamp64\www\new_bio\system\CodeIgniter.php(412): CodeIgniter\CodeIgniter->runController(Object(App\Controllers\Pages))
#7 C:\wamp64\www\new_bio\system\CodeIgniter.php(320): CodeIgniter\CodeIgniter->handleRequest(NULL, Object(Config\Cache), false)
#8 C:\wamp64\www\new_bio\public\index.php(37): CodeIgniter\CodeIgniter->run()
#9 {main}
CRITICAL - 2022-02-04 06:38:10 --> Undefined property: App\Controllers\Pages::$load
#0 C:\wamp64\www\new_bio\app\Controllers\Pages.php(30): CodeIgniter\Debug\Exceptions->errorHandler(8, 'Undefined prope...', 'C:\\wamp64\\www\\n...', 30, Array)
#1 C:\wamp64\www\new_bio\system\CodeIgniter.php(825): App\Controllers\Pages->contact()
#2 C:\wamp64\www\new_bio\system\CodeIgniter.php(412): CodeIgniter\CodeIgniter->runController(Object(App\Controllers\Pages))
#3 C:\wamp64\www\new_bio\system\CodeIgniter.php(320): CodeIgniter\CodeIgniter->handleRequest(NULL, Object(Config\Cache), false)
#4 C:\wamp64\www\new_bio\public\index.php(37): CodeIgniter\CodeIgniter->run()
#5 {main}
CRITICAL - 2022-02-04 07:01:48 --> Invalid file: product_add.php
#0 C:\wamp64\www\new_bio\system\View\View.php(198): CodeIgniter\Exceptions\FrameworkException::forInvalidFile('product_add.php')
#1 C:\wamp64\www\new_bio\system\Common.php(1089): CodeIgniter\View\View->render('product_add', Array, true)
#2 C:\wamp64\www\new_bio\app\Controllers\Product.php(24): view('product_add', Array)
#3 C:\wamp64\www\new_bio\system\CodeIgniter.php(825): App\Controllers\Product->add()
#4 C:\wamp64\www\new_bio\system\CodeIgniter.php(412): CodeIgniter\CodeIgniter->runController(Object(App\Controllers\Product))
#5 C:\wamp64\www\new_bio\system\CodeIgniter.php(320): CodeIgniter\CodeIgniter->handleRequest(NULL, Object(Config\Cache), false)
#6 C:\wamp64\www\new_bio\public\index.php(37): CodeIgniter\CodeIgniter->run()
#7 {main}
CRITICAL - 2022-02-04 07:06:43 --> Class 'App\Models\Product_model' not found
#0 C:\wamp64\www\new_bio\system\CodeIgniter.php(825): App\Controllers\Product->index()
#1 C:\wamp64\www\new_bio\system\CodeIgniter.php(412): CodeIgniter\CodeIgniter->runController(Object(App\Controllers\Product))
#2 C:\wamp64\www\new_bio\system\CodeIgniter.php(320): CodeIgniter\CodeIgniter->handleRequest(NULL, Object(Config\Cache), false)
#3 C:\wamp64\www\new_bio\public\index.php(37): CodeIgniter\CodeIgniter->run()
#4 {main}
CRITICAL - 2022-02-04 07:09:55 --> Undefined variable: form_open
#0 C:\wamp64\www\new_bio\app\Views\product\product_add.php(12): CodeIgniter\Debug\Exceptions->errorHandler(8, 'Undefined varia...', 'C:\\wamp64\\www\\n...', 12, Array)
#1 C:\wamp64\www\new_bio\system\View\View.php(210): include('C:\\wamp64\\www\\n...')
#2 C:\wamp64\www\new_bio\system\View\View.php(213): CodeIgniter\View\View->CodeIgniter\View\{closure}()
#3 C:\wamp64\www\new_bio\system\Common.php(1089): CodeIgniter\View\View->render('product/product...', Array, true)
#4 C:\wamp64\www\new_bio\app\Controllers\Product.php(24): view('product/product...', Array)
#5 C:\wamp64\www\new_bio\system\CodeIgniter.php(825): App\Controllers\Product->add()
#6 C:\wamp64\www\new_bio\system\CodeIgniter.php(412): CodeIgniter\CodeIgniter->runController(Object(App\Controllers\Product))
#7 C:\wamp64\www\new_bio\system\CodeIgniter.php(320): CodeIgniter\CodeIgniter->handleRequest(NULL, Object(Config\Cache), false)
#8 C:\wamp64\www\new_bio\public\index.php(37): CodeIgniter\CodeIgniter->run()
#9 {main}
ERROR - 2022-02-04 07:16:45 --> Cannot add or update a child row: a foreign key constraint fails (`bio-test`.`product`, CONSTRAINT `product_ibfk_1` FOREIGN KEY (`category_id`) REFERENCES `category` (`category_id`))
CRITICAL - 2022-02-04 07:16:45 --> Cannot add or update a child row: a foreign key constraint fails (`bio-test`.`product`, CONSTRAINT `product_ibfk_1` FOREIGN KEY (`category_id`) REFERENCES `category` (`category_id`))
#0 C:\wamp64\www\new_bio\system\Database\MySQLi\Connection.php(292): mysqli->query('INSERT INTO `pr...', 0)
#1 C:\wamp64\www\new_bio\system\Database\BaseConnection.php(670): CodeIgniter\Database\MySQLi\Connection->execute('INSERT INTO `pr...')
#2 C:\wamp64\www\new_bio\system\Database\BaseConnection.php(598): CodeIgniter\Database\BaseConnection->simpleQuery('INSERT INTO `pr...')
#3 C:\wamp64\www\new_bio\system\Database\BaseBuilder.php(1771): CodeIgniter\Database\BaseConnection->query('INSERT INTO `pr...', Array, false)
#4 C:\wamp64\www\new_bio\system\Model.php(239): CodeIgniter\Database\BaseBuilder->insert()
#5 C:\wamp64\www\new_bio\system\BaseModel.php(738): CodeIgniter\Model->doInsert(Array)
#6 C:\wamp64\www\new_bio\system\Model.php(625): CodeIgniter\BaseModel->insert(Array, false)
#7 C:\wamp64\www\new_bio\system\BaseModel.php(658): CodeIgniter\Model->insert(Object(App\Entities\Product_entity), false)
#8 C:\wamp64\www\new_bio\app\Controllers\Product.php(29): CodeIgniter\BaseModel->save(Object(App\Entities\Product_entity))
#9 C:\wamp64\www\new_bio\system\CodeIgniter.php(825): App\Controllers\Product->add()
#10 C:\wamp64\www\new_bio\system\CodeIgniter.php(412): CodeIgniter\CodeIgniter->runController(Object(App\Controllers\Product))
#11 C:\wamp64\www\new_bio\system\CodeIgniter.php(320): CodeIgniter\CodeIgniter->handleRequest(NULL, Object(Config\Cache), false)
#12 C:\wamp64\www\new_bio\public\index.php(37): CodeIgniter\CodeIgniter->run()
#13 {main}
CRITICAL - 2022-02-04 08:47:14 --> Call to undefined function br()
#0 C:\wamp64\www\new_bio\system\View\View.php(210): include()
#1 C:\wamp64\www\new_bio\system\View\View.php(213): CodeIgniter\View\View->CodeIgniter\View\{closure}()
#2 C:\wamp64\www\new_bio\system\Common.php(1089): CodeIgniter\View\View->render('templates/heade...', Array, true)
#3 C:\wamp64\www\new_bio\app\Controllers\Pages.php(30): view('templates/heade...', Array)
#4 C:\wamp64\www\new_bio\system\CodeIgniter.php(825): App\Controllers\Pages->contact()
#5 C:\wamp64\www\new_bio\system\CodeIgniter.php(412): CodeIgniter\CodeIgniter->runController(Object(App\Controllers\Pages))
#6 C:\wamp64\www\new_bio\system\CodeIgniter.php(320): CodeIgniter\CodeIgniter->handleRequest(NULL, Object(Config\Cache), false)
#7 C:\wamp64\www\new_bio\public\index.php(37): CodeIgniter\CodeIgniter->run()
#8 {main}
CRITICAL - 2022-02-04 08:48:48 --> Call to undefined function br()
#0 C:\wamp64\www\new_bio\system\View\View.php(210): include()
#1 C:\wamp64\www\new_bio\system\View\View.php(213): CodeIgniter\View\View->CodeIgniter\View\{closure}()
#2 C:\wamp64\www\new_bio\system\Common.php(1089): CodeIgniter\View\View->render('templates/heade...', Array, true)
#3 C:\wamp64\www\new_bio\app\Controllers\Pages.php(30): view('templates/heade...', Array)
#4 C:\wamp64\www\new_bio\system\CodeIgniter.php(825): App\Controllers\Pages->contact()
#5 C:\wamp64\www\new_bio\system\CodeIgniter.php(412): CodeIgniter\CodeIgniter->runController(Object(App\Controllers\Pages))
#6 C:\wamp64\www\new_bio\system\CodeIgniter.php(320): CodeIgniter\CodeIgniter->handleRequest(NULL, Object(Config\Cache), false)
#7 C:\wamp64\www\new_bio\public\index.php(37): CodeIgniter\CodeIgniter->run()
#8 {main}
CRITICAL - 2022-02-04 09:55:13 --> Call to undefined function doctype()
#0 C:\wamp64\www\new_bio\system\View\View.php(210): include()
#1 C:\wamp64\www\new_bio\system\View\View.php(213): CodeIgniter\View\View->CodeIgniter\View\{closure}()
#2 C:\wamp64\www\new_bio\system\Common.php(1089): CodeIgniter\View\View->render('templates/heade...', Array, true)
#3 C:\wamp64\www\new_bio\app\Controllers\Pages.php(30): view('templates/heade...', Array)
#4 C:\wamp64\www\new_bio\system\CodeIgniter.php(825): App\Controllers\Pages->contact()
#5 C:\wamp64\www\new_bio\system\CodeIgniter.php(412): CodeIgniter\CodeIgniter->runController(Object(App\Controllers\Pages))
#6 C:\wamp64\www\new_bio\system\CodeIgniter.php(320): CodeIgniter\CodeIgniter->handleRequest(NULL, Object(Config\Cache), false)
#7 C:\wamp64\www\new_bio\public\index.php(37): CodeIgniter\CodeIgniter->run()
#8 {main}
CRITICAL - 2022-02-04 10:10:19 --> Call to undefined function doctype()
#0 C:\wamp64\www\new_bio\system\View\View.php(210): include()
#1 C:\wamp64\www\new_bio\system\View\View.php(213): CodeIgniter\View\View->CodeIgniter\View\{closure}()
#2 C:\wamp64\www\new_bio\system\Common.php(1089): CodeIgniter\View\View->render('templates/heade...', Array, true)
#3 C:\wamp64\www\new_bio\app\Controllers\Pages.php(21): view('templates/heade...', Array)
#4 C:\wamp64\www\new_bio\system\CodeIgniter.php(825): App\Controllers\Pages->accueil()
#5 C:\wamp64\www\new_bio\system\CodeIgniter.php(412): CodeIgniter\CodeIgniter->runController(Object(App\Controllers\Pages))
#6 C:\wamp64\www\new_bio\system\CodeIgniter.php(320): CodeIgniter\CodeIgniter->handleRequest(NULL, Object(Config\Cache), false)
#7 C:\wamp64\www\new_bio\public\index.php(37): CodeIgniter\CodeIgniter->run()
#8 {main}
CRITICAL - 2022-02-04 10:17:19 --> Call to undefined function doctype()
#0 C:\wamp64\www\new_bio\system\View\View.php(210): include()
#1 C:\wamp64\www\new_bio\system\View\View.php(213): CodeIgniter\View\View->CodeIgniter\View\{closure}()
#2 C:\wamp64\www\new_bio\system\Common.php(1089): CodeIgniter\View\View->render('templates/heade...', Array, true)
#3 C:\wamp64\www\new_bio\app\Controllers\Pages.php(46): view('templates/heade...', Array)
#4 C:\wamp64\www\new_bio\system\CodeIgniter.php(825): App\Controllers\Pages->view()
#5 C:\wamp64\www\new_bio\system\CodeIgniter.php(412): CodeIgniter\CodeIgniter->runController(Object(App\Controllers\Pages))
#6 C:\wamp64\www\new_bio\system\CodeIgniter.php(320): CodeIgniter\CodeIgniter->handleRequest(NULL, Object(Config\Cache), false)
#7 C:\wamp64\www\new_bio\public\index.php(37): CodeIgniter\CodeIgniter->run()
#8 {main}
CRITICAL - 2022-02-04 10:18:03 --> Call to undefined function doctype()
#0 C:\wamp64\www\new_bio\system\View\View.php(210): include()
#1 C:\wamp64\www\new_bio\system\View\View.php(213): CodeIgniter\View\View->CodeIgniter\View\{closure}()
#2 C:\wamp64\www\new_bio\system\Common.php(1089): CodeIgniter\View\View->render('templates/heade...', Array, true)
#3 C:\wamp64\www\new_bio\app\Controllers\Pages.php(46): view('templates/heade...', Array)
#4 C:\wamp64\www\new_bio\system\CodeIgniter.php(825): App\Controllers\Pages->view('contact')
#5 C:\wamp64\www\new_bio\system\CodeIgniter.php(412): CodeIgniter\CodeIgniter->runController(Object(App\Controllers\Pages))
#6 C:\wamp64\www\new_bio\system\CodeIgniter.php(320): CodeIgniter\CodeIgniter->handleRequest(NULL, Object(Config\Cache), false)
#7 C:\wamp64\www\new_bio\public\index.php(37): CodeIgniter\CodeIgniter->run()
#8 {main}
CRITICAL - 2022-02-04 10:18:36 --> Call to undefined function doctype()
#0 C:\wamp64\www\new_bio\system\View\View.php(210): include()
#1 C:\wamp64\www\new_bio\system\View\View.php(213): CodeIgniter\View\View->CodeIgniter\View\{closure}()
#2 C:\wamp64\www\new_bio\system\Common.php(1089): CodeIgniter\View\View->render('templates/heade...', Array, true)
#3 C:\wamp64\www\new_bio\app\Controllers\Pages.php(46): view('templates/heade...', Array)
#4 C:\wamp64\www\new_bio\system\CodeIgniter.php(825): App\Controllers\Pages->view('contact')
#5 C:\wamp64\www\new_bio\system\CodeIgniter.php(412): CodeIgniter\CodeIgniter->runController(Object(App\Controllers\Pages))
#6 C:\wamp64\www\new_bio\system\CodeIgniter.php(320): CodeIgniter\CodeIgniter->handleRequest(NULL, Object(Config\Cache), false)
#7 C:\wamp64\www\new_bio\public\index.php(37): CodeIgniter\CodeIgniter->run()
#8 {main}
