ERROR - 2022-02-22 09:28:02 --> Cannot add or update a child row: a foreign key constraint fails (`local-bio`.`user`, CONSTRAINT `user_ibfk_1` FOREIGN KEY (`city_id`) REFERENCES `city` (`city_id`))
CRITICAL - 2022-02-22 09:28:02 --> Cannot add or update a child row: a foreign key constraint fails (`local-bio`.`user`, CONSTRAINT `user_ibfk_1` FOREIGN KEY (`city_id`) REFERENCES `city` (`city_id`))
#0 C:\wamp64\www\Local-Bio\system\Database\MySQLi\Connection.php(292): mysqli->query('INSERT INTO `us...', 0)
#1 C:\wamp64\www\Local-Bio\system\Database\BaseConnection.php(670): CodeIgniter\Database\MySQLi\Connection->execute('INSERT INTO `us...')
#2 C:\wamp64\www\Local-Bio\system\Database\BaseConnection.php(598): CodeIgniter\Database\BaseConnection->simpleQuery('INSERT INTO `us...')
#3 C:\wamp64\www\Local-Bio\system\Database\BaseBuilder.php(1771): CodeIgniter\Database\BaseConnection->query('INSERT INTO `us...', Array, false)
#4 C:\wamp64\www\Local-Bio\system\Model.php(239): CodeIgniter\Database\BaseBuilder->insert()
#5 C:\wamp64\www\Local-Bio\system\BaseModel.php(738): CodeIgniter\Model->doInsert(Array)
#6 C:\wamp64\www\Local-Bio\system\Model.php(625): CodeIgniter\BaseModel->insert(Array, false)
#7 C:\wamp64\www\Local-Bio\system\BaseModel.php(658): CodeIgniter\Model->insert(Object(App\Entities\Users_entity), false)
#8 C:\wamp64\www\Local-Bio\app\Controllers\Users.php(231): CodeIgniter\BaseModel->save(Object(App\Entities\Users_entity))
#9 C:\wamp64\www\Local-Bio\system\CodeIgniter.php(825): App\Controllers\Users->create()
#10 C:\wamp64\www\Local-Bio\system\CodeIgniter.php(412): CodeIgniter\CodeIgniter->runController(Object(App\Controllers\Users))
#11 C:\wamp64\www\Local-Bio\system\CodeIgniter.php(320): CodeIgniter\CodeIgniter->handleRequest(NULL, Object(Config\Cache), false)
#12 C:\wamp64\www\Local-Bio\public\index.php(37): CodeIgniter\CodeIgniter->run()
#13 {main}
CRITICAL - 2022-02-22 09:31:50 --> code postal is not a valid rule.
#0 C:\wamp64\www\Local-Bio\system\Validation\Validation.php(300): CodeIgniter\Validation\Exceptions\ValidationException::forRuleNotFound('code postal')
#1 C:\wamp64\www\Local-Bio\system\Validation\Validation.php(157): CodeIgniter\Validation\Validation->processRules('user_cp', 'code postal', '7', Array, Array)
#2 C:\wamp64\www\Local-Bio\app\Controllers\Users.php(228): CodeIgniter\Validation\Validation->run(Array)
#3 C:\wamp64\www\Local-Bio\system\CodeIgniter.php(825): App\Controllers\Users->create()
#4 C:\wamp64\www\Local-Bio\system\CodeIgniter.php(412): CodeIgniter\CodeIgniter->runController(Object(App\Controllers\Users))
#5 C:\wamp64\www\Local-Bio\system\CodeIgniter.php(320): CodeIgniter\CodeIgniter->handleRequest(NULL, Object(Config\Cache), false)
#6 C:\wamp64\www\Local-Bio\public\index.php(37): CodeIgniter\CodeIgniter->run()
#7 {main}
CRITICAL - 2022-02-22 09:32:24 --> syntax error, unexpected ''errors'' (T_CONSTANT_ENCAPSED_STRING), expecting ']'
#0 C:\wamp64\www\Local-Bio\system\Router\Router.php(175): CodeIgniter\Router\Router->autoRoute('users/create')
#1 C:\wamp64\www\Local-Bio\system\CodeIgniter.php(719): CodeIgniter\Router\Router->handle('users/create')
#2 C:\wamp64\www\Local-Bio\system\CodeIgniter.php(361): CodeIgniter\CodeIgniter->tryToRouteIt(Object(CodeIgniter\Router\RouteCollection))
#3 C:\wamp64\www\Local-Bio\system\CodeIgniter.php(320): CodeIgniter\CodeIgniter->handleRequest(NULL, Object(Config\Cache), false)
#4 C:\wamp64\www\Local-Bio\public\index.php(37): CodeIgniter\CodeIgniter->run()
#5 {main}
CRITICAL - 2022-02-22 09:32:35 --> syntax error, unexpected ''errors'' (T_CONSTANT_ENCAPSED_STRING), expecting ']'
#0 C:\wamp64\www\Local-Bio\system\Router\Router.php(175): CodeIgniter\Router\Router->autoRoute('users/create')
#1 C:\wamp64\www\Local-Bio\system\CodeIgniter.php(719): CodeIgniter\Router\Router->handle('users/create')
#2 C:\wamp64\www\Local-Bio\system\CodeIgniter.php(361): CodeIgniter\CodeIgniter->tryToRouteIt(Object(CodeIgniter\Router\RouteCollection))
#3 C:\wamp64\www\Local-Bio\system\CodeIgniter.php(320): CodeIgniter\CodeIgniter->handleRequest(NULL, Object(Config\Cache), false)
#4 C:\wamp64\www\Local-Bio\public\index.php(37): CodeIgniter\CodeIgniter->run()
#5 {main}
ERROR - 2022-02-22 09:33:57 --> Cannot add or update a child row: a foreign key constraint fails (`local-bio`.`user`, CONSTRAINT `user_ibfk_1` FOREIGN KEY (`city_id`) REFERENCES `city` (`city_id`))
CRITICAL - 2022-02-22 09:33:57 --> Cannot add or update a child row: a foreign key constraint fails (`local-bio`.`user`, CONSTRAINT `user_ibfk_1` FOREIGN KEY (`city_id`) REFERENCES `city` (`city_id`))
#0 C:\wamp64\www\Local-Bio\system\Database\MySQLi\Connection.php(292): mysqli->query('INSERT INTO `us...', 0)
#1 C:\wamp64\www\Local-Bio\system\Database\BaseConnection.php(670): CodeIgniter\Database\MySQLi\Connection->execute('INSERT INTO `us...')
#2 C:\wamp64\www\Local-Bio\system\Database\BaseConnection.php(598): CodeIgniter\Database\BaseConnection->simpleQuery('INSERT INTO `us...')
#3 C:\wamp64\www\Local-Bio\system\Database\BaseBuilder.php(1771): CodeIgniter\Database\BaseConnection->query('INSERT INTO `us...', Array, false)
#4 C:\wamp64\www\Local-Bio\system\Model.php(239): CodeIgniter\Database\BaseBuilder->insert()
#5 C:\wamp64\www\Local-Bio\system\BaseModel.php(738): CodeIgniter\Model->doInsert(Array)
#6 C:\wamp64\www\Local-Bio\system\Model.php(625): CodeIgniter\BaseModel->insert(Array, false)
#7 C:\wamp64\www\Local-Bio\system\BaseModel.php(658): CodeIgniter\Model->insert(Object(App\Entities\Users_entity), false)
#8 C:\wamp64\www\Local-Bio\app\Controllers\Users.php(232): CodeIgniter\BaseModel->save(Object(App\Entities\Users_entity))
#9 C:\wamp64\www\Local-Bio\system\CodeIgniter.php(825): App\Controllers\Users->create()
#10 C:\wamp64\www\Local-Bio\system\CodeIgniter.php(412): CodeIgniter\CodeIgniter->runController(Object(App\Controllers\Users))
#11 C:\wamp64\www\Local-Bio\system\CodeIgniter.php(320): CodeIgniter\CodeIgniter->handleRequest(NULL, Object(Config\Cache), false)
#12 C:\wamp64\www\Local-Bio\public\index.php(37): CodeIgniter\CodeIgniter->run()
#13 {main}
ERROR - 2022-02-22 09:35:10 --> Cannot add or update a child row: a foreign key constraint fails (`local-bio`.`user`, CONSTRAINT `user_ibfk_1` FOREIGN KEY (`city_id`) REFERENCES `city` (`city_id`))
CRITICAL - 2022-02-22 09:35:10 --> Cannot add or update a child row: a foreign key constraint fails (`local-bio`.`user`, CONSTRAINT `user_ibfk_1` FOREIGN KEY (`city_id`) REFERENCES `city` (`city_id`))
#0 C:\wamp64\www\Local-Bio\system\Database\MySQLi\Connection.php(292): mysqli->query('INSERT INTO `us...', 0)
#1 C:\wamp64\www\Local-Bio\system\Database\BaseConnection.php(670): CodeIgniter\Database\MySQLi\Connection->execute('INSERT INTO `us...')
#2 C:\wamp64\www\Local-Bio\system\Database\BaseConnection.php(598): CodeIgniter\Database\BaseConnection->simpleQuery('INSERT INTO `us...')
#3 C:\wamp64\www\Local-Bio\system\Database\BaseBuilder.php(1771): CodeIgniter\Database\BaseConnection->query('INSERT INTO `us...', Array, false)
#4 C:\wamp64\www\Local-Bio\system\Model.php(239): CodeIgniter\Database\BaseBuilder->insert()
#5 C:\wamp64\www\Local-Bio\system\BaseModel.php(738): CodeIgniter\Model->doInsert(Array)
#6 C:\wamp64\www\Local-Bio\system\Model.php(625): CodeIgniter\BaseModel->insert(Array, false)
#7 C:\wamp64\www\Local-Bio\system\BaseModel.php(658): CodeIgniter\Model->insert(Object(App\Entities\Users_entity), false)
#8 C:\wamp64\www\Local-Bio\app\Controllers\Users.php(232): CodeIgniter\BaseModel->save(Object(App\Entities\Users_entity))
#9 C:\wamp64\www\Local-Bio\system\CodeIgniter.php(825): App\Controllers\Users->create()
#10 C:\wamp64\www\Local-Bio\system\CodeIgniter.php(412): CodeIgniter\CodeIgniter->runController(Object(App\Controllers\Users))
#11 C:\wamp64\www\Local-Bio\system\CodeIgniter.php(320): CodeIgniter\CodeIgniter->handleRequest(NULL, Object(Config\Cache), false)
#12 C:\wamp64\www\Local-Bio\public\index.php(37): CodeIgniter\CodeIgniter->run()
#13 {main}
ERROR - 2022-02-22 09:44:51 --> Cannot add or update a child row: a foreign key constraint fails (`local-bio`.`user`, CONSTRAINT `user_ibfk_2` FOREIGN KEY (`rank_id`) REFERENCES `rank` (`rank_id`))
CRITICAL - 2022-02-22 09:44:51 --> Cannot add or update a child row: a foreign key constraint fails (`local-bio`.`user`, CONSTRAINT `user_ibfk_2` FOREIGN KEY (`rank_id`) REFERENCES `rank` (`rank_id`))
#0 C:\wamp64\www\Local-Bio\system\Database\MySQLi\Connection.php(292): mysqli->query('INSERT INTO `us...', 0)
#1 C:\wamp64\www\Local-Bio\system\Database\BaseConnection.php(670): CodeIgniter\Database\MySQLi\Connection->execute('INSERT INTO `us...')
#2 C:\wamp64\www\Local-Bio\system\Database\BaseConnection.php(598): CodeIgniter\Database\BaseConnection->simpleQuery('INSERT INTO `us...')
#3 C:\wamp64\www\Local-Bio\system\Database\BaseBuilder.php(1771): CodeIgniter\Database\BaseConnection->query('INSERT INTO `us...', Array, false)
#4 C:\wamp64\www\Local-Bio\system\Model.php(239): CodeIgniter\Database\BaseBuilder->insert()
#5 C:\wamp64\www\Local-Bio\system\BaseModel.php(738): CodeIgniter\Model->doInsert(Array)
#6 C:\wamp64\www\Local-Bio\system\Model.php(625): CodeIgniter\BaseModel->insert(Array, false)
#7 C:\wamp64\www\Local-Bio\system\BaseModel.php(658): CodeIgniter\Model->insert(Object(App\Entities\Users_entity), false)
#8 C:\wamp64\www\Local-Bio\app\Controllers\Users.php(232): CodeIgniter\BaseModel->save(Object(App\Entities\Users_entity))
#9 C:\wamp64\www\Local-Bio\system\CodeIgniter.php(825): App\Controllers\Users->create()
#10 C:\wamp64\www\Local-Bio\system\CodeIgniter.php(412): CodeIgniter\CodeIgniter->runController(Object(App\Controllers\Users))
#11 C:\wamp64\www\Local-Bio\system\CodeIgniter.php(320): CodeIgniter\CodeIgniter->handleRequest(NULL, Object(Config\Cache), false)
#12 C:\wamp64\www\Local-Bio\public\index.php(37): CodeIgniter\CodeIgniter->run()
#13 {main}
CRITICAL - 2022-02-22 09:46:03 --> Undefined index: title
#0 C:\wamp64\www\Local-Bio\writable\cache\templates_c\50d1980b7fa5fa2ee20d49a7b8bee2367a2dcb90_0.file.header.tpl.php(41): CodeIgniter\Debug\Exceptions->errorHandler(8, 'Undefined index...', 'C:\\wamp64\\www\\L...', 41, Array)
#1 C:\wamp64\www\Local-Bio\app\smarty\libs\sysplugins\smarty_template_resource_base.php(123): content_6213b64a45d189_63262515(Object(Smarty_Internal_Template))
#2 C:\wamp64\www\Local-Bio\app\smarty\libs\sysplugins\smarty_template_compiled.php(114): Smarty_Template_Resource_Base->getRenderedTemplateCode(Object(Smarty_Internal_Template))
#3 C:\wamp64\www\Local-Bio\app\smarty\libs\sysplugins\smarty_internal_template.php(216): Smarty_Template_Compiled->render(Object(Smarty_Internal_Template))
#4 C:\wamp64\www\Local-Bio\app\smarty\libs\sysplugins\smarty_internal_template.php(385): Smarty_Internal_Template->render()
#5 C:\wamp64\www\Local-Bio\writable\cache\templates_c\cfd4c613c8df35d7c954cf754ee3857e80ca1868_0.file.layout.tpl.php(28): Smarty_Internal_Template->_subTemplateRender('file:header.tpl', NULL, NULL, 0, 3600, Array, 0, false)
#6 C:\wamp64\www\Local-Bio\app\smarty\libs\sysplugins\smarty_template_resource_base.php(123): content_6213b64a413454_32499536(Object(Smarty_Internal_Template))
#7 C:\wamp64\www\Local-Bio\app\smarty\libs\sysplugins\smarty_template_compiled.php(114): Smarty_Template_Resource_Base->getRenderedTemplateCode(Object(Smarty_Internal_Template))
#8 C:\wamp64\www\Local-Bio\app\smarty\libs\sysplugins\smarty_internal_template.php(216): Smarty_Template_Compiled->render(Object(Smarty_Internal_Template))
#9 C:\wamp64\www\Local-Bio\app\smarty\libs\sysplugins\smarty_internal_template.php(385): Smarty_Internal_Template->render()
#10 C:\wamp64\www\Local-Bio\app\smarty\libs\sysplugins\smarty_internal_runtime_inheritance.php(116): Smarty_Internal_Template->_subTemplateRender('layout.tpl', NULL, NULL, 0, 3600, Array, 2, false, NULL, NULL)
#11 C:\wamp64\www\Local-Bio\writable\cache\templates_c\64e2adf4e7790dd78f0552cdd8bf8174fb632427_0.file.accueil.tpl.php(37): Smarty_Internal_Runtime_Inheritance->endChild(Object(Smarty_Internal_Template), 'layout.tpl')
#12 C:\wamp64\www\Local-Bio\app\smarty\libs\sysplugins\smarty_template_resource_base.php(123): content_6215053b16dd60_29740088(Object(Smarty_Internal_Template))
#13 C:\wamp64\www\Local-Bio\app\smarty\libs\sysplugins\smarty_template_compiled.php(114): Smarty_Template_Resource_Base->getRenderedTemplateCode(Object(Smarty_Internal_Template))
#14 C:\wamp64\www\Local-Bio\app\smarty\libs\sysplugins\smarty_internal_template.php(216): Smarty_Template_Compiled->render(Object(Smarty_Internal_Template))
#15 C:\wamp64\www\Local-Bio\app\smarty\libs\sysplugins\smarty_internal_templatebase.php(238): Smarty_Internal_Template->render(false, 1)
#16 C:\wamp64\www\Local-Bio\app\smarty\libs\sysplugins\smarty_internal_templatebase.php(134): Smarty_Internal_TemplateBase->_execute(Object(Smarty_Internal_Template), NULL, NULL, NULL, 1)
#17 C:\wamp64\www\Local-Bio\app\Controllers\BaseController.php(72): Smarty_Internal_TemplateBase->display('accueil.tpl')
#18 C:\wamp64\www\Local-Bio\app\Controllers\Users.php(281): App\Controllers\BaseController->display('accueil.tpl')
#19 C:\wamp64\www\Local-Bio\system\CodeIgniter.php(825): App\Controllers\Users->accueil()
#20 C:\wamp64\www\Local-Bio\system\CodeIgniter.php(412): CodeIgniter\CodeIgniter->runController(Object(App\Controllers\Users))
#21 C:\wamp64\www\Local-Bio\system\CodeIgniter.php(320): CodeIgniter\CodeIgniter->handleRequest(NULL, Object(Config\Cache), false)
#22 C:\wamp64\www\Local-Bio\public\index.php(37): CodeIgniter\CodeIgniter->run()
#23 {main}
CRITICAL - 2022-02-22 09:47:27 --> Undefined index: title
#0 C:\wamp64\www\Local-Bio\writable\cache\templates_c\50d1980b7fa5fa2ee20d49a7b8bee2367a2dcb90_0.file.header.tpl.php(41): CodeIgniter\Debug\Exceptions->errorHandler(8, 'Undefined index...', 'C:\\wamp64\\www\\L...', 41, Array)
#1 C:\wamp64\www\Local-Bio\app\smarty\libs\sysplugins\smarty_template_resource_base.php(123): content_6213b64a45d189_63262515(Object(Smarty_Internal_Template))
#2 C:\wamp64\www\Local-Bio\app\smarty\libs\sysplugins\smarty_template_compiled.php(114): Smarty_Template_Resource_Base->getRenderedTemplateCode(Object(Smarty_Internal_Template))
#3 C:\wamp64\www\Local-Bio\app\smarty\libs\sysplugins\smarty_internal_template.php(216): Smarty_Template_Compiled->render(Object(Smarty_Internal_Template))
#4 C:\wamp64\www\Local-Bio\app\smarty\libs\sysplugins\smarty_internal_template.php(385): Smarty_Internal_Template->render()
#5 C:\wamp64\www\Local-Bio\writable\cache\templates_c\cfd4c613c8df35d7c954cf754ee3857e80ca1868_0.file.layout.tpl.php(28): Smarty_Internal_Template->_subTemplateRender('file:header.tpl', NULL, NULL, 0, 3600, Array, 0, false)
#6 C:\wamp64\www\Local-Bio\app\smarty\libs\sysplugins\smarty_template_resource_base.php(123): content_6213b64a413454_32499536(Object(Smarty_Internal_Template))
#7 C:\wamp64\www\Local-Bio\app\smarty\libs\sysplugins\smarty_template_compiled.php(114): Smarty_Template_Resource_Base->getRenderedTemplateCode(Object(Smarty_Internal_Template))
#8 C:\wamp64\www\Local-Bio\app\smarty\libs\sysplugins\smarty_internal_template.php(216): Smarty_Template_Compiled->render(Object(Smarty_Internal_Template))
#9 C:\wamp64\www\Local-Bio\app\smarty\libs\sysplugins\smarty_internal_template.php(385): Smarty_Internal_Template->render()
#10 C:\wamp64\www\Local-Bio\app\smarty\libs\sysplugins\smarty_internal_runtime_inheritance.php(116): Smarty_Internal_Template->_subTemplateRender('layout.tpl', NULL, NULL, 0, 3600, Array, 2, false, NULL, NULL)
#11 C:\wamp64\www\Local-Bio\writable\cache\templates_c\64e2adf4e7790dd78f0552cdd8bf8174fb632427_0.file.accueil.tpl.php(37): Smarty_Internal_Runtime_Inheritance->endChild(Object(Smarty_Internal_Template), 'layout.tpl')
#12 C:\wamp64\www\Local-Bio\app\smarty\libs\sysplugins\smarty_template_resource_base.php(123): content_6215053b16dd60_29740088(Object(Smarty_Internal_Template))
#13 C:\wamp64\www\Local-Bio\app\smarty\libs\sysplugins\smarty_template_compiled.php(114): Smarty_Template_Resource_Base->getRenderedTemplateCode(Object(Smarty_Internal_Template))
#14 C:\wamp64\www\Local-Bio\app\smarty\libs\sysplugins\smarty_internal_template.php(216): Smarty_Template_Compiled->render(Object(Smarty_Internal_Template))
#15 C:\wamp64\www\Local-Bio\app\smarty\libs\sysplugins\smarty_internal_templatebase.php(238): Smarty_Internal_Template->render(false, 1)
#16 C:\wamp64\www\Local-Bio\app\smarty\libs\sysplugins\smarty_internal_templatebase.php(134): Smarty_Internal_TemplateBase->_execute(Object(Smarty_Internal_Template), NULL, NULL, NULL, 1)
#17 C:\wamp64\www\Local-Bio\app\Controllers\BaseController.php(72): Smarty_Internal_TemplateBase->display('accueil.tpl')
#18 C:\wamp64\www\Local-Bio\app\Controllers\Users.php(283): App\Controllers\BaseController->display('accueil.tpl')
#19 C:\wamp64\www\Local-Bio\system\CodeIgniter.php(825): App\Controllers\Users->accueil()
#20 C:\wamp64\www\Local-Bio\system\CodeIgniter.php(412): CodeIgniter\CodeIgniter->runController(Object(App\Controllers\Users))
#21 C:\wamp64\www\Local-Bio\system\CodeIgniter.php(320): CodeIgniter\CodeIgniter->handleRequest(NULL, Object(Config\Cache), false)
#22 C:\wamp64\www\Local-Bio\public\index.php(37): CodeIgniter\CodeIgniter->run()
#23 {main}
CRITICAL - 2022-02-22 09:47:28 --> Undefined index: title
#0 C:\wamp64\www\Local-Bio\writable\cache\templates_c\50d1980b7fa5fa2ee20d49a7b8bee2367a2dcb90_0.file.header.tpl.php(41): CodeIgniter\Debug\Exceptions->errorHandler(8, 'Undefined index...', 'C:\\wamp64\\www\\L...', 41, Array)
#1 C:\wamp64\www\Local-Bio\app\smarty\libs\sysplugins\smarty_template_resource_base.php(123): content_6213b64a45d189_63262515(Object(Smarty_Internal_Template))
#2 C:\wamp64\www\Local-Bio\app\smarty\libs\sysplugins\smarty_template_compiled.php(114): Smarty_Template_Resource_Base->getRenderedTemplateCode(Object(Smarty_Internal_Template))
#3 C:\wamp64\www\Local-Bio\app\smarty\libs\sysplugins\smarty_internal_template.php(216): Smarty_Template_Compiled->render(Object(Smarty_Internal_Template))
#4 C:\wamp64\www\Local-Bio\app\smarty\libs\sysplugins\smarty_internal_template.php(385): Smarty_Internal_Template->render()
#5 C:\wamp64\www\Local-Bio\writable\cache\templates_c\cfd4c613c8df35d7c954cf754ee3857e80ca1868_0.file.layout.tpl.php(28): Smarty_Internal_Template->_subTemplateRender('file:header.tpl', NULL, NULL, 0, 3600, Array, 0, false)
#6 C:\wamp64\www\Local-Bio\app\smarty\libs\sysplugins\smarty_template_resource_base.php(123): content_6213b64a413454_32499536(Object(Smarty_Internal_Template))
#7 C:\wamp64\www\Local-Bio\app\smarty\libs\sysplugins\smarty_template_compiled.php(114): Smarty_Template_Resource_Base->getRenderedTemplateCode(Object(Smarty_Internal_Template))
#8 C:\wamp64\www\Local-Bio\app\smarty\libs\sysplugins\smarty_internal_template.php(216): Smarty_Template_Compiled->render(Object(Smarty_Internal_Template))
#9 C:\wamp64\www\Local-Bio\app\smarty\libs\sysplugins\smarty_internal_template.php(385): Smarty_Internal_Template->render()
#10 C:\wamp64\www\Local-Bio\app\smarty\libs\sysplugins\smarty_internal_runtime_inheritance.php(116): Smarty_Internal_Template->_subTemplateRender('layout.tpl', NULL, NULL, 0, 3600, Array, 2, false, NULL, NULL)
#11 C:\wamp64\www\Local-Bio\writable\cache\templates_c\64e2adf4e7790dd78f0552cdd8bf8174fb632427_0.file.accueil.tpl.php(37): Smarty_Internal_Runtime_Inheritance->endChild(Object(Smarty_Internal_Template), 'layout.tpl')
#12 C:\wamp64\www\Local-Bio\app\smarty\libs\sysplugins\smarty_template_resource_base.php(123): content_6215053b16dd60_29740088(Object(Smarty_Internal_Template))
#13 C:\wamp64\www\Local-Bio\app\smarty\libs\sysplugins\smarty_template_compiled.php(114): Smarty_Template_Resource_Base->getRenderedTemplateCode(Object(Smarty_Internal_Template))
#14 C:\wamp64\www\Local-Bio\app\smarty\libs\sysplugins\smarty_internal_template.php(216): Smarty_Template_Compiled->render(Object(Smarty_Internal_Template))
#15 C:\wamp64\www\Local-Bio\app\smarty\libs\sysplugins\smarty_internal_templatebase.php(238): Smarty_Internal_Template->render(false, 1)
#16 C:\wamp64\www\Local-Bio\app\smarty\libs\sysplugins\smarty_internal_templatebase.php(134): Smarty_Internal_TemplateBase->_execute(Object(Smarty_Internal_Template), NULL, NULL, NULL, 1)
#17 C:\wamp64\www\Local-Bio\app\Controllers\BaseController.php(72): Smarty_Internal_TemplateBase->display('accueil.tpl')
#18 C:\wamp64\www\Local-Bio\app\Controllers\Users.php(283): App\Controllers\BaseController->display('accueil.tpl')
#19 C:\wamp64\www\Local-Bio\system\CodeIgniter.php(825): App\Controllers\Users->accueil()
#20 C:\wamp64\www\Local-Bio\system\CodeIgniter.php(412): CodeIgniter\CodeIgniter->runController(Object(App\Controllers\Users))
#21 C:\wamp64\www\Local-Bio\system\CodeIgniter.php(320): CodeIgniter\CodeIgniter->handleRequest(NULL, Object(Config\Cache), false)
#22 C:\wamp64\www\Local-Bio\public\index.php(37): CodeIgniter\CodeIgniter->run()
#23 {main}
CRITICAL - 2022-02-22 09:47:30 --> Undefined index: title
#0 C:\wamp64\www\Local-Bio\writable\cache\templates_c\50d1980b7fa5fa2ee20d49a7b8bee2367a2dcb90_0.file.header.tpl.php(41): CodeIgniter\Debug\Exceptions->errorHandler(8, 'Undefined index...', 'C:\\wamp64\\www\\L...', 41, Array)
#1 C:\wamp64\www\Local-Bio\app\smarty\libs\sysplugins\smarty_template_resource_base.php(123): content_6213b64a45d189_63262515(Object(Smarty_Internal_Template))
#2 C:\wamp64\www\Local-Bio\app\smarty\libs\sysplugins\smarty_template_compiled.php(114): Smarty_Template_Resource_Base->getRenderedTemplateCode(Object(Smarty_Internal_Template))
#3 C:\wamp64\www\Local-Bio\app\smarty\libs\sysplugins\smarty_internal_template.php(216): Smarty_Template_Compiled->render(Object(Smarty_Internal_Template))
#4 C:\wamp64\www\Local-Bio\app\smarty\libs\sysplugins\smarty_internal_template.php(385): Smarty_Internal_Template->render()
#5 C:\wamp64\www\Local-Bio\writable\cache\templates_c\cfd4c613c8df35d7c954cf754ee3857e80ca1868_0.file.layout.tpl.php(28): Smarty_Internal_Template->_subTemplateRender('file:header.tpl', NULL, NULL, 0, 3600, Array, 0, false)
#6 C:\wamp64\www\Local-Bio\app\smarty\libs\sysplugins\smarty_template_resource_base.php(123): content_6213b64a413454_32499536(Object(Smarty_Internal_Template))
#7 C:\wamp64\www\Local-Bio\app\smarty\libs\sysplugins\smarty_template_compiled.php(114): Smarty_Template_Resource_Base->getRenderedTemplateCode(Object(Smarty_Internal_Template))
#8 C:\wamp64\www\Local-Bio\app\smarty\libs\sysplugins\smarty_internal_template.php(216): Smarty_Template_Compiled->render(Object(Smarty_Internal_Template))
#9 C:\wamp64\www\Local-Bio\app\smarty\libs\sysplugins\smarty_internal_template.php(385): Smarty_Internal_Template->render()
#10 C:\wamp64\www\Local-Bio\app\smarty\libs\sysplugins\smarty_internal_runtime_inheritance.php(116): Smarty_Internal_Template->_subTemplateRender('layout.tpl', NULL, NULL, 0, 3600, Array, 2, false, NULL, NULL)
#11 C:\wamp64\www\Local-Bio\writable\cache\templates_c\64e2adf4e7790dd78f0552cdd8bf8174fb632427_0.file.accueil.tpl.php(37): Smarty_Internal_Runtime_Inheritance->endChild(Object(Smarty_Internal_Template), 'layout.tpl')
#12 C:\wamp64\www\Local-Bio\app\smarty\libs\sysplugins\smarty_template_resource_base.php(123): content_6215053b16dd60_29740088(Object(Smarty_Internal_Template))
#13 C:\wamp64\www\Local-Bio\app\smarty\libs\sysplugins\smarty_template_compiled.php(114): Smarty_Template_Resource_Base->getRenderedTemplateCode(Object(Smarty_Internal_Template))
#14 C:\wamp64\www\Local-Bio\app\smarty\libs\sysplugins\smarty_internal_template.php(216): Smarty_Template_Compiled->render(Object(Smarty_Internal_Template))
#15 C:\wamp64\www\Local-Bio\app\smarty\libs\sysplugins\smarty_internal_templatebase.php(238): Smarty_Internal_Template->render(false, 1)
#16 C:\wamp64\www\Local-Bio\app\smarty\libs\sysplugins\smarty_internal_templatebase.php(134): Smarty_Internal_TemplateBase->_execute(Object(Smarty_Internal_Template), NULL, NULL, NULL, 1)
#17 C:\wamp64\www\Local-Bio\app\Controllers\BaseController.php(72): Smarty_Internal_TemplateBase->display('accueil.tpl')
#18 C:\wamp64\www\Local-Bio\app\Controllers\Users.php(283): App\Controllers\BaseController->display('accueil.tpl')
#19 C:\wamp64\www\Local-Bio\system\CodeIgniter.php(825): App\Controllers\Users->accueil()
#20 C:\wamp64\www\Local-Bio\system\CodeIgniter.php(412): CodeIgniter\CodeIgniter->runController(Object(App\Controllers\Users))
#21 C:\wamp64\www\Local-Bio\system\CodeIgniter.php(320): CodeIgniter\CodeIgniter->handleRequest(NULL, Object(Config\Cache), false)
#22 C:\wamp64\www\Local-Bio\public\index.php(37): CodeIgniter\CodeIgniter->run()
#23 {main}
CRITICAL - 2022-02-22 09:53:04 --> Undefined index: title
#0 C:\wamp64\www\Local-Bio\writable\cache\templates_c\50d1980b7fa5fa2ee20d49a7b8bee2367a2dcb90_0.file.header.tpl.php(41): CodeIgniter\Debug\Exceptions->errorHandler(8, 'Undefined index...', 'C:\\wamp64\\www\\L...', 41, Array)
#1 C:\wamp64\www\Local-Bio\app\smarty\libs\sysplugins\smarty_template_resource_base.php(123): content_6213b64a45d189_63262515(Object(Smarty_Internal_Template))
#2 C:\wamp64\www\Local-Bio\app\smarty\libs\sysplugins\smarty_template_compiled.php(114): Smarty_Template_Resource_Base->getRenderedTemplateCode(Object(Smarty_Internal_Template))
#3 C:\wamp64\www\Local-Bio\app\smarty\libs\sysplugins\smarty_internal_template.php(216): Smarty_Template_Compiled->render(Object(Smarty_Internal_Template))
#4 C:\wamp64\www\Local-Bio\app\smarty\libs\sysplugins\smarty_internal_template.php(385): Smarty_Internal_Template->render()
#5 C:\wamp64\www\Local-Bio\writable\cache\templates_c\cfd4c613c8df35d7c954cf754ee3857e80ca1868_0.file.layout.tpl.php(28): Smarty_Internal_Template->_subTemplateRender('file:header.tpl', NULL, NULL, 0, 3600, Array, 0, false)
#6 C:\wamp64\www\Local-Bio\app\smarty\libs\sysplugins\smarty_template_resource_base.php(123): content_6213b64a413454_32499536(Object(Smarty_Internal_Template))
#7 C:\wamp64\www\Local-Bio\app\smarty\libs\sysplugins\smarty_template_compiled.php(114): Smarty_Template_Resource_Base->getRenderedTemplateCode(Object(Smarty_Internal_Template))
#8 C:\wamp64\www\Local-Bio\app\smarty\libs\sysplugins\smarty_internal_template.php(216): Smarty_Template_Compiled->render(Object(Smarty_Internal_Template))
#9 C:\wamp64\www\Local-Bio\app\smarty\libs\sysplugins\smarty_internal_template.php(385): Smarty_Internal_Template->render()
#10 C:\wamp64\www\Local-Bio\app\smarty\libs\sysplugins\smarty_internal_runtime_inheritance.php(116): Smarty_Internal_Template->_subTemplateRender('layout.tpl', NULL, NULL, 0, 3600, Array, 2, false, NULL, NULL)
#11 C:\wamp64\www\Local-Bio\writable\cache\templates_c\64e2adf4e7790dd78f0552cdd8bf8174fb632427_0.file.accueil.tpl.php(37): Smarty_Internal_Runtime_Inheritance->endChild(Object(Smarty_Internal_Template), 'layout.tpl')
#12 C:\wamp64\www\Local-Bio\app\smarty\libs\sysplugins\smarty_template_resource_base.php(123): content_6215053b16dd60_29740088(Object(Smarty_Internal_Template))
#13 C:\wamp64\www\Local-Bio\app\smarty\libs\sysplugins\smarty_template_compiled.php(114): Smarty_Template_Resource_Base->getRenderedTemplateCode(Object(Smarty_Internal_Template))
#14 C:\wamp64\www\Local-Bio\app\smarty\libs\sysplugins\smarty_internal_template.php(216): Smarty_Template_Compiled->render(Object(Smarty_Internal_Template))
#15 C:\wamp64\www\Local-Bio\app\smarty\libs\sysplugins\smarty_internal_templatebase.php(238): Smarty_Internal_Template->render(false, 1)
#16 C:\wamp64\www\Local-Bio\app\smarty\libs\sysplugins\smarty_internal_templatebase.php(134): Smarty_Internal_TemplateBase->_execute(Object(Smarty_Internal_Template), NULL, NULL, NULL, 1)
#17 C:\wamp64\www\Local-Bio\app\Controllers\BaseController.php(72): Smarty_Internal_TemplateBase->display('accueil.tpl')
#18 C:\wamp64\www\Local-Bio\app\Controllers\Users.php(283): App\Controllers\BaseController->display('accueil.tpl')
#19 C:\wamp64\www\Local-Bio\system\CodeIgniter.php(825): App\Controllers\Users->accueil()
#20 C:\wamp64\www\Local-Bio\system\CodeIgniter.php(412): CodeIgniter\CodeIgniter->runController(Object(App\Controllers\Users))
#21 C:\wamp64\www\Local-Bio\system\CodeIgniter.php(320): CodeIgniter\CodeIgniter->handleRequest(NULL, Object(Config\Cache), false)
#22 C:\wamp64\www\Local-Bio\public\index.php(37): CodeIgniter\CodeIgniter->run()
#23 {main}
