CRITICAL - 2022-02-16 01:45:10 --> syntax error, unexpected end of file, expecting function (T_FUNCTION) or const (T_CONST)
#0 C:\wamp64\www\test_local-bio\system\Autoloader\Autoloader.php(241): CodeIgniter\Autoloader\Autoloader->includeFile('C:\\wamp64\\www\\t...')
#1 C:\wamp64\www\test_local-bio\system\Autoloader\Autoloader.php(219): CodeIgniter\Autoloader\Autoloader->loadInNamespace('App\\Models\\shop...')
#2 [internal function]: CodeIgniter\Autoloader\Autoloader->loadClass('App\\Models\\shop...')
#3 C:\wamp64\www\test_local-bio\app\Controllers\shop.php(16): spl_autoload_call('App\\Models\\shop...')
#4 C:\wamp64\www\test_local-bio\system\CodeIgniter.php(825): App\Controllers\shop->boutique()
#5 C:\wamp64\www\test_local-bio\system\CodeIgniter.php(412): CodeIgniter\CodeIgniter->runController(Object(App\Controllers\shop))
#6 C:\wamp64\www\test_local-bio\system\CodeIgniter.php(320): CodeIgniter\CodeIgniter->handleRequest(NULL, Object(Config\Cache), false)
#7 C:\wamp64\www\test_local-bio\public\index.php(37): CodeIgniter\CodeIgniter->run()
#8 {main}
CRITICAL - 2022-02-16 01:46:23 --> syntax error, unexpected end of file, expecting function (T_FUNCTION) or const (T_CONST)
#0 C:\wamp64\www\test_local-bio\system\Autoloader\Autoloader.php(241): CodeIgniter\Autoloader\Autoloader->includeFile('C:\\wamp64\\www\\t...')
#1 C:\wamp64\www\test_local-bio\system\Autoloader\Autoloader.php(219): CodeIgniter\Autoloader\Autoloader->loadInNamespace('App\\Models\\shop...')
#2 [internal function]: CodeIgniter\Autoloader\Autoloader->loadClass('App\\Models\\shop...')
#3 C:\wamp64\www\test_local-bio\app\Controllers\shop.php(16): spl_autoload_call('App\\Models\\shop...')
#4 C:\wamp64\www\test_local-bio\system\CodeIgniter.php(825): App\Controllers\shop->boutique()
#5 C:\wamp64\www\test_local-bio\system\CodeIgniter.php(412): CodeIgniter\CodeIgniter->runController(Object(App\Controllers\shop))
#6 C:\wamp64\www\test_local-bio\system\CodeIgniter.php(320): CodeIgniter\CodeIgniter->handleRequest(NULL, Object(Config\Cache), false)
#7 C:\wamp64\www\test_local-bio\public\index.php(37): CodeIgniter\CodeIgniter->run()
#8 {main}
CRITICAL - 2022-02-16 01:46:32 --> Class 'App\Models\shop_model' not found
#0 C:\wamp64\www\test_local-bio\system\CodeIgniter.php(825): App\Controllers\shop->boutique()
#1 C:\wamp64\www\test_local-bio\system\CodeIgniter.php(412): CodeIgniter\CodeIgniter->runController(Object(App\Controllers\shop))
#2 C:\wamp64\www\test_local-bio\system\CodeIgniter.php(320): CodeIgniter\CodeIgniter->handleRequest(NULL, Object(Config\Cache), false)
#3 C:\wamp64\www\test_local-bio\public\index.php(37): CodeIgniter\CodeIgniter->run()
#4 {main}
CRITICAL - 2022-02-16 01:47:28 --> Class 'App\Models\shop_model' not found
#0 C:\wamp64\www\test_local-bio\system\CodeIgniter.php(825): App\Controllers\shop->boutique()
#1 C:\wamp64\www\test_local-bio\system\CodeIgniter.php(412): CodeIgniter\CodeIgniter->runController(Object(App\Controllers\shop))
#2 C:\wamp64\www\test_local-bio\system\CodeIgniter.php(320): CodeIgniter\CodeIgniter->handleRequest(NULL, Object(Config\Cache), false)
#3 C:\wamp64\www\test_local-bio\public\index.php(37): CodeIgniter\CodeIgniter->run()
#4 {main}
CRITICAL - 2022-02-16 02:29:58 --> Call to undefined method App\Controllers\BaseController::__controller()
#0 C:\wamp64\www\test_local-bio\system\CodeIgniter.php(802): App\Controllers\shop->__construct()
#1 C:\wamp64\www\test_local-bio\system\CodeIgniter.php(403): CodeIgniter\CodeIgniter->createController()
#2 C:\wamp64\www\test_local-bio\system\CodeIgniter.php(320): CodeIgniter\CodeIgniter->handleRequest(NULL, Object(Config\Cache), false)
#3 C:\wamp64\www\test_local-bio\public\index.php(37): CodeIgniter\CodeIgniter->run()
#4 {main}
CRITICAL - 2022-02-16 02:29:59 --> Call to undefined method App\Controllers\BaseController::__controller()
#0 C:\wamp64\www\test_local-bio\system\CodeIgniter.php(802): App\Controllers\shop->__construct()
#1 C:\wamp64\www\test_local-bio\system\CodeIgniter.php(403): CodeIgniter\CodeIgniter->createController()
#2 C:\wamp64\www\test_local-bio\system\CodeIgniter.php(320): CodeIgniter\CodeIgniter->handleRequest(NULL, Object(Config\Cache), false)
#3 C:\wamp64\www\test_local-bio\public\index.php(37): CodeIgniter\CodeIgniter->run()
#4 {main}
CRITICAL - 2022-02-16 02:29:59 --> Call to undefined method App\Controllers\BaseController::__controller()
#0 C:\wamp64\www\test_local-bio\system\CodeIgniter.php(802): App\Controllers\shop->__construct()
#1 C:\wamp64\www\test_local-bio\system\CodeIgniter.php(403): CodeIgniter\CodeIgniter->createController()
#2 C:\wamp64\www\test_local-bio\system\CodeIgniter.php(320): CodeIgniter\CodeIgniter->handleRequest(NULL, Object(Config\Cache), false)
#3 C:\wamp64\www\test_local-bio\public\index.php(37): CodeIgniter\CodeIgniter->run()
#4 {main}
CRITICAL - 2022-02-16 02:43:27 --> Too few arguments to function App\Controllers\Shop::boutique(), 0 passed in C:\wamp64\www\test_local-bio\system\CodeIgniter.php on line 825 and exactly 1 expected
#0 C:\wamp64\www\test_local-bio\system\CodeIgniter.php(825): App\Controllers\Shop->boutique()
#1 C:\wamp64\www\test_local-bio\system\CodeIgniter.php(412): CodeIgniter\CodeIgniter->runController(Object(App\Controllers\Shop))
#2 C:\wamp64\www\test_local-bio\system\CodeIgniter.php(320): CodeIgniter\CodeIgniter->handleRequest(NULL, Object(Config\Cache), false)
#3 C:\wamp64\www\test_local-bio\public\index.php(37): CodeIgniter\CodeIgniter->run()
#4 {main}
CRITICAL - 2022-02-16 02:46:29 --> Call to undefined method App\Models\Shop_model::findByCat
#0 C:\wamp64\www\test_local-bio\app\Controllers\Shop.php(18): CodeIgniter\Model->__call('findByCat', Array)
#1 C:\wamp64\www\test_local-bio\system\CodeIgniter.php(825): App\Controllers\Shop->boutique('1')
#2 C:\wamp64\www\test_local-bio\system\CodeIgniter.php(412): CodeIgniter\CodeIgniter->runController(Object(App\Controllers\Shop))
#3 C:\wamp64\www\test_local-bio\system\CodeIgniter.php(320): CodeIgniter\CodeIgniter->handleRequest(NULL, Object(Config\Cache), false)
#4 C:\wamp64\www\test_local-bio\public\index.php(37): CodeIgniter\CodeIgniter->run()
#5 {main}
CRITICAL - 2022-02-16 02:47:59 --> Undefined variable: builder
#0 C:\wamp64\www\test_local-bio\app\Models\Shop_model.php(21): CodeIgniter\Debug\Exceptions->errorHandler(8, 'Undefined varia...', 'C:\\wamp64\\www\\t...', 21, Array)
#1 C:\wamp64\www\test_local-bio\app\Controllers\Shop.php(18): App\Models\Shop_model->findByCat('1')
#2 C:\wamp64\www\test_local-bio\system\CodeIgniter.php(825): App\Controllers\Shop->boutique('1')
#3 C:\wamp64\www\test_local-bio\system\CodeIgniter.php(412): CodeIgniter\CodeIgniter->runController(Object(App\Controllers\Shop))
#4 C:\wamp64\www\test_local-bio\system\CodeIgniter.php(320): CodeIgniter\CodeIgniter->handleRequest(NULL, Object(Config\Cache), false)
#5 C:\wamp64\www\test_local-bio\public\index.php(37): CodeIgniter\CodeIgniter->run()
#6 {main}
CRITICAL - 2022-02-16 02:48:32 --> Undefined variable: db
#0 C:\wamp64\www\test_local-bio\app\Models\Shop_model.php(21): CodeIgniter\Debug\Exceptions->errorHandler(8, 'Undefined varia...', 'C:\\wamp64\\www\\t...', 21, Array)
#1 C:\wamp64\www\test_local-bio\app\Controllers\Shop.php(18): App\Models\Shop_model->findByCat('1')
#2 C:\wamp64\www\test_local-bio\system\CodeIgniter.php(825): App\Controllers\Shop->boutique('1')
#3 C:\wamp64\www\test_local-bio\system\CodeIgniter.php(412): CodeIgniter\CodeIgniter->runController(Object(App\Controllers\Shop))
#4 C:\wamp64\www\test_local-bio\system\CodeIgniter.php(320): CodeIgniter\CodeIgniter->handleRequest(NULL, Object(Config\Cache), false)
#5 C:\wamp64\www\test_local-bio\public\index.php(37): CodeIgniter\CodeIgniter->run()
#6 {main}
CRITICAL - 2022-02-16 02:49:09 --> Undefined variable: arrList
#0 C:\wamp64\www\test_local-bio\app\Models\Shop_model.php(27): CodeIgniter\Debug\Exceptions->errorHandler(8, 'Undefined varia...', 'C:\\wamp64\\www\\t...', 27, Array)
#1 C:\wamp64\www\test_local-bio\app\Controllers\Shop.php(18): App\Models\Shop_model->findByCat('1')
#2 C:\wamp64\www\test_local-bio\system\CodeIgniter.php(825): App\Controllers\Shop->boutique('1')
#3 C:\wamp64\www\test_local-bio\system\CodeIgniter.php(412): CodeIgniter\CodeIgniter->runController(Object(App\Controllers\Shop))
#4 C:\wamp64\www\test_local-bio\system\CodeIgniter.php(320): CodeIgniter\CodeIgniter->handleRequest(NULL, Object(Config\Cache), false)
#5 C:\wamp64\www\test_local-bio\public\index.php(37): CodeIgniter\CodeIgniter->run()
#6 {main}
CRITICAL - 2022-02-16 02:51:48 --> Trying to get property 'product_name' of non-object
#0 C:\wamp64\www\test_local-bio\writable\cache\templates_c\2cbb414fcd7ea78f4e8fb6ab7088b15c3d086633_0.file.shop.tpl.php(76): CodeIgniter\Debug\Exceptions->errorHandler(8, 'Trying to get p...', 'C:\\wamp64\\www\\t...', 76, Array)
#1 C:\wamp64\www\test_local-bio\app\smarty\libs\sysplugins\smarty_internal_runtime_inheritance.php(248): Block_1652328118620cb8e7b0d0d3_30452823->callBlock(Object(Smarty_Internal_Template))
#2 C:\wamp64\www\test_local-bio\app\smarty\libs\sysplugins\smarty_internal_runtime_inheritance.php(184): Smarty_Internal_Runtime_Inheritance->callBlock(Object(Block_1652328118620cb8e7b0d0d3_30452823), Object(Smarty_Internal_Template))
#3 C:\wamp64\www\test_local-bio\app\smarty\libs\sysplugins\smarty_internal_runtime_inheritance.php(186): Smarty_Internal_Runtime_Inheritance->process(Object(Smarty_Internal_Template), Object(Block_1652328118620cb8e7b0d0d3_30452823), Object(Block_1210445282620cb578eac604_34383537))
#4 C:\wamp64\www\test_local-bio\app\smarty\libs\sysplugins\smarty_internal_runtime_inheritance.php(156): Smarty_Internal_Runtime_Inheritance->process(Object(Smarty_Internal_Template), Object(Block_1210445282620cb578eac604_34383537))
#5 C:\wamp64\www\test_local-bio\writable\cache\templates_c\ab4d53053a0c5ff9acb28362b2cc3f06a05b1b30_0.file.layout.tpl.php(32): Smarty_Internal_Runtime_Inheritance->instanceBlock(Object(Smarty_Internal_Template), 'Block_121044528...', 'content')
#6 C:\wamp64\www\test_local-bio\app\smarty\libs\sysplugins\smarty_template_resource_base.php(123): content_620cb578eae593_75393078(Object(Smarty_Internal_Template))
#7 C:\wamp64\www\test_local-bio\app\smarty\libs\sysplugins\smarty_template_compiled.php(114): Smarty_Template_Resource_Base->getRenderedTemplateCode(Object(Smarty_Internal_Template))
#8 C:\wamp64\www\test_local-bio\app\smarty\libs\sysplugins\smarty_internal_template.php(216): Smarty_Template_Compiled->render(Object(Smarty_Internal_Template))
#9 C:\wamp64\www\test_local-bio\app\smarty\libs\sysplugins\smarty_internal_template.php(385): Smarty_Internal_Template->render()
#10 C:\wamp64\www\test_local-bio\app\smarty\libs\sysplugins\smarty_internal_runtime_inheritance.php(116): Smarty_Internal_Template->_subTemplateRender('layout.tpl', NULL, NULL, 0, 3600, Array, 2, false, NULL, NULL)
#11 C:\wamp64\www\test_local-bio\writable\cache\templates_c\2cbb414fcd7ea78f4e8fb6ab7088b15c3d086633_0.file.shop.tpl.php(36): Smarty_Internal_Runtime_Inheritance->endChild(Object(Smarty_Internal_Template), 'layout.tpl')
#12 C:\wamp64\www\test_local-bio\app\smarty\libs\sysplugins\smarty_template_resource_base.php(123): content_620cb8e7b85e95_21280360(Object(Smarty_Internal_Template))
#13 C:\wamp64\www\test_local-bio\app\smarty\libs\sysplugins\smarty_template_compiled.php(114): Smarty_Template_Resource_Base->getRenderedTemplateCode(Object(Smarty_Internal_Template))
#14 C:\wamp64\www\test_local-bio\app\smarty\libs\sysplugins\smarty_internal_template.php(216): Smarty_Template_Compiled->render(Object(Smarty_Internal_Template))
#15 C:\wamp64\www\test_local-bio\app\smarty\libs\sysplugins\smarty_internal_templatebase.php(238): Smarty_Internal_Template->render(false, 1)
#16 C:\wamp64\www\test_local-bio\app\smarty\libs\sysplugins\smarty_internal_templatebase.php(134): Smarty_Internal_TemplateBase->_execute(Object(Smarty_Internal_Template), NULL, NULL, NULL, 1)
#17 C:\wamp64\www\test_local-bio\app\Controllers\BaseController.php(71): Smarty_Internal_TemplateBase->display('shop.tpl')
#18 C:\wamp64\www\test_local-bio\app\Controllers\Shop.php(23): App\Controllers\BaseController->display('shop.tpl')
#19 C:\wamp64\www\test_local-bio\system\CodeIgniter.php(825): App\Controllers\Shop->boutique('1')
#20 C:\wamp64\www\test_local-bio\system\CodeIgniter.php(412): CodeIgniter\CodeIgniter->runController(Object(App\Controllers\Shop))
#21 C:\wamp64\www\test_local-bio\system\CodeIgniter.php(320): CodeIgniter\CodeIgniter->handleRequest(NULL, Object(Config\Cache), false)
#22 C:\wamp64\www\test_local-bio\public\index.php(37): CodeIgniter\CodeIgniter->run()
#23 {main}
CRITICAL - 2022-02-16 02:53:40 --> Undefined property: mysqli::$product_name
#0 C:\wamp64\www\test_local-bio\writable\cache\templates_c\2cbb414fcd7ea78f4e8fb6ab7088b15c3d086633_0.file.shop.tpl.php(76): CodeIgniter\Debug\Exceptions->errorHandler(8, 'Undefined prope...', 'C:\\wamp64\\www\\t...', 76, Array)
#1 C:\wamp64\www\test_local-bio\app\smarty\libs\sysplugins\smarty_internal_runtime_inheritance.php(248): Block_1652328118620cb8e7b0d0d3_30452823->callBlock(Object(Smarty_Internal_Template))
#2 C:\wamp64\www\test_local-bio\app\smarty\libs\sysplugins\smarty_internal_runtime_inheritance.php(184): Smarty_Internal_Runtime_Inheritance->callBlock(Object(Block_1652328118620cb8e7b0d0d3_30452823), Object(Smarty_Internal_Template))
#3 C:\wamp64\www\test_local-bio\app\smarty\libs\sysplugins\smarty_internal_runtime_inheritance.php(186): Smarty_Internal_Runtime_Inheritance->process(Object(Smarty_Internal_Template), Object(Block_1652328118620cb8e7b0d0d3_30452823), Object(Block_1210445282620cb578eac604_34383537))
#4 C:\wamp64\www\test_local-bio\app\smarty\libs\sysplugins\smarty_internal_runtime_inheritance.php(156): Smarty_Internal_Runtime_Inheritance->process(Object(Smarty_Internal_Template), Object(Block_1210445282620cb578eac604_34383537))
#5 C:\wamp64\www\test_local-bio\writable\cache\templates_c\ab4d53053a0c5ff9acb28362b2cc3f06a05b1b30_0.file.layout.tpl.php(32): Smarty_Internal_Runtime_Inheritance->instanceBlock(Object(Smarty_Internal_Template), 'Block_121044528...', 'content')
#6 C:\wamp64\www\test_local-bio\app\smarty\libs\sysplugins\smarty_template_resource_base.php(123): content_620cb578eae593_75393078(Object(Smarty_Internal_Template))
#7 C:\wamp64\www\test_local-bio\app\smarty\libs\sysplugins\smarty_template_compiled.php(114): Smarty_Template_Resource_Base->getRenderedTemplateCode(Object(Smarty_Internal_Template))
#8 C:\wamp64\www\test_local-bio\app\smarty\libs\sysplugins\smarty_internal_template.php(216): Smarty_Template_Compiled->render(Object(Smarty_Internal_Template))
#9 C:\wamp64\www\test_local-bio\app\smarty\libs\sysplugins\smarty_internal_template.php(385): Smarty_Internal_Template->render()
#10 C:\wamp64\www\test_local-bio\app\smarty\libs\sysplugins\smarty_internal_runtime_inheritance.php(116): Smarty_Internal_Template->_subTemplateRender('layout.tpl', NULL, NULL, 0, 3600, Array, 2, false, NULL, NULL)
#11 C:\wamp64\www\test_local-bio\writable\cache\templates_c\2cbb414fcd7ea78f4e8fb6ab7088b15c3d086633_0.file.shop.tpl.php(36): Smarty_Internal_Runtime_Inheritance->endChild(Object(Smarty_Internal_Template), 'layout.tpl')
#12 C:\wamp64\www\test_local-bio\app\smarty\libs\sysplugins\smarty_template_resource_base.php(123): content_620cb8e7b85e95_21280360(Object(Smarty_Internal_Template))
#13 C:\wamp64\www\test_local-bio\app\smarty\libs\sysplugins\smarty_template_compiled.php(114): Smarty_Template_Resource_Base->getRenderedTemplateCode(Object(Smarty_Internal_Template))
#14 C:\wamp64\www\test_local-bio\app\smarty\libs\sysplugins\smarty_internal_template.php(216): Smarty_Template_Compiled->render(Object(Smarty_Internal_Template))
#15 C:\wamp64\www\test_local-bio\app\smarty\libs\sysplugins\smarty_internal_templatebase.php(238): Smarty_Internal_Template->render(false, 1)
#16 C:\wamp64\www\test_local-bio\app\smarty\libs\sysplugins\smarty_internal_templatebase.php(134): Smarty_Internal_TemplateBase->_execute(Object(Smarty_Internal_Template), NULL, NULL, NULL, 1)
#17 C:\wamp64\www\test_local-bio\app\Controllers\BaseController.php(71): Smarty_Internal_TemplateBase->display('shop.tpl')
#18 C:\wamp64\www\test_local-bio\app\Controllers\Shop.php(23): App\Controllers\BaseController->display('shop.tpl')
#19 C:\wamp64\www\test_local-bio\system\CodeIgniter.php(825): App\Controllers\Shop->boutique('1')
#20 C:\wamp64\www\test_local-bio\system\CodeIgniter.php(412): CodeIgniter\CodeIgniter->runController(Object(App\Controllers\Shop))
#21 C:\wamp64\www\test_local-bio\system\CodeIgniter.php(320): CodeIgniter\CodeIgniter->handleRequest(NULL, Object(Config\Cache), false)
#22 C:\wamp64\www\test_local-bio\public\index.php(37): CodeIgniter\CodeIgniter->run()
#23 {main}
CRITICAL - 2022-02-16 02:53:53 --> Call to undefined method CodeIgniter\Database\MySQLi\Builder::findAll()
#0 C:\wamp64\www\test_local-bio\app\Controllers\Shop.php(18): App\Models\Shop_model->findByCat('1')
#1 C:\wamp64\www\test_local-bio\system\CodeIgniter.php(825): App\Controllers\Shop->boutique('1')
#2 C:\wamp64\www\test_local-bio\system\CodeIgniter.php(412): CodeIgniter\CodeIgniter->runController(Object(App\Controllers\Shop))
#3 C:\wamp64\www\test_local-bio\system\CodeIgniter.php(320): CodeIgniter\CodeIgniter->handleRequest(NULL, Object(Config\Cache), false)
#4 C:\wamp64\www\test_local-bio\public\index.php(37): CodeIgniter\CodeIgniter->run()
#5 {main}
CRITICAL - 2022-02-16 02:56:05 --> Call to a member function findAll() on null
#0 C:\wamp64\www\test_local-bio\app\Controllers\Shop.php(18): App\Models\Shop_model->findByCat('1')
#1 C:\wamp64\www\test_local-bio\system\CodeIgniter.php(825): App\Controllers\Shop->boutique('1')
#2 C:\wamp64\www\test_local-bio\system\CodeIgniter.php(412): CodeIgniter\CodeIgniter->runController(Object(App\Controllers\Shop))
#3 C:\wamp64\www\test_local-bio\system\CodeIgniter.php(320): CodeIgniter\CodeIgniter->handleRequest(NULL, Object(Config\Cache), false)
#4 C:\wamp64\www\test_local-bio\public\index.php(37): CodeIgniter\CodeIgniter->run()
#5 {main}
CRITICAL - 2022-02-16 02:56:47 --> Call to undefined method CodeIgniter\Database\MySQLi\Connection::findAll()
#0 C:\wamp64\www\test_local-bio\app\Controllers\Shop.php(18): App\Models\Shop_model->findByCat('1')
#1 C:\wamp64\www\test_local-bio\system\CodeIgniter.php(825): App\Controllers\Shop->boutique('1')
#2 C:\wamp64\www\test_local-bio\system\CodeIgniter.php(412): CodeIgniter\CodeIgniter->runController(Object(App\Controllers\Shop))
#3 C:\wamp64\www\test_local-bio\system\CodeIgniter.php(320): CodeIgniter\CodeIgniter->handleRequest(NULL, Object(Config\Cache), false)
#4 C:\wamp64\www\test_local-bio\public\index.php(37): CodeIgniter\CodeIgniter->run()
#5 {main}
CRITICAL - 2022-02-16 02:56:47 --> Call to undefined method CodeIgniter\Database\MySQLi\Connection::findAll()
#0 C:\wamp64\www\test_local-bio\app\Controllers\Shop.php(18): App\Models\Shop_model->findByCat('1')
#1 C:\wamp64\www\test_local-bio\system\CodeIgniter.php(825): App\Controllers\Shop->boutique('1')
#2 C:\wamp64\www\test_local-bio\system\CodeIgniter.php(412): CodeIgniter\CodeIgniter->runController(Object(App\Controllers\Shop))
#3 C:\wamp64\www\test_local-bio\system\CodeIgniter.php(320): CodeIgniter\CodeIgniter->handleRequest(NULL, Object(Config\Cache), false)
#4 C:\wamp64\www\test_local-bio\public\index.php(37): CodeIgniter\CodeIgniter->run()
#5 {main}
CRITICAL - 2022-02-16 02:56:47 --> Call to undefined method CodeIgniter\Database\MySQLi\Connection::findAll()
#0 C:\wamp64\www\test_local-bio\app\Controllers\Shop.php(18): App\Models\Shop_model->findByCat('1')
#1 C:\wamp64\www\test_local-bio\system\CodeIgniter.php(825): App\Controllers\Shop->boutique('1')
#2 C:\wamp64\www\test_local-bio\system\CodeIgniter.php(412): CodeIgniter\CodeIgniter->runController(Object(App\Controllers\Shop))
#3 C:\wamp64\www\test_local-bio\system\CodeIgniter.php(320): CodeIgniter\CodeIgniter->handleRequest(NULL, Object(Config\Cache), false)
#4 C:\wamp64\www\test_local-bio\public\index.php(37): CodeIgniter\CodeIgniter->run()
#5 {main}
CRITICAL - 2022-02-16 03:00:50 --> Undefined index: result
#0 C:\wamp64\www\test_local-bio\writable\cache\templates_c\4692e84d7b36496fd3060f5d6a94fd7c525f6d9e_0.file.accueil.tpl.php(276): CodeIgniter\Debug\Exceptions->errorHandler(8, 'Undefined index...', 'C:\\wamp64\\www\\t...', 276, Array)
#1 C:\wamp64\www\test_local-bio\app\smarty\libs\sysplugins\smarty_internal_runtime_inheritance.php(248): Block_35374710620cbd0a6eeee8_14140858->callBlock(Object(Smarty_Internal_Template))
#2 C:\wamp64\www\test_local-bio\app\smarty\libs\sysplugins\smarty_internal_runtime_inheritance.php(184): Smarty_Internal_Runtime_Inheritance->callBlock(Object(Block_35374710620cbd0a6eeee8_14140858), Object(Smarty_Internal_Template))
#3 C:\wamp64\www\test_local-bio\app\smarty\libs\sysplugins\smarty_internal_runtime_inheritance.php(186): Smarty_Internal_Runtime_Inheritance->process(Object(Smarty_Internal_Template), Object(Block_35374710620cbd0a6eeee8_14140858), Object(Block_1210445282620cb578eac604_34383537))
#4 C:\wamp64\www\test_local-bio\app\smarty\libs\sysplugins\smarty_internal_runtime_inheritance.php(156): Smarty_Internal_Runtime_Inheritance->process(Object(Smarty_Internal_Template), Object(Block_1210445282620cb578eac604_34383537))
#5 C:\wamp64\www\test_local-bio\writable\cache\templates_c\ab4d53053a0c5ff9acb28362b2cc3f06a05b1b30_0.file.layout.tpl.php(32): Smarty_Internal_Runtime_Inheritance->instanceBlock(Object(Smarty_Internal_Template), 'Block_121044528...', 'content')
#6 C:\wamp64\www\test_local-bio\app\smarty\libs\sysplugins\smarty_template_resource_base.php(123): content_620cb578eae593_75393078(Object(Smarty_Internal_Template))
#7 C:\wamp64\www\test_local-bio\app\smarty\libs\sysplugins\smarty_template_compiled.php(114): Smarty_Template_Resource_Base->getRenderedTemplateCode(Object(Smarty_Internal_Template))
#8 C:\wamp64\www\test_local-bio\app\smarty\libs\sysplugins\smarty_internal_template.php(216): Smarty_Template_Compiled->render(Object(Smarty_Internal_Template))
#9 C:\wamp64\www\test_local-bio\app\smarty\libs\sysplugins\smarty_internal_template.php(385): Smarty_Internal_Template->render()
#10 C:\wamp64\www\test_local-bio\app\smarty\libs\sysplugins\smarty_internal_runtime_inheritance.php(116): Smarty_Internal_Template->_subTemplateRender('layout.tpl', NULL, NULL, 0, 3600, Array, 2, false, NULL, NULL)
#11 C:\wamp64\www\test_local-bio\writable\cache\templates_c\4692e84d7b36496fd3060f5d6a94fd7c525f6d9e_0.file.accueil.tpl.php(37): Smarty_Internal_Runtime_Inheritance->endChild(Object(Smarty_Internal_Template), 'layout.tpl')
#12 C:\wamp64\www\test_local-bio\app\smarty\libs\sysplugins\smarty_template_resource_base.php(123): content_620cbd0a702f49_94458492(Object(Smarty_Internal_Template))
#13 C:\wamp64\www\test_local-bio\app\smarty\libs\sysplugins\smarty_template_compiled.php(114): Smarty_Template_Resource_Base->getRenderedTemplateCode(Object(Smarty_Internal_Template))
#14 C:\wamp64\www\test_local-bio\app\smarty\libs\sysplugins\smarty_internal_template.php(216): Smarty_Template_Compiled->render(Object(Smarty_Internal_Template))
#15 C:\wamp64\www\test_local-bio\app\smarty\libs\sysplugins\smarty_internal_templatebase.php(238): Smarty_Internal_Template->render(false, 1)
#16 C:\wamp64\www\test_local-bio\app\smarty\libs\sysplugins\smarty_internal_templatebase.php(134): Smarty_Internal_TemplateBase->_execute(Object(Smarty_Internal_Template), NULL, NULL, NULL, 1)
#17 C:\wamp64\www\test_local-bio\app\Controllers\BaseController.php(71): Smarty_Internal_TemplateBase->display('accueil.tpl')
#18 C:\wamp64\www\test_local-bio\app\Controllers\Pages.php(20): App\Controllers\BaseController->display('accueil.tpl')
#19 C:\wamp64\www\test_local-bio\system\CodeIgniter.php(825): App\Controllers\Pages->accueil()
#20 C:\wamp64\www\test_local-bio\system\CodeIgniter.php(412): CodeIgniter\CodeIgniter->runController(Object(App\Controllers\Pages))
#21 C:\wamp64\www\test_local-bio\system\CodeIgniter.php(320): CodeIgniter\CodeIgniter->handleRequest(NULL, Object(Config\Cache), false)
#22 C:\wamp64\www\test_local-bio\public\index.php(37): CodeIgniter\CodeIgniter->run()
#23 {main}
